<html>
<head>
<title>TestNG:  Package Exclude</title>
<link href="../testng.css" rel="stylesheet" type="text/css" />
<link href="../my-testng.css" rel="stylesheet" type="text/css" />

<style type="text/css">
.log { display: none;} 
.stack-trace { display: none;} 
</style>
<script type="text/javascript">
<!--
function flip(e) {
  current = e.style.display;
  if (current == 'block') {
    e.style.display = 'none';
    return 0;
  }
  else {
    e.style.display = 'block';
    return 1;
  }
}

function toggleBox(szDivId, elem, msg1, msg2)
{
  var res = -1;  if (document.getElementById) {
    res = flip(document.getElementById(szDivId));
  }
  else if (document.all) {
    // this is the way old msie versions work
    res = flip(document.all[szDivId]);
  }
  if(elem) {
    if(res == 0) elem.innerHTML = msg1; else elem.innerHTML = msg2;
  }

}

function toggleAllBoxes() {
  if (document.getElementsByTagName) {
    d = document.getElementsByTagName('div');
    for (i = 0; i < d.length; i++) {
      if (d[i].className == 'log') {
        flip(d[i]);
      }
    }
  }
}

// -->
</script>

</head>
<body>
<h2 align='center'>Package Exclude</h2><table border='1' align="center">
<tr>
<td>Tests passed/Failed/Skipped:</td><td>18/6/1</td>
</tr><tr>
<td>Started on:</td><td>Fri Feb 20 12:23:58 EST 2015</td>
</tr>
<tr><td>Total time:</td><td>25 seconds (25841 ms)</td>
</tr><tr>
<td>Included groups:</td><td></td>
</tr><tr>
<td>Excluded groups:</td><td></td>
</tr>
</table><p/>
<small><i>(Hover the method name to see the test class name)</i></small><p/>
<table width='100%' border='1' class='invocation-failed'>
<tr><td colspan='4' align='center'><b>FAILED CONFIGURATIONS</b></td></tr>
<tr><td><b>Test method</b></td>
<td width="30%"><b>Exception</b></td>
<td width="10%"><b>Time (seconds)</b></td>
<td><b>Instance</b></td>
</tr>
<tr>
<td title='TestNGThreePackage.ClassThree.setup()'><b>setup</b><br>Test class: TestNGThreePackage.ClassThree</td>
<td><div><pre>org.testng.TestNGException: 
Parameter &apos;browsers&apos; is required by @Configuration on method setup but has not been marked @Optional or defined
in /Cabinet/Workspace/selenium-3/testNG2.xml
... Removed 21 stack frames</pre></div><a href='#' onClick='toggleBox("stack-trace979724556", this, "Click to show all stack frames", "Click to hide stack frames")'>Click to show all stack frames</a>
<div class='stack-trace' id='stack-trace979724556'><pre>org.testng.TestNGException: 
Parameter &apos;browsers&apos; is required by @Configuration on method setup but has not been marked @Optional or defined
in /Cabinet/Workspace/selenium-3/testNG2.xml
	at org.testng.internal.Parameters.createParameters(Parameters.java:155)
	at org.testng.internal.Parameters.createParameters(Parameters.java:358)
	at org.testng.internal.Parameters.createConfigurationParameters(Parameters.java:86)
	at org.testng.internal.Invoker.invokeConfigurations(Invoker.java:199)
	at org.testng.internal.Invoker.invokeConfigurations(Invoker.java:138)
	at org.testng.internal.TestMethodWorker.invokeBeforeClassMethods(TestMethodWorker.java:175)
	at org.testng.internal.TestMethodWorker.run(TestMethodWorker.java:107)
	at org.testng.TestRunner.privateRun(TestRunner.java:767)
	at org.testng.TestRunner.run(TestRunner.java:617)
	at org.testng.SuiteRunner.runTest(SuiteRunner.java:334)
	at org.testng.SuiteRunner.runSequentially(SuiteRunner.java:329)
	at org.testng.SuiteRunner.privateRun(SuiteRunner.java:291)
	at org.testng.SuiteRunner.run(SuiteRunner.java:240)
	at org.testng.SuiteRunnerWorker.runSuite(SuiteRunnerWorker.java:52)
	at org.testng.SuiteRunnerWorker.run(SuiteRunnerWorker.java:86)
	at org.testng.TestNG.runSuitesSequentially(TestNG.java:1224)
	at org.testng.TestNG.runSuitesLocally(TestNG.java:1149)
	at org.testng.TestNG.run(TestNG.java:1057)
	at org.testng.remote.RemoteTestNG.run(RemoteTestNG.java:111)
	at org.testng.remote.RemoteTestNG.initAndRun(RemoteTestNG.java:204)
	at org.testng.remote.RemoteTestNG.main(RemoteTestNG.java:175)
</pre></div></td>
<td>0</td>
<td>TestNGThreePackage.ClassThree@4ed1102f</td></tr>
</table><p>
<table width='100%' border='1' class='invocation-skipped'>
<tr><td colspan='4' align='center'><b>SKIPPED CONFIGURATIONS</b></td></tr>
<tr><td><b>Test method</b></td>
<td width="30%"><b>Exception</b></td>
<td width="10%"><b>Time (seconds)</b></td>
<td><b>Instance</b></td>
</tr>
<tr>
<td title='TestNGOnePackage.AllAnnontations.closeBrowsers()'><b>closeBrowsers</b><br>Test class: TestNGOnePackage.AllAnnontations</td>
<td></td>
<td>0</td>
<td>null</td></tr>
<tr>
<td title='TestNGOnePackage.AllAnnontations.closeBrowser()'><b>closeBrowser</b><br>Test class: TestNGOnePackage.AllAnnontations</td>
<td></td>
<td>0</td>
<td>null</td></tr>
<tr>
<td title='TestNGOnePackage.AllAnnontations.closeBrowser()'><b>closeBrowser</b><br>Test class: TestNGOnePackage.AllAnnontations</td>
<td></td>
<td>0</td>
<td>null</td></tr>
<tr>
<td title='TestNGOnePackage.AllAnnontations.afterTest()'><b>afterTest</b><br>Test class: TestNGOnePackage.AllAnnontations</td>
<td></td>
<td>0</td>
<td>null</td></tr>
<tr>
<td title='TestNGOnePackage.AllAnnontations.afterTest()'><b>afterTest</b><br>Test class: TestNGOnePackage.AllAnnontations</td>
<td></td>
<td>0</td>
<td>null</td></tr>
</table><p>
<table width='100%' border='1' class='invocation-failed'>
<tr><td colspan='4' align='center'><b>FAILED TESTS</b></td></tr>
<tr><td><b>Test method</b></td>
<td width="30%"><b>Exception</b></td>
<td width="10%"><b>Time (seconds)</b></td>
<td><b>Instance</b></td>
</tr>
<tr>
<td title='TestNGTwoPackage.ClassOne.MethodOne()'><b>MethodOne</b><br>Test class: TestNGTwoPackage.ClassOne</td>
<td><div><pre>junit.framework.ComparisonFailure: expected:&lt;Amazon.com[]&gt; but was:&lt;Amazon.com[: Online Shopping for Electronics, Apparel, Computers, Books, DVDs &amp; more]&gt;
	at junit.framework.Assert.assertEquals(Assert.java:100)
	at junit.framework.Assert.assertEquals(Assert.java:107)
	at TestNGTwoPackage.ClassOne.MethodOne(ClassOne.java:26)
... Removed 24 stack frames</pre></div><a href='#' onClick='toggleBox("stack-trace1534484310", this, "Click to show all stack frames", "Click to hide stack frames")'>Click to show all stack frames</a>
<div class='stack-trace' id='stack-trace1534484310'><pre>junit.framework.ComparisonFailure: expected:&lt;Amazon.com[]&gt; but was:&lt;Amazon.com[: Online Shopping for Electronics, Apparel, Computers, Books, DVDs &amp; more]&gt;
	at junit.framework.Assert.assertEquals(Assert.java:100)
	at junit.framework.Assert.assertEquals(Assert.java:107)
	at TestNGTwoPackage.ClassOne.MethodOne(ClassOne.java:26)
	at sun.reflect.NativeMethodAccessorImpl.invoke0(Native Method)
	at sun.reflect.NativeMethodAccessorImpl.invoke(NativeMethodAccessorImpl.java:57)
	at sun.reflect.DelegatingMethodAccessorImpl.invoke(DelegatingMethodAccessorImpl.java:43)
	at java.lang.reflect.Method.invoke(Method.java:606)
	at org.testng.internal.MethodInvocationHelper.invokeMethod(MethodInvocationHelper.java:84)
	at org.testng.internal.Invoker.invokeMethod(Invoker.java:714)
	at org.testng.internal.Invoker.invokeTestMethod(Invoker.java:901)
	at org.testng.internal.Invoker.invokeTestMethods(Invoker.java:1231)
	at org.testng.internal.TestMethodWorker.invokeTestMethods(TestMethodWorker.java:127)
	at org.testng.internal.TestMethodWorker.run(TestMethodWorker.java:111)
	at org.testng.TestRunner.privateRun(TestRunner.java:767)
	at org.testng.TestRunner.run(TestRunner.java:617)
	at org.testng.SuiteRunner.runTest(SuiteRunner.java:334)
	at org.testng.SuiteRunner.runSequentially(SuiteRunner.java:329)
	at org.testng.SuiteRunner.privateRun(SuiteRunner.java:291)
	at org.testng.SuiteRunner.run(SuiteRunner.java:240)
	at org.testng.SuiteRunnerWorker.runSuite(SuiteRunnerWorker.java:52)
	at org.testng.SuiteRunnerWorker.run(SuiteRunnerWorker.java:86)
	at org.testng.TestNG.runSuitesSequentially(TestNG.java:1224)
	at org.testng.TestNG.runSuitesLocally(TestNG.java:1149)
	at org.testng.TestNG.run(TestNG.java:1057)
	at org.testng.remote.RemoteTestNG.run(RemoteTestNG.java:111)
	at org.testng.remote.RemoteTestNG.initAndRun(RemoteTestNG.java:204)
	at org.testng.remote.RemoteTestNG.main(RemoteTestNG.java:175)
</pre></div></td>
<td>3</td>
<td>TestNGTwoPackage.ClassOne@1259f252</td></tr>
<tr>
<td title='TestNGThreePackage.ClassOne.SkipTest()'><b>SkipTest</b><br>Test class: TestNGThreePackage.ClassOne</td>
<td><div><pre>org.openqa.selenium.NoSuchElementException: Unable to locate element: {&quot;method&quot;:&quot;name&quot;,&quot;selector&quot;:&quot;greenpeppers&quot;}
Command duration or timeout: 7 milliseconds
For documentation on this error, please visit: http://seleniumhq.org/exceptions/no_such_element.html
Build info: version: &apos;2.44.0&apos;, revision: &apos;76d78cf323ce037c5f92db6c1bba601c2ac43ad8&apos;, time: &apos;2014-10-23 13:11:40&apos;
System info: host: &apos;BDAVIS-MAC.local&apos;, ip: &apos;192.168.10.124&apos;, os.name: &apos;Mac OS X&apos;, os.arch: &apos;x86_64&apos;, os.version: &apos;10.10.2&apos;, java.version: &apos;1.7.0_71&apos;
Session ID: 335e72e4-0486-c243-9a60-112af933ce53
Driver info: org.openqa.selenium.firefox.FirefoxDriver
Capabilities [{platform=MAC, acceptSslCerts=true, javascriptEnabled=true, cssSelectorsEnabled=true, databaseEnabled=true, browserName=firefox, handlesAlerts=true, nativeEvents=false, webStorageEnabled=true, rotatable=false, locationContextEnabled=true, applicationCacheEnabled=true, takesScreenshot=true, version=32.0.3}]
	at org.openqa.selenium.remote.ErrorHandler.createThrowable(ErrorHandler.java:204)
	at org.openqa.selenium.remote.ErrorHandler.throwIfResponseFailed(ErrorHandler.java:156)
	at org.openqa.selenium.remote.RemoteWebDriver.execute(RemoteWebDriver.java:599)
	at org.openqa.selenium.remote.RemoteWebDriver.findElement(RemoteWebDriver.java:352)
	at org.openqa.selenium.remote.RemoteWebDriver.findElementByName(RemoteWebDriver.java:425)
	at org.openqa.selenium.By$ByName.findElement(By.java:299)
	at org.openqa.selenium.remote.RemoteWebDriver.findElement(RemoteWebDriver.java:344)
	at TestNGThreePackage.ClassOne.SkipTest(ClassOne.java:32)
Caused by: org.openqa.selenium.NoSuchElementException: Unable to locate element: {&quot;method&quot;:&quot;name&quot;,&quot;selector&quot;:&quot;greenpeppers&quot;}
For documentation on this error, please visit: http://seleniumhq.org/exceptions/no_such_element.html
Build info: version: &apos;2.44.0&apos;, revision: &apos;76d78cf323ce037c5f92db6c1bba601c2ac43ad8&apos;, time: &apos;2014-10-23 13:11:40&apos;
System info: host: &apos;BDAVIS-MAC.local&apos;, ip: &apos;192.168.10.124&apos;, os.name: &apos;Mac OS X&apos;, os.arch: &apos;x86_64&apos;, os.version: &apos;10.10.2&apos;, java.version: &apos;1.7.0_71&apos;
Driver info: driver.version: unknown
	at &lt;anonymous class&gt;.FirefoxDriver.prototype.findElementInternal_(file:///var/folders/ws/hb0qj1dx1vgc2dc3770lm0s1l61c2y/T/anonymous3563101903371875988webdriver-profile/extensions/fxdriver@googlecode.com/components/driver-component.js:9641:133)
	at &lt;anonymous class&gt;.FirefoxDriver.prototype.findElement(file:///var/folders/ws/hb0qj1dx1vgc2dc3770lm0s1l61c2y/T/anonymous3563101903371875988webdriver-profile/extensions/fxdriver@googlecode.com/components/driver-component.js:9650:3)
	at &lt;anonymous class&gt;.DelayedCommand.prototype.executeInternal_/h(file:///var/folders/ws/hb0qj1dx1vgc2dc3770lm0s1l61c2y/T/anonymous3563101903371875988webdriver-profile/extensions/fxdriver@googlecode.com/components/command-processor.js:11635:16)
	at &lt;anonymous class&gt;.DelayedCommand.prototype.executeInternal_(file:///var/folders/ws/hb0qj1dx1vgc2dc3770lm0s1l61c2y/T/anonymous3563101903371875988webdriver-profile/extensions/fxdriver@googlecode.com/components/command-processor.js:11640:7)
	at &lt;anonymous class&gt;.DelayedCommand.prototype.execute/&lt;(file:///var/folders/ws/hb0qj1dx1vgc2dc3770lm0s1l61c2y/T/anonymous3563101903371875988webdriver-profile/extensions/fxdriver@googlecode.com/components/command-processor.js:11582:5)
... Removed 28 stack frames</pre></div><a href='#' onClick='toggleBox("stack-trace451867471", this, "Click to show all stack frames", "Click to hide stack frames")'>Click to show all stack frames</a>
<div class='stack-trace' id='stack-trace451867471'><pre>org.openqa.selenium.NoSuchElementException: Unable to locate element: {&quot;method&quot;:&quot;name&quot;,&quot;selector&quot;:&quot;greenpeppers&quot;}
Command duration or timeout: 7 milliseconds
For documentation on this error, please visit: http://seleniumhq.org/exceptions/no_such_element.html
Build info: version: &apos;2.44.0&apos;, revision: &apos;76d78cf323ce037c5f92db6c1bba601c2ac43ad8&apos;, time: &apos;2014-10-23 13:11:40&apos;
System info: host: &apos;BDAVIS-MAC.local&apos;, ip: &apos;192.168.10.124&apos;, os.name: &apos;Mac OS X&apos;, os.arch: &apos;x86_64&apos;, os.version: &apos;10.10.2&apos;, java.version: &apos;1.7.0_71&apos;
Session ID: 335e72e4-0486-c243-9a60-112af933ce53
Driver info: org.openqa.selenium.firefox.FirefoxDriver
Capabilities [{platform=MAC, acceptSslCerts=true, javascriptEnabled=true, cssSelectorsEnabled=true, databaseEnabled=true, browserName=firefox, handlesAlerts=true, nativeEvents=false, webStorageEnabled=true, rotatable=false, locationContextEnabled=true, applicationCacheEnabled=true, takesScreenshot=true, version=32.0.3}]
	at sun.reflect.NativeConstructorAccessorImpl.newInstance0(Native Method)
	at sun.reflect.NativeConstructorAccessorImpl.newInstance(NativeConstructorAccessorImpl.java:57)
	at sun.reflect.DelegatingConstructorAccessorImpl.newInstance(DelegatingConstructorAccessorImpl.java:45)
	at java.lang.reflect.Constructor.newInstance(Constructor.java:526)
	at org.openqa.selenium.remote.ErrorHandler.createThrowable(ErrorHandler.java:204)
	at org.openqa.selenium.remote.ErrorHandler.throwIfResponseFailed(ErrorHandler.java:156)
	at org.openqa.selenium.remote.RemoteWebDriver.execute(RemoteWebDriver.java:599)
	at org.openqa.selenium.remote.RemoteWebDriver.findElement(RemoteWebDriver.java:352)
	at org.openqa.selenium.remote.RemoteWebDriver.findElementByName(RemoteWebDriver.java:425)
	at org.openqa.selenium.By$ByName.findElement(By.java:299)
	at org.openqa.selenium.remote.RemoteWebDriver.findElement(RemoteWebDriver.java:344)
	at TestNGThreePackage.ClassOne.SkipTest(ClassOne.java:32)
	at sun.reflect.NativeMethodAccessorImpl.invoke0(Native Method)
	at sun.reflect.NativeMethodAccessorImpl.invoke(NativeMethodAccessorImpl.java:57)
	at sun.reflect.DelegatingMethodAccessorImpl.invoke(DelegatingMethodAccessorImpl.java:43)
	at java.lang.reflect.Method.invoke(Method.java:606)
	at org.testng.internal.MethodInvocationHelper.invokeMethod(MethodInvocationHelper.java:84)
	at org.testng.internal.Invoker.invokeMethod(Invoker.java:714)
	at org.testng.internal.Invoker.invokeTestMethod(Invoker.java:901)
	at org.testng.internal.Invoker.invokeTestMethods(Invoker.java:1231)
	at org.testng.internal.TestMethodWorker.invokeTestMethods(TestMethodWorker.java:127)
	at org.testng.internal.TestMethodWorker.run(TestMethodWorker.java:111)
	at org.testng.TestRunner.privateRun(TestRunner.java:767)
	at org.testng.TestRunner.run(TestRunner.java:617)
	at org.testng.SuiteRunner.runTest(SuiteRunner.java:334)
	at org.testng.SuiteRunner.runSequentially(SuiteRunner.java:329)
	at org.testng.SuiteRunner.privateRun(SuiteRunner.java:291)
	at org.testng.SuiteRunner.run(SuiteRunner.java:240)
	at org.testng.SuiteRunnerWorker.runSuite(SuiteRunnerWorker.java:52)
	at org.testng.SuiteRunnerWorker.run(SuiteRunnerWorker.java:86)
	at org.testng.TestNG.runSuitesSequentially(TestNG.java:1224)
	at org.testng.TestNG.runSuitesLocally(TestNG.java:1149)
	at org.testng.TestNG.run(TestNG.java:1057)
	at org.testng.remote.RemoteTestNG.run(RemoteTestNG.java:111)
	at org.testng.remote.RemoteTestNG.initAndRun(RemoteTestNG.java:204)
	at org.testng.remote.RemoteTestNG.main(RemoteTestNG.java:175)
Caused by: org.openqa.selenium.NoSuchElementException: Unable to locate element: {&quot;method&quot;:&quot;name&quot;,&quot;selector&quot;:&quot;greenpeppers&quot;}
For documentation on this error, please visit: http://seleniumhq.org/exceptions/no_such_element.html
Build info: version: &apos;2.44.0&apos;, revision: &apos;76d78cf323ce037c5f92db6c1bba601c2ac43ad8&apos;, time: &apos;2014-10-23 13:11:40&apos;
System info: host: &apos;BDAVIS-MAC.local&apos;, ip: &apos;192.168.10.124&apos;, os.name: &apos;Mac OS X&apos;, os.arch: &apos;x86_64&apos;, os.version: &apos;10.10.2&apos;, java.version: &apos;1.7.0_71&apos;
Driver info: driver.version: unknown
	at &lt;anonymous class&gt;.FirefoxDriver.prototype.findElementInternal_(file:///var/folders/ws/hb0qj1dx1vgc2dc3770lm0s1l61c2y/T/anonymous3563101903371875988webdriver-profile/extensions/fxdriver@googlecode.com/components/driver-component.js:9641:133)
	at &lt;anonymous class&gt;.FirefoxDriver.prototype.findElement(file:///var/folders/ws/hb0qj1dx1vgc2dc3770lm0s1l61c2y/T/anonymous3563101903371875988webdriver-profile/extensions/fxdriver@googlecode.com/components/driver-component.js:9650:3)
	at &lt;anonymous class&gt;.DelayedCommand.prototype.executeInternal_/h(file:///var/folders/ws/hb0qj1dx1vgc2dc3770lm0s1l61c2y/T/anonymous3563101903371875988webdriver-profile/extensions/fxdriver@googlecode.com/components/command-processor.js:11635:16)
	at &lt;anonymous class&gt;.DelayedCommand.prototype.executeInternal_(file:///var/folders/ws/hb0qj1dx1vgc2dc3770lm0s1l61c2y/T/anonymous3563101903371875988webdriver-profile/extensions/fxdriver@googlecode.com/components/command-processor.js:11640:7)
	at &lt;anonymous class&gt;.DelayedCommand.prototype.execute/&lt;(file:///var/folders/ws/hb0qj1dx1vgc2dc3770lm0s1l61c2y/T/anonymous3563101903371875988webdriver-profile/extensions/fxdriver@googlecode.com/components/command-processor.js:11582:5)
</pre></div></td>
<td>0</td>
<td>TestNGThreePackage.ClassOne@2652ea59</td></tr>
<tr>
<td title='systest.net.saisoft.selenium.dataDriver_TestNG2.f()'><b>f</b><br>Test class: systest.net.saisoft.selenium.dataDriver_TestNG2<br>Parameters: first name, last name, email again, 13</td>
<td><div><pre>org.openqa.selenium.NoSuchElementException: Unable to locate element: {&quot;method&quot;:&quot;id&quot;,&quot;selector&quot;:&quot;firstName&quot;}
Command duration or timeout: 23 milliseconds
For documentation on this error, please visit: http://seleniumhq.org/exceptions/no_such_element.html
Build info: version: &apos;2.44.0&apos;, revision: &apos;76d78cf323ce037c5f92db6c1bba601c2ac43ad8&apos;, time: &apos;2014-10-23 13:11:40&apos;
System info: host: &apos;BDAVIS-MAC.local&apos;, ip: &apos;192.168.10.124&apos;, os.name: &apos;Mac OS X&apos;, os.arch: &apos;x86_64&apos;, os.version: &apos;10.10.2&apos;, java.version: &apos;1.7.0_71&apos;
Session ID: de9a4c92-bb8f-4e42-b434-2b8ffbd59f40
Driver info: org.openqa.selenium.firefox.FirefoxDriver
Capabilities [{platform=MAC, acceptSslCerts=true, javascriptEnabled=true, cssSelectorsEnabled=true, databaseEnabled=true, browserName=firefox, handlesAlerts=true, nativeEvents=false, webStorageEnabled=true, rotatable=false, locationContextEnabled=true, applicationCacheEnabled=true, takesScreenshot=true, version=32.0.3}]
	at org.openqa.selenium.remote.ErrorHandler.createThrowable(ErrorHandler.java:204)
	at org.openqa.selenium.remote.ErrorHandler.throwIfResponseFailed(ErrorHandler.java:156)
	at org.openqa.selenium.remote.RemoteWebDriver.execute(RemoteWebDriver.java:599)
	at org.openqa.selenium.remote.RemoteWebDriver.findElement(RemoteWebDriver.java:352)
	at org.openqa.selenium.remote.RemoteWebDriver.findElementById(RemoteWebDriver.java:393)
	at org.openqa.selenium.By$ById.findElement(By.java:214)
	at org.openqa.selenium.remote.RemoteWebDriver.findElement(RemoteWebDriver.java:344)
	at systest.net.saisoft.selenium.dataDriver_TestNG2.f(dataDriver_TestNG2.java:17)
Caused by: org.openqa.selenium.NoSuchElementException: Unable to locate element: {&quot;method&quot;:&quot;id&quot;,&quot;selector&quot;:&quot;firstName&quot;}
For documentation on this error, please visit: http://seleniumhq.org/exceptions/no_such_element.html
Build info: version: &apos;2.44.0&apos;, revision: &apos;76d78cf323ce037c5f92db6c1bba601c2ac43ad8&apos;, time: &apos;2014-10-23 13:11:40&apos;
System info: host: &apos;BDAVIS-MAC.local&apos;, ip: &apos;192.168.10.124&apos;, os.name: &apos;Mac OS X&apos;, os.arch: &apos;x86_64&apos;, os.version: &apos;10.10.2&apos;, java.version: &apos;1.7.0_71&apos;
Driver info: driver.version: unknown
	at &lt;anonymous class&gt;.FirefoxDriver.prototype.findElementInternal_(file:///var/folders/ws/hb0qj1dx1vgc2dc3770lm0s1l61c2y/T/anonymous6886366010274487201webdriver-profile/extensions/fxdriver@googlecode.com/components/driver-component.js:9641:133)
	at &lt;anonymous class&gt;.FirefoxDriver.prototype.findElement(file:///var/folders/ws/hb0qj1dx1vgc2dc3770lm0s1l61c2y/T/anonymous6886366010274487201webdriver-profile/extensions/fxdriver@googlecode.com/components/driver-component.js:9650:3)
	at &lt;anonymous class&gt;.DelayedCommand.prototype.executeInternal_/h(file:///var/folders/ws/hb0qj1dx1vgc2dc3770lm0s1l61c2y/T/anonymous6886366010274487201webdriver-profile/extensions/fxdriver@googlecode.com/components/command-processor.js:11635:16)
	at &lt;anonymous class&gt;.DelayedCommand.prototype.executeInternal_(file:///var/folders/ws/hb0qj1dx1vgc2dc3770lm0s1l61c2y/T/anonymous6886366010274487201webdriver-profile/extensions/fxdriver@googlecode.com/components/command-processor.js:11640:7)
	at &lt;anonymous class&gt;.DelayedCommand.prototype.execute/&lt;(file:///var/folders/ws/hb0qj1dx1vgc2dc3770lm0s1l61c2y/T/anonymous6886366010274487201webdriver-profile/extensions/fxdriver@googlecode.com/components/command-processor.js:11582:5)
... Removed 28 stack frames</pre></div><a href='#' onClick='toggleBox("stack-trace1428033134", this, "Click to show all stack frames", "Click to hide stack frames")'>Click to show all stack frames</a>
<div class='stack-trace' id='stack-trace1428033134'><pre>org.openqa.selenium.NoSuchElementException: Unable to locate element: {&quot;method&quot;:&quot;id&quot;,&quot;selector&quot;:&quot;firstName&quot;}
Command duration or timeout: 23 milliseconds
For documentation on this error, please visit: http://seleniumhq.org/exceptions/no_such_element.html
Build info: version: &apos;2.44.0&apos;, revision: &apos;76d78cf323ce037c5f92db6c1bba601c2ac43ad8&apos;, time: &apos;2014-10-23 13:11:40&apos;
System info: host: &apos;BDAVIS-MAC.local&apos;, ip: &apos;192.168.10.124&apos;, os.name: &apos;Mac OS X&apos;, os.arch: &apos;x86_64&apos;, os.version: &apos;10.10.2&apos;, java.version: &apos;1.7.0_71&apos;
Session ID: de9a4c92-bb8f-4e42-b434-2b8ffbd59f40
Driver info: org.openqa.selenium.firefox.FirefoxDriver
Capabilities [{platform=MAC, acceptSslCerts=true, javascriptEnabled=true, cssSelectorsEnabled=true, databaseEnabled=true, browserName=firefox, handlesAlerts=true, nativeEvents=false, webStorageEnabled=true, rotatable=false, locationContextEnabled=true, applicationCacheEnabled=true, takesScreenshot=true, version=32.0.3}]
	at sun.reflect.NativeConstructorAccessorImpl.newInstance0(Native Method)
	at sun.reflect.NativeConstructorAccessorImpl.newInstance(NativeConstructorAccessorImpl.java:57)
	at sun.reflect.DelegatingConstructorAccessorImpl.newInstance(DelegatingConstructorAccessorImpl.java:45)
	at java.lang.reflect.Constructor.newInstance(Constructor.java:526)
	at org.openqa.selenium.remote.ErrorHandler.createThrowable(ErrorHandler.java:204)
	at org.openqa.selenium.remote.ErrorHandler.throwIfResponseFailed(ErrorHandler.java:156)
	at org.openqa.selenium.remote.RemoteWebDriver.execute(RemoteWebDriver.java:599)
	at org.openqa.selenium.remote.RemoteWebDriver.findElement(RemoteWebDriver.java:352)
	at org.openqa.selenium.remote.RemoteWebDriver.findElementById(RemoteWebDriver.java:393)
	at org.openqa.selenium.By$ById.findElement(By.java:214)
	at org.openqa.selenium.remote.RemoteWebDriver.findElement(RemoteWebDriver.java:344)
	at systest.net.saisoft.selenium.dataDriver_TestNG2.f(dataDriver_TestNG2.java:17)
	at sun.reflect.NativeMethodAccessorImpl.invoke0(Native Method)
	at sun.reflect.NativeMethodAccessorImpl.invoke(NativeMethodAccessorImpl.java:57)
	at sun.reflect.DelegatingMethodAccessorImpl.invoke(DelegatingMethodAccessorImpl.java:43)
	at java.lang.reflect.Method.invoke(Method.java:606)
	at org.testng.internal.MethodInvocationHelper.invokeMethod(MethodInvocationHelper.java:84)
	at org.testng.internal.Invoker.invokeMethod(Invoker.java:714)
	at org.testng.internal.Invoker.invokeTestMethod(Invoker.java:901)
	at org.testng.internal.Invoker.invokeTestMethods(Invoker.java:1231)
	at org.testng.internal.TestMethodWorker.invokeTestMethods(TestMethodWorker.java:127)
	at org.testng.internal.TestMethodWorker.run(TestMethodWorker.java:111)
	at org.testng.TestRunner.privateRun(TestRunner.java:767)
	at org.testng.TestRunner.run(TestRunner.java:617)
	at org.testng.SuiteRunner.runTest(SuiteRunner.java:334)
	at org.testng.SuiteRunner.runSequentially(SuiteRunner.java:329)
	at org.testng.SuiteRunner.privateRun(SuiteRunner.java:291)
	at org.testng.SuiteRunner.run(SuiteRunner.java:240)
	at org.testng.SuiteRunnerWorker.runSuite(SuiteRunnerWorker.java:52)
	at org.testng.SuiteRunnerWorker.run(SuiteRunnerWorker.java:86)
	at org.testng.TestNG.runSuitesSequentially(TestNG.java:1224)
	at org.testng.TestNG.runSuitesLocally(TestNG.java:1149)
	at org.testng.TestNG.run(TestNG.java:1057)
	at org.testng.remote.RemoteTestNG.run(RemoteTestNG.java:111)
	at org.testng.remote.RemoteTestNG.initAndRun(RemoteTestNG.java:204)
	at org.testng.remote.RemoteTestNG.main(RemoteTestNG.java:175)
Caused by: org.openqa.selenium.NoSuchElementException: Unable to locate element: {&quot;method&quot;:&quot;id&quot;,&quot;selector&quot;:&quot;firstName&quot;}
For documentation on this error, please visit: http://seleniumhq.org/exceptions/no_such_element.html
Build info: version: &apos;2.44.0&apos;, revision: &apos;76d78cf323ce037c5f92db6c1bba601c2ac43ad8&apos;, time: &apos;2014-10-23 13:11:40&apos;
System info: host: &apos;BDAVIS-MAC.local&apos;, ip: &apos;192.168.10.124&apos;, os.name: &apos;Mac OS X&apos;, os.arch: &apos;x86_64&apos;, os.version: &apos;10.10.2&apos;, java.version: &apos;1.7.0_71&apos;
Driver info: driver.version: unknown
	at &lt;anonymous class&gt;.FirefoxDriver.prototype.findElementInternal_(file:///var/folders/ws/hb0qj1dx1vgc2dc3770lm0s1l61c2y/T/anonymous6886366010274487201webdriver-profile/extensions/fxdriver@googlecode.com/components/driver-component.js:9641:133)
	at &lt;anonymous class&gt;.FirefoxDriver.prototype.findElement(file:///var/folders/ws/hb0qj1dx1vgc2dc3770lm0s1l61c2y/T/anonymous6886366010274487201webdriver-profile/extensions/fxdriver@googlecode.com/components/driver-component.js:9650:3)
	at &lt;anonymous class&gt;.DelayedCommand.prototype.executeInternal_/h(file:///var/folders/ws/hb0qj1dx1vgc2dc3770lm0s1l61c2y/T/anonymous6886366010274487201webdriver-profile/extensions/fxdriver@googlecode.com/components/command-processor.js:11635:16)
	at &lt;anonymous class&gt;.DelayedCommand.prototype.executeInternal_(file:///var/folders/ws/hb0qj1dx1vgc2dc3770lm0s1l61c2y/T/anonymous6886366010274487201webdriver-profile/extensions/fxdriver@googlecode.com/components/command-processor.js:11640:7)
	at &lt;anonymous class&gt;.DelayedCommand.prototype.execute/&lt;(file:///var/folders/ws/hb0qj1dx1vgc2dc3770lm0s1l61c2y/T/anonymous6886366010274487201webdriver-profile/extensions/fxdriver@googlecode.com/components/command-processor.js:11582:5)
</pre></div></td>
<td>1</td>
<td>systest.net.saisoft.selenium.dataDriver_TestNG2@d978cb7</td></tr>
<tr>
<td title='systest.net.saisoft.selenium.dataDriver_TestNG2.f()'><b>f</b><br>Test class: systest.net.saisoft.selenium.dataDriver_TestNG2<br>Parameters: first name again, last name again, email second, 15</td>
<td><div><pre>org.openqa.selenium.NoSuchElementException: Unable to locate element: {&quot;method&quot;:&quot;id&quot;,&quot;selector&quot;:&quot;firstName&quot;}
Command duration or timeout: 22 milliseconds
For documentation on this error, please visit: http://seleniumhq.org/exceptions/no_such_element.html
Build info: version: &apos;2.44.0&apos;, revision: &apos;76d78cf323ce037c5f92db6c1bba601c2ac43ad8&apos;, time: &apos;2014-10-23 13:11:40&apos;
System info: host: &apos;BDAVIS-MAC.local&apos;, ip: &apos;192.168.10.124&apos;, os.name: &apos;Mac OS X&apos;, os.arch: &apos;x86_64&apos;, os.version: &apos;10.10.2&apos;, java.version: &apos;1.7.0_71&apos;
Session ID: d3bd570a-4e09-6045-ad9a-4338d81043ed
Driver info: org.openqa.selenium.firefox.FirefoxDriver
Capabilities [{platform=MAC, acceptSslCerts=true, javascriptEnabled=true, cssSelectorsEnabled=true, databaseEnabled=true, browserName=firefox, handlesAlerts=true, nativeEvents=false, webStorageEnabled=true, rotatable=false, locationContextEnabled=true, applicationCacheEnabled=true, takesScreenshot=true, version=32.0.3}]
	at org.openqa.selenium.remote.ErrorHandler.createThrowable(ErrorHandler.java:204)
	at org.openqa.selenium.remote.ErrorHandler.throwIfResponseFailed(ErrorHandler.java:156)
	at org.openqa.selenium.remote.RemoteWebDriver.execute(RemoteWebDriver.java:599)
	at org.openqa.selenium.remote.RemoteWebDriver.findElement(RemoteWebDriver.java:352)
	at org.openqa.selenium.remote.RemoteWebDriver.findElementById(RemoteWebDriver.java:393)
	at org.openqa.selenium.By$ById.findElement(By.java:214)
	at org.openqa.selenium.remote.RemoteWebDriver.findElement(RemoteWebDriver.java:344)
	at systest.net.saisoft.selenium.dataDriver_TestNG2.f(dataDriver_TestNG2.java:17)
Caused by: org.openqa.selenium.NoSuchElementException: Unable to locate element: {&quot;method&quot;:&quot;id&quot;,&quot;selector&quot;:&quot;firstName&quot;}
For documentation on this error, please visit: http://seleniumhq.org/exceptions/no_such_element.html
Build info: version: &apos;2.44.0&apos;, revision: &apos;76d78cf323ce037c5f92db6c1bba601c2ac43ad8&apos;, time: &apos;2014-10-23 13:11:40&apos;
System info: host: &apos;BDAVIS-MAC.local&apos;, ip: &apos;192.168.10.124&apos;, os.name: &apos;Mac OS X&apos;, os.arch: &apos;x86_64&apos;, os.version: &apos;10.10.2&apos;, java.version: &apos;1.7.0_71&apos;
Driver info: driver.version: unknown
	at &lt;anonymous class&gt;.FirefoxDriver.prototype.findElementInternal_(file:///var/folders/ws/hb0qj1dx1vgc2dc3770lm0s1l61c2y/T/anonymous9200678269044907360webdriver-profile/extensions/fxdriver@googlecode.com/components/driver-component.js:9641:133)
	at &lt;anonymous class&gt;.FirefoxDriver.prototype.findElement(file:///var/folders/ws/hb0qj1dx1vgc2dc3770lm0s1l61c2y/T/anonymous9200678269044907360webdriver-profile/extensions/fxdriver@googlecode.com/components/driver-component.js:9650:3)
	at &lt;anonymous class&gt;.DelayedCommand.prototype.executeInternal_/h(file:///var/folders/ws/hb0qj1dx1vgc2dc3770lm0s1l61c2y/T/anonymous9200678269044907360webdriver-profile/extensions/fxdriver@googlecode.com/components/command-processor.js:11635:16)
	at &lt;anonymous class&gt;.DelayedCommand.prototype.executeInternal_(file:///var/folders/ws/hb0qj1dx1vgc2dc3770lm0s1l61c2y/T/anonymous9200678269044907360webdriver-profile/extensions/fxdriver@googlecode.com/components/command-processor.js:11640:7)
	at &lt;anonymous class&gt;.DelayedCommand.prototype.execute/&lt;(file:///var/folders/ws/hb0qj1dx1vgc2dc3770lm0s1l61c2y/T/anonymous9200678269044907360webdriver-profile/extensions/fxdriver@googlecode.com/components/command-processor.js:11582:5)
... Removed 28 stack frames</pre></div><a href='#' onClick='toggleBox("stack-trace1822361802", this, "Click to show all stack frames", "Click to hide stack frames")'>Click to show all stack frames</a>
<div class='stack-trace' id='stack-trace1822361802'><pre>org.openqa.selenium.NoSuchElementException: Unable to locate element: {&quot;method&quot;:&quot;id&quot;,&quot;selector&quot;:&quot;firstName&quot;}
Command duration or timeout: 22 milliseconds
For documentation on this error, please visit: http://seleniumhq.org/exceptions/no_such_element.html
Build info: version: &apos;2.44.0&apos;, revision: &apos;76d78cf323ce037c5f92db6c1bba601c2ac43ad8&apos;, time: &apos;2014-10-23 13:11:40&apos;
System info: host: &apos;BDAVIS-MAC.local&apos;, ip: &apos;192.168.10.124&apos;, os.name: &apos;Mac OS X&apos;, os.arch: &apos;x86_64&apos;, os.version: &apos;10.10.2&apos;, java.version: &apos;1.7.0_71&apos;
Session ID: d3bd570a-4e09-6045-ad9a-4338d81043ed
Driver info: org.openqa.selenium.firefox.FirefoxDriver
Capabilities [{platform=MAC, acceptSslCerts=true, javascriptEnabled=true, cssSelectorsEnabled=true, databaseEnabled=true, browserName=firefox, handlesAlerts=true, nativeEvents=false, webStorageEnabled=true, rotatable=false, locationContextEnabled=true, applicationCacheEnabled=true, takesScreenshot=true, version=32.0.3}]
	at sun.reflect.NativeConstructorAccessorImpl.newInstance0(Native Method)
	at sun.reflect.NativeConstructorAccessorImpl.newInstance(NativeConstructorAccessorImpl.java:57)
	at sun.reflect.DelegatingConstructorAccessorImpl.newInstance(DelegatingConstructorAccessorImpl.java:45)
	at java.lang.reflect.Constructor.newInstance(Constructor.java:526)
	at org.openqa.selenium.remote.ErrorHandler.createThrowable(ErrorHandler.java:204)
	at org.openqa.selenium.remote.ErrorHandler.throwIfResponseFailed(ErrorHandler.java:156)
	at org.openqa.selenium.remote.RemoteWebDriver.execute(RemoteWebDriver.java:599)
	at org.openqa.selenium.remote.RemoteWebDriver.findElement(RemoteWebDriver.java:352)
	at org.openqa.selenium.remote.RemoteWebDriver.findElementById(RemoteWebDriver.java:393)
	at org.openqa.selenium.By$ById.findElement(By.java:214)
	at org.openqa.selenium.remote.RemoteWebDriver.findElement(RemoteWebDriver.java:344)
	at systest.net.saisoft.selenium.dataDriver_TestNG2.f(dataDriver_TestNG2.java:17)
	at sun.reflect.NativeMethodAccessorImpl.invoke0(Native Method)
	at sun.reflect.NativeMethodAccessorImpl.invoke(NativeMethodAccessorImpl.java:57)
	at sun.reflect.DelegatingMethodAccessorImpl.invoke(DelegatingMethodAccessorImpl.java:43)
	at java.lang.reflect.Method.invoke(Method.java:606)
	at org.testng.internal.MethodInvocationHelper.invokeMethod(MethodInvocationHelper.java:84)
	at org.testng.internal.Invoker.invokeMethod(Invoker.java:714)
	at org.testng.internal.Invoker.invokeTestMethod(Invoker.java:901)
	at org.testng.internal.Invoker.invokeTestMethods(Invoker.java:1231)
	at org.testng.internal.TestMethodWorker.invokeTestMethods(TestMethodWorker.java:127)
	at org.testng.internal.TestMethodWorker.run(TestMethodWorker.java:111)
	at org.testng.TestRunner.privateRun(TestRunner.java:767)
	at org.testng.TestRunner.run(TestRunner.java:617)
	at org.testng.SuiteRunner.runTest(SuiteRunner.java:334)
	at org.testng.SuiteRunner.runSequentially(SuiteRunner.java:329)
	at org.testng.SuiteRunner.privateRun(SuiteRunner.java:291)
	at org.testng.SuiteRunner.run(SuiteRunner.java:240)
	at org.testng.SuiteRunnerWorker.runSuite(SuiteRunnerWorker.java:52)
	at org.testng.SuiteRunnerWorker.run(SuiteRunnerWorker.java:86)
	at org.testng.TestNG.runSuitesSequentially(TestNG.java:1224)
	at org.testng.TestNG.runSuitesLocally(TestNG.java:1149)
	at org.testng.TestNG.run(TestNG.java:1057)
	at org.testng.remote.RemoteTestNG.run(RemoteTestNG.java:111)
	at org.testng.remote.RemoteTestNG.initAndRun(RemoteTestNG.java:204)
	at org.testng.remote.RemoteTestNG.main(RemoteTestNG.java:175)
Caused by: org.openqa.selenium.NoSuchElementException: Unable to locate element: {&quot;method&quot;:&quot;id&quot;,&quot;selector&quot;:&quot;firstName&quot;}
For documentation on this error, please visit: http://seleniumhq.org/exceptions/no_such_element.html
Build info: version: &apos;2.44.0&apos;, revision: &apos;76d78cf323ce037c5f92db6c1bba601c2ac43ad8&apos;, time: &apos;2014-10-23 13:11:40&apos;
System info: host: &apos;BDAVIS-MAC.local&apos;, ip: &apos;192.168.10.124&apos;, os.name: &apos;Mac OS X&apos;, os.arch: &apos;x86_64&apos;, os.version: &apos;10.10.2&apos;, java.version: &apos;1.7.0_71&apos;
Driver info: driver.version: unknown
	at &lt;anonymous class&gt;.FirefoxDriver.prototype.findElementInternal_(file:///var/folders/ws/hb0qj1dx1vgc2dc3770lm0s1l61c2y/T/anonymous9200678269044907360webdriver-profile/extensions/fxdriver@googlecode.com/components/driver-component.js:9641:133)
	at &lt;anonymous class&gt;.FirefoxDriver.prototype.findElement(file:///var/folders/ws/hb0qj1dx1vgc2dc3770lm0s1l61c2y/T/anonymous9200678269044907360webdriver-profile/extensions/fxdriver@googlecode.com/components/driver-component.js:9650:3)
	at &lt;anonymous class&gt;.DelayedCommand.prototype.executeInternal_/h(file:///var/folders/ws/hb0qj1dx1vgc2dc3770lm0s1l61c2y/T/anonymous9200678269044907360webdriver-profile/extensions/fxdriver@googlecode.com/components/command-processor.js:11635:16)
	at &lt;anonymous class&gt;.DelayedCommand.prototype.executeInternal_(file:///var/folders/ws/hb0qj1dx1vgc2dc3770lm0s1l61c2y/T/anonymous9200678269044907360webdriver-profile/extensions/fxdriver@googlecode.com/components/command-processor.js:11640:7)
	at &lt;anonymous class&gt;.DelayedCommand.prototype.execute/&lt;(file:///var/folders/ws/hb0qj1dx1vgc2dc3770lm0s1l61c2y/T/anonymous9200678269044907360webdriver-profile/extensions/fxdriver@googlecode.com/components/command-processor.js:11582:5)
</pre></div></td>
<td>1</td>
<td>systest.net.saisoft.selenium.dataDriver_TestNG2@d978cb7</td></tr>
<tr>
<td title='systest.net.saisoft.selenium.dataDriver_TestNG3.f()'><b>f</b><br>Test class: systest.net.saisoft.selenium.dataDriver_TestNG3<br>Parameters: first name, last name, email again, 13</td>
<td><div><pre>org.openqa.selenium.NoSuchElementException: Unable to locate element: {&quot;method&quot;:&quot;id&quot;,&quot;selector&quot;:&quot;firstName&quot;}
Command duration or timeout: 21 milliseconds
For documentation on this error, please visit: http://seleniumhq.org/exceptions/no_such_element.html
Build info: version: &apos;2.44.0&apos;, revision: &apos;76d78cf323ce037c5f92db6c1bba601c2ac43ad8&apos;, time: &apos;2014-10-23 13:11:40&apos;
System info: host: &apos;BDAVIS-MAC.local&apos;, ip: &apos;192.168.10.124&apos;, os.name: &apos;Mac OS X&apos;, os.arch: &apos;x86_64&apos;, os.version: &apos;10.10.2&apos;, java.version: &apos;1.7.0_71&apos;
Session ID: 62e73628-98a5-d347-8cf5-e355c56b3574
Driver info: org.openqa.selenium.firefox.FirefoxDriver
Capabilities [{platform=MAC, acceptSslCerts=true, javascriptEnabled=true, cssSelectorsEnabled=true, databaseEnabled=true, browserName=firefox, handlesAlerts=true, nativeEvents=false, webStorageEnabled=true, rotatable=false, locationContextEnabled=true, applicationCacheEnabled=true, takesScreenshot=true, version=32.0.3}]
	at org.openqa.selenium.remote.ErrorHandler.createThrowable(ErrorHandler.java:204)
	at org.openqa.selenium.remote.ErrorHandler.throwIfResponseFailed(ErrorHandler.java:156)
	at org.openqa.selenium.remote.RemoteWebDriver.execute(RemoteWebDriver.java:599)
	at org.openqa.selenium.remote.RemoteWebDriver.findElement(RemoteWebDriver.java:352)
	at org.openqa.selenium.remote.RemoteWebDriver.findElementById(RemoteWebDriver.java:393)
	at org.openqa.selenium.By$ById.findElement(By.java:214)
	at org.openqa.selenium.remote.RemoteWebDriver.findElement(RemoteWebDriver.java:344)
	at systest.net.saisoft.selenium.dataDriver_TestNG3.f(dataDriver_TestNG3.java:16)
Caused by: org.openqa.selenium.NoSuchElementException: Unable to locate element: {&quot;method&quot;:&quot;id&quot;,&quot;selector&quot;:&quot;firstName&quot;}
For documentation on this error, please visit: http://seleniumhq.org/exceptions/no_such_element.html
Build info: version: &apos;2.44.0&apos;, revision: &apos;76d78cf323ce037c5f92db6c1bba601c2ac43ad8&apos;, time: &apos;2014-10-23 13:11:40&apos;
System info: host: &apos;BDAVIS-MAC.local&apos;, ip: &apos;192.168.10.124&apos;, os.name: &apos;Mac OS X&apos;, os.arch: &apos;x86_64&apos;, os.version: &apos;10.10.2&apos;, java.version: &apos;1.7.0_71&apos;
Driver info: driver.version: unknown
	at &lt;anonymous class&gt;.FirefoxDriver.prototype.findElementInternal_(file:///var/folders/ws/hb0qj1dx1vgc2dc3770lm0s1l61c2y/T/anonymous490463221402029535webdriver-profile/extensions/fxdriver@googlecode.com/components/driver-component.js:9641:133)
	at &lt;anonymous class&gt;.FirefoxDriver.prototype.findElement(file:///var/folders/ws/hb0qj1dx1vgc2dc3770lm0s1l61c2y/T/anonymous490463221402029535webdriver-profile/extensions/fxdriver@googlecode.com/components/driver-component.js:9650:3)
	at &lt;anonymous class&gt;.DelayedCommand.prototype.executeInternal_/h(file:///var/folders/ws/hb0qj1dx1vgc2dc3770lm0s1l61c2y/T/anonymous490463221402029535webdriver-profile/extensions/fxdriver@googlecode.com/components/command-processor.js:11635:16)
	at &lt;anonymous class&gt;.DelayedCommand.prototype.executeInternal_(file:///var/folders/ws/hb0qj1dx1vgc2dc3770lm0s1l61c2y/T/anonymous490463221402029535webdriver-profile/extensions/fxdriver@googlecode.com/components/command-processor.js:11640:7)
	at &lt;anonymous class&gt;.DelayedCommand.prototype.execute/&lt;(file:///var/folders/ws/hb0qj1dx1vgc2dc3770lm0s1l61c2y/T/anonymous490463221402029535webdriver-profile/extensions/fxdriver@googlecode.com/components/command-processor.js:11582:5)
... Removed 28 stack frames</pre></div><a href='#' onClick='toggleBox("stack-trace1707536413", this, "Click to show all stack frames", "Click to hide stack frames")'>Click to show all stack frames</a>
<div class='stack-trace' id='stack-trace1707536413'><pre>org.openqa.selenium.NoSuchElementException: Unable to locate element: {&quot;method&quot;:&quot;id&quot;,&quot;selector&quot;:&quot;firstName&quot;}
Command duration or timeout: 21 milliseconds
For documentation on this error, please visit: http://seleniumhq.org/exceptions/no_such_element.html
Build info: version: &apos;2.44.0&apos;, revision: &apos;76d78cf323ce037c5f92db6c1bba601c2ac43ad8&apos;, time: &apos;2014-10-23 13:11:40&apos;
System info: host: &apos;BDAVIS-MAC.local&apos;, ip: &apos;192.168.10.124&apos;, os.name: &apos;Mac OS X&apos;, os.arch: &apos;x86_64&apos;, os.version: &apos;10.10.2&apos;, java.version: &apos;1.7.0_71&apos;
Session ID: 62e73628-98a5-d347-8cf5-e355c56b3574
Driver info: org.openqa.selenium.firefox.FirefoxDriver
Capabilities [{platform=MAC, acceptSslCerts=true, javascriptEnabled=true, cssSelectorsEnabled=true, databaseEnabled=true, browserName=firefox, handlesAlerts=true, nativeEvents=false, webStorageEnabled=true, rotatable=false, locationContextEnabled=true, applicationCacheEnabled=true, takesScreenshot=true, version=32.0.3}]
	at sun.reflect.NativeConstructorAccessorImpl.newInstance0(Native Method)
	at sun.reflect.NativeConstructorAccessorImpl.newInstance(NativeConstructorAccessorImpl.java:57)
	at sun.reflect.DelegatingConstructorAccessorImpl.newInstance(DelegatingConstructorAccessorImpl.java:45)
	at java.lang.reflect.Constructor.newInstance(Constructor.java:526)
	at org.openqa.selenium.remote.ErrorHandler.createThrowable(ErrorHandler.java:204)
	at org.openqa.selenium.remote.ErrorHandler.throwIfResponseFailed(ErrorHandler.java:156)
	at org.openqa.selenium.remote.RemoteWebDriver.execute(RemoteWebDriver.java:599)
	at org.openqa.selenium.remote.RemoteWebDriver.findElement(RemoteWebDriver.java:352)
	at org.openqa.selenium.remote.RemoteWebDriver.findElementById(RemoteWebDriver.java:393)
	at org.openqa.selenium.By$ById.findElement(By.java:214)
	at org.openqa.selenium.remote.RemoteWebDriver.findElement(RemoteWebDriver.java:344)
	at systest.net.saisoft.selenium.dataDriver_TestNG3.f(dataDriver_TestNG3.java:16)
	at sun.reflect.NativeMethodAccessorImpl.invoke0(Native Method)
	at sun.reflect.NativeMethodAccessorImpl.invoke(NativeMethodAccessorImpl.java:57)
	at sun.reflect.DelegatingMethodAccessorImpl.invoke(DelegatingMethodAccessorImpl.java:43)
	at java.lang.reflect.Method.invoke(Method.java:606)
	at org.testng.internal.MethodInvocationHelper.invokeMethod(MethodInvocationHelper.java:84)
	at org.testng.internal.Invoker.invokeMethod(Invoker.java:714)
	at org.testng.internal.Invoker.invokeTestMethod(Invoker.java:901)
	at org.testng.internal.Invoker.invokeTestMethods(Invoker.java:1231)
	at org.testng.internal.TestMethodWorker.invokeTestMethods(TestMethodWorker.java:127)
	at org.testng.internal.TestMethodWorker.run(TestMethodWorker.java:111)
	at org.testng.TestRunner.privateRun(TestRunner.java:767)
	at org.testng.TestRunner.run(TestRunner.java:617)
	at org.testng.SuiteRunner.runTest(SuiteRunner.java:334)
	at org.testng.SuiteRunner.runSequentially(SuiteRunner.java:329)
	at org.testng.SuiteRunner.privateRun(SuiteRunner.java:291)
	at org.testng.SuiteRunner.run(SuiteRunner.java:240)
	at org.testng.SuiteRunnerWorker.runSuite(SuiteRunnerWorker.java:52)
	at org.testng.SuiteRunnerWorker.run(SuiteRunnerWorker.java:86)
	at org.testng.TestNG.runSuitesSequentially(TestNG.java:1224)
	at org.testng.TestNG.runSuitesLocally(TestNG.java:1149)
	at org.testng.TestNG.run(TestNG.java:1057)
	at org.testng.remote.RemoteTestNG.run(RemoteTestNG.java:111)
	at org.testng.remote.RemoteTestNG.initAndRun(RemoteTestNG.java:204)
	at org.testng.remote.RemoteTestNG.main(RemoteTestNG.java:175)
Caused by: org.openqa.selenium.NoSuchElementException: Unable to locate element: {&quot;method&quot;:&quot;id&quot;,&quot;selector&quot;:&quot;firstName&quot;}
For documentation on this error, please visit: http://seleniumhq.org/exceptions/no_such_element.html
Build info: version: &apos;2.44.0&apos;, revision: &apos;76d78cf323ce037c5f92db6c1bba601c2ac43ad8&apos;, time: &apos;2014-10-23 13:11:40&apos;
System info: host: &apos;BDAVIS-MAC.local&apos;, ip: &apos;192.168.10.124&apos;, os.name: &apos;Mac OS X&apos;, os.arch: &apos;x86_64&apos;, os.version: &apos;10.10.2&apos;, java.version: &apos;1.7.0_71&apos;
Driver info: driver.version: unknown
	at &lt;anonymous class&gt;.FirefoxDriver.prototype.findElementInternal_(file:///var/folders/ws/hb0qj1dx1vgc2dc3770lm0s1l61c2y/T/anonymous490463221402029535webdriver-profile/extensions/fxdriver@googlecode.com/components/driver-component.js:9641:133)
	at &lt;anonymous class&gt;.FirefoxDriver.prototype.findElement(file:///var/folders/ws/hb0qj1dx1vgc2dc3770lm0s1l61c2y/T/anonymous490463221402029535webdriver-profile/extensions/fxdriver@googlecode.com/components/driver-component.js:9650:3)
	at &lt;anonymous class&gt;.DelayedCommand.prototype.executeInternal_/h(file:///var/folders/ws/hb0qj1dx1vgc2dc3770lm0s1l61c2y/T/anonymous490463221402029535webdriver-profile/extensions/fxdriver@googlecode.com/components/command-processor.js:11635:16)
	at &lt;anonymous class&gt;.DelayedCommand.prototype.executeInternal_(file:///var/folders/ws/hb0qj1dx1vgc2dc3770lm0s1l61c2y/T/anonymous490463221402029535webdriver-profile/extensions/fxdriver@googlecode.com/components/command-processor.js:11640:7)
	at &lt;anonymous class&gt;.DelayedCommand.prototype.execute/&lt;(file:///var/folders/ws/hb0qj1dx1vgc2dc3770lm0s1l61c2y/T/anonymous490463221402029535webdriver-profile/extensions/fxdriver@googlecode.com/components/command-processor.js:11582:5)
</pre></div></td>
<td>1</td>
<td>systest.net.saisoft.selenium.dataDriver_TestNG3@333d314e</td></tr>
<tr>
<td title='systest.net.saisoft.selenium.dataDriver_TestNG3.f()'><b>f</b><br>Test class: systest.net.saisoft.selenium.dataDriver_TestNG3<br>Parameters: first name again, last name again, email second, 15</td>
<td><div><pre>org.openqa.selenium.NoSuchElementException: Unable to locate element: {&quot;method&quot;:&quot;id&quot;,&quot;selector&quot;:&quot;firstName&quot;}
Command duration or timeout: 23 milliseconds
For documentation on this error, please visit: http://seleniumhq.org/exceptions/no_such_element.html
Build info: version: &apos;2.44.0&apos;, revision: &apos;76d78cf323ce037c5f92db6c1bba601c2ac43ad8&apos;, time: &apos;2014-10-23 13:11:40&apos;
System info: host: &apos;BDAVIS-MAC.local&apos;, ip: &apos;192.168.10.124&apos;, os.name: &apos;Mac OS X&apos;, os.arch: &apos;x86_64&apos;, os.version: &apos;10.10.2&apos;, java.version: &apos;1.7.0_71&apos;
Session ID: 31379a04-93d0-f044-b76a-b8e6f94f6ab7
Driver info: org.openqa.selenium.firefox.FirefoxDriver
Capabilities [{platform=MAC, acceptSslCerts=true, javascriptEnabled=true, cssSelectorsEnabled=true, databaseEnabled=true, browserName=firefox, handlesAlerts=true, nativeEvents=false, webStorageEnabled=true, rotatable=false, locationContextEnabled=true, applicationCacheEnabled=true, takesScreenshot=true, version=32.0.3}]
	at org.openqa.selenium.remote.ErrorHandler.createThrowable(ErrorHandler.java:204)
	at org.openqa.selenium.remote.ErrorHandler.throwIfResponseFailed(ErrorHandler.java:156)
	at org.openqa.selenium.remote.RemoteWebDriver.execute(RemoteWebDriver.java:599)
	at org.openqa.selenium.remote.RemoteWebDriver.findElement(RemoteWebDriver.java:352)
	at org.openqa.selenium.remote.RemoteWebDriver.findElementById(RemoteWebDriver.java:393)
	at org.openqa.selenium.By$ById.findElement(By.java:214)
	at org.openqa.selenium.remote.RemoteWebDriver.findElement(RemoteWebDriver.java:344)
	at systest.net.saisoft.selenium.dataDriver_TestNG3.f(dataDriver_TestNG3.java:16)
Caused by: org.openqa.selenium.NoSuchElementException: Unable to locate element: {&quot;method&quot;:&quot;id&quot;,&quot;selector&quot;:&quot;firstName&quot;}
For documentation on this error, please visit: http://seleniumhq.org/exceptions/no_such_element.html
Build info: version: &apos;2.44.0&apos;, revision: &apos;76d78cf323ce037c5f92db6c1bba601c2ac43ad8&apos;, time: &apos;2014-10-23 13:11:40&apos;
System info: host: &apos;BDAVIS-MAC.local&apos;, ip: &apos;192.168.10.124&apos;, os.name: &apos;Mac OS X&apos;, os.arch: &apos;x86_64&apos;, os.version: &apos;10.10.2&apos;, java.version: &apos;1.7.0_71&apos;
Driver info: driver.version: unknown
	at &lt;anonymous class&gt;.FirefoxDriver.prototype.findElementInternal_(file:///var/folders/ws/hb0qj1dx1vgc2dc3770lm0s1l61c2y/T/anonymous9187247815764279557webdriver-profile/extensions/fxdriver@googlecode.com/components/driver-component.js:9641:133)
	at &lt;anonymous class&gt;.FirefoxDriver.prototype.findElement(file:///var/folders/ws/hb0qj1dx1vgc2dc3770lm0s1l61c2y/T/anonymous9187247815764279557webdriver-profile/extensions/fxdriver@googlecode.com/components/driver-component.js:9650:3)
	at &lt;anonymous class&gt;.DelayedCommand.prototype.executeInternal_/h(file:///var/folders/ws/hb0qj1dx1vgc2dc3770lm0s1l61c2y/T/anonymous9187247815764279557webdriver-profile/extensions/fxdriver@googlecode.com/components/command-processor.js:11635:16)
	at &lt;anonymous class&gt;.DelayedCommand.prototype.executeInternal_(file:///var/folders/ws/hb0qj1dx1vgc2dc3770lm0s1l61c2y/T/anonymous9187247815764279557webdriver-profile/extensions/fxdriver@googlecode.com/components/command-processor.js:11640:7)
	at &lt;anonymous class&gt;.DelayedCommand.prototype.execute/&lt;(file:///var/folders/ws/hb0qj1dx1vgc2dc3770lm0s1l61c2y/T/anonymous9187247815764279557webdriver-profile/extensions/fxdriver@googlecode.com/components/command-processor.js:11582:5)
... Removed 28 stack frames</pre></div><a href='#' onClick='toggleBox("stack-trace1197129953", this, "Click to show all stack frames", "Click to hide stack frames")'>Click to show all stack frames</a>
<div class='stack-trace' id='stack-trace1197129953'><pre>org.openqa.selenium.NoSuchElementException: Unable to locate element: {&quot;method&quot;:&quot;id&quot;,&quot;selector&quot;:&quot;firstName&quot;}
Command duration or timeout: 23 milliseconds
For documentation on this error, please visit: http://seleniumhq.org/exceptions/no_such_element.html
Build info: version: &apos;2.44.0&apos;, revision: &apos;76d78cf323ce037c5f92db6c1bba601c2ac43ad8&apos;, time: &apos;2014-10-23 13:11:40&apos;
System info: host: &apos;BDAVIS-MAC.local&apos;, ip: &apos;192.168.10.124&apos;, os.name: &apos;Mac OS X&apos;, os.arch: &apos;x86_64&apos;, os.version: &apos;10.10.2&apos;, java.version: &apos;1.7.0_71&apos;
Session ID: 31379a04-93d0-f044-b76a-b8e6f94f6ab7
Driver info: org.openqa.selenium.firefox.FirefoxDriver
Capabilities [{platform=MAC, acceptSslCerts=true, javascriptEnabled=true, cssSelectorsEnabled=true, databaseEnabled=true, browserName=firefox, handlesAlerts=true, nativeEvents=false, webStorageEnabled=true, rotatable=false, locationContextEnabled=true, applicationCacheEnabled=true, takesScreenshot=true, version=32.0.3}]
	at sun.reflect.NativeConstructorAccessorImpl.newInstance0(Native Method)
	at sun.reflect.NativeConstructorAccessorImpl.newInstance(NativeConstructorAccessorImpl.java:57)
	at sun.reflect.DelegatingConstructorAccessorImpl.newInstance(DelegatingConstructorAccessorImpl.java:45)
	at java.lang.reflect.Constructor.newInstance(Constructor.java:526)
	at org.openqa.selenium.remote.ErrorHandler.createThrowable(ErrorHandler.java:204)
	at org.openqa.selenium.remote.ErrorHandler.throwIfResponseFailed(ErrorHandler.java:156)
	at org.openqa.selenium.remote.RemoteWebDriver.execute(RemoteWebDriver.java:599)
	at org.openqa.selenium.remote.RemoteWebDriver.findElement(RemoteWebDriver.java:352)
	at org.openqa.selenium.remote.RemoteWebDriver.findElementById(RemoteWebDriver.java:393)
	at org.openqa.selenium.By$ById.findElement(By.java:214)
	at org.openqa.selenium.remote.RemoteWebDriver.findElement(RemoteWebDriver.java:344)
	at systest.net.saisoft.selenium.dataDriver_TestNG3.f(dataDriver_TestNG3.java:16)
	at sun.reflect.NativeMethodAccessorImpl.invoke0(Native Method)
	at sun.reflect.NativeMethodAccessorImpl.invoke(NativeMethodAccessorImpl.java:57)
	at sun.reflect.DelegatingMethodAccessorImpl.invoke(DelegatingMethodAccessorImpl.java:43)
	at java.lang.reflect.Method.invoke(Method.java:606)
	at org.testng.internal.MethodInvocationHelper.invokeMethod(MethodInvocationHelper.java:84)
	at org.testng.internal.Invoker.invokeMethod(Invoker.java:714)
	at org.testng.internal.Invoker.invokeTestMethod(Invoker.java:901)
	at org.testng.internal.Invoker.invokeTestMethods(Invoker.java:1231)
	at org.testng.internal.TestMethodWorker.invokeTestMethods(TestMethodWorker.java:127)
	at org.testng.internal.TestMethodWorker.run(TestMethodWorker.java:111)
	at org.testng.TestRunner.privateRun(TestRunner.java:767)
	at org.testng.TestRunner.run(TestRunner.java:617)
	at org.testng.SuiteRunner.runTest(SuiteRunner.java:334)
	at org.testng.SuiteRunner.runSequentially(SuiteRunner.java:329)
	at org.testng.SuiteRunner.privateRun(SuiteRunner.java:291)
	at org.testng.SuiteRunner.run(SuiteRunner.java:240)
	at org.testng.SuiteRunnerWorker.runSuite(SuiteRunnerWorker.java:52)
	at org.testng.SuiteRunnerWorker.run(SuiteRunnerWorker.java:86)
	at org.testng.TestNG.runSuitesSequentially(TestNG.java:1224)
	at org.testng.TestNG.runSuitesLocally(TestNG.java:1149)
	at org.testng.TestNG.run(TestNG.java:1057)
	at org.testng.remote.RemoteTestNG.run(RemoteTestNG.java:111)
	at org.testng.remote.RemoteTestNG.initAndRun(RemoteTestNG.java:204)
	at org.testng.remote.RemoteTestNG.main(RemoteTestNG.java:175)
Caused by: org.openqa.selenium.NoSuchElementException: Unable to locate element: {&quot;method&quot;:&quot;id&quot;,&quot;selector&quot;:&quot;firstName&quot;}
For documentation on this error, please visit: http://seleniumhq.org/exceptions/no_such_element.html
Build info: version: &apos;2.44.0&apos;, revision: &apos;76d78cf323ce037c5f92db6c1bba601c2ac43ad8&apos;, time: &apos;2014-10-23 13:11:40&apos;
System info: host: &apos;BDAVIS-MAC.local&apos;, ip: &apos;192.168.10.124&apos;, os.name: &apos;Mac OS X&apos;, os.arch: &apos;x86_64&apos;, os.version: &apos;10.10.2&apos;, java.version: &apos;1.7.0_71&apos;
Driver info: driver.version: unknown
	at &lt;anonymous class&gt;.FirefoxDriver.prototype.findElementInternal_(file:///var/folders/ws/hb0qj1dx1vgc2dc3770lm0s1l61c2y/T/anonymous9187247815764279557webdriver-profile/extensions/fxdriver@googlecode.com/components/driver-component.js:9641:133)
	at &lt;anonymous class&gt;.FirefoxDriver.prototype.findElement(file:///var/folders/ws/hb0qj1dx1vgc2dc3770lm0s1l61c2y/T/anonymous9187247815764279557webdriver-profile/extensions/fxdriver@googlecode.com/components/driver-component.js:9650:3)
	at &lt;anonymous class&gt;.DelayedCommand.prototype.executeInternal_/h(file:///var/folders/ws/hb0qj1dx1vgc2dc3770lm0s1l61c2y/T/anonymous9187247815764279557webdriver-profile/extensions/fxdriver@googlecode.com/components/command-processor.js:11635:16)
	at &lt;anonymous class&gt;.DelayedCommand.prototype.executeInternal_(file:///var/folders/ws/hb0qj1dx1vgc2dc3770lm0s1l61c2y/T/anonymous9187247815764279557webdriver-profile/extensions/fxdriver@googlecode.com/components/command-processor.js:11640:7)
	at &lt;anonymous class&gt;.DelayedCommand.prototype.execute/&lt;(file:///var/folders/ws/hb0qj1dx1vgc2dc3770lm0s1l61c2y/T/anonymous9187247815764279557webdriver-profile/extensions/fxdriver@googlecode.com/components/command-processor.js:11582:5)
</pre></div></td>
<td>1</td>
<td>systest.net.saisoft.selenium.dataDriver_TestNG3@333d314e</td></tr>
</table><p>
<table width='100%' border='1' class='invocation-passed'>
<tr><td colspan='4' align='center'><b>PASSED TESTS</b></td></tr>
<tr><td><b>Test method</b></td>
<td width="30%"><b>Exception</b></td>
<td width="10%"><b>Time (seconds)</b></td>
<td><b>Instance</b></td>
</tr>
<tr>
<td title='TestNGThreePackage.ClassTwo.Group1_Test1()'><b>Group1_Test1</b><br>Test class: TestNGThreePackage.ClassTwo</td>
<td></td>
<td>0</td>
<td>TestNGThreePackage.ClassTwo@1222ee17</td></tr>
<tr>
<td title='TestNGThreePackage.ClassTwo.Group1_Test2()'><b>Group1_Test2</b><br>Test class: TestNGThreePackage.ClassTwo</td>
<td></td>
<td>0</td>
<td>TestNGThreePackage.ClassTwo@1222ee17</td></tr>
<tr>
<td title='TestNGOnePackage.ClassOne.MethodOne()'><b>MethodOne</b><br>Test class: TestNGOnePackage.ClassOne</td>
<td></td>
<td>3</td>
<td>TestNGOnePackage.ClassOne@13a2ce7</td></tr>
<tr>
<td title='TestNGTwoPackage.ClassTwo.MethodOne()'><b>MethodOne</b><br>Test class: TestNGTwoPackage.ClassTwo</td>
<td></td>
<td>3</td>
<td>TestNGTwoPackage.ClassTwo@7f7da615</td></tr>
<tr>
<td title='TestNGOnePackage.ClassOne.MethodThree()'><b>MethodThree</b><br>Test class: TestNGOnePackage.ClassOne</td>
<td></td>
<td>2</td>
<td>TestNGOnePackage.ClassOne@13a2ce7</td></tr>
<tr>
<td title='TestNGOnePackage.ClassOne.MethodTwo()'><b>MethodTwo</b><br>Test class: TestNGOnePackage.ClassOne</td>
<td></td>
<td>2</td>
<td>TestNGOnePackage.ClassOne@13a2ce7</td></tr>
<tr>
<td title='TestNGTwoPackage.ClassTwo.MethodTwo()'><b>MethodTwo</b><br>Test class: TestNGTwoPackage.ClassTwo</td>
<td></td>
<td>2</td>
<td>TestNGTwoPackage.ClassTwo@7f7da615</td></tr>
<tr>
<td title='TestNGOnePackage.ClassOne.One()'><b>One</b><br>Test class: TestNGOnePackage.ClassOne</td>
<td></td>
<td>1</td>
<td>TestNGOnePackage.ClassOne@13a2ce7</td></tr>
<tr>
<td title='TestNGOnePackage.TestNGTest.Test1()'><b>Test1</b><br>Test class: TestNGOnePackage.TestNGTest</td>
<td></td>
<td>0</td>
<td>TestNGOnePackage.TestNGTest@4f33eee7</td></tr>
<tr>
<td title='TestNGOnePackage.TestNGTest.Test2()'><b>Test2</b><br>Test class: TestNGOnePackage.TestNGTest</td>
<td></td>
<td>0</td>
<td>TestNGOnePackage.TestNGTest@4f33eee7</td></tr>
<tr>
<td title='TestNGThreePackage.ClassTwo.Test2()'><b>Test2</b><br>Test class: TestNGThreePackage.ClassTwo</td>
<td><div><pre>org.openqa.selenium.NoSuchElementException: Unable to locate element: {&quot;method&quot;:&quot;name&quot;,&quot;selector&quot;:&quot;name&quot;}
Command duration or timeout: 11 milliseconds
For documentation on this error, please visit: http://seleniumhq.org/exceptions/no_such_element.html
Build info: version: &apos;2.44.0&apos;, revision: &apos;76d78cf323ce037c5f92db6c1bba601c2ac43ad8&apos;, time: &apos;2014-10-23 13:11:40&apos;
System info: host: &apos;BDAVIS-MAC.local&apos;, ip: &apos;192.168.10.124&apos;, os.name: &apos;Mac OS X&apos;, os.arch: &apos;x86_64&apos;, os.version: &apos;10.10.2&apos;, java.version: &apos;1.7.0_71&apos;
Session ID: 24f86b98-4d56-f44c-aff3-103cb5ec8ffc
Driver info: org.openqa.selenium.firefox.FirefoxDriver
Capabilities [{platform=MAC, acceptSslCerts=true, javascriptEnabled=true, cssSelectorsEnabled=true, databaseEnabled=true, browserName=firefox, handlesAlerts=true, nativeEvents=false, webStorageEnabled=true, rotatable=false, locationContextEnabled=true, applicationCacheEnabled=true, takesScreenshot=true, version=32.0.3}]
	at org.openqa.selenium.remote.ErrorHandler.createThrowable(ErrorHandler.java:204)
	at org.openqa.selenium.remote.ErrorHandler.throwIfResponseFailed(ErrorHandler.java:156)
	at org.openqa.selenium.remote.RemoteWebDriver.execute(RemoteWebDriver.java:599)
	at org.openqa.selenium.remote.RemoteWebDriver.findElement(RemoteWebDriver.java:352)
	at org.openqa.selenium.remote.RemoteWebDriver.findElementByName(RemoteWebDriver.java:425)
	at org.openqa.selenium.By$ByName.findElement(By.java:299)
	at org.openqa.selenium.remote.RemoteWebDriver.findElement(RemoteWebDriver.java:344)
	at TestNGThreePackage.ClassTwo.Test2(ClassTwo.java:51)
Caused by: org.openqa.selenium.NoSuchElementException: Unable to locate element: {&quot;method&quot;:&quot;name&quot;,&quot;selector&quot;:&quot;name&quot;}
For documentation on this error, please visit: http://seleniumhq.org/exceptions/no_such_element.html
Build info: version: &apos;2.44.0&apos;, revision: &apos;76d78cf323ce037c5f92db6c1bba601c2ac43ad8&apos;, time: &apos;2014-10-23 13:11:40&apos;
System info: host: &apos;BDAVIS-MAC.local&apos;, ip: &apos;192.168.10.124&apos;, os.name: &apos;Mac OS X&apos;, os.arch: &apos;x86_64&apos;, os.version: &apos;10.10.2&apos;, java.version: &apos;1.7.0_71&apos;
Driver info: driver.version: unknown
	at &lt;anonymous class&gt;.FirefoxDriver.prototype.findElementInternal_(file:///var/folders/ws/hb0qj1dx1vgc2dc3770lm0s1l61c2y/T/anonymous2572905690514885815webdriver-profile/extensions/fxdriver@googlecode.com/components/driver-component.js:9641:133)
	at &lt;anonymous class&gt;.FirefoxDriver.prototype.findElement(file:///var/folders/ws/hb0qj1dx1vgc2dc3770lm0s1l61c2y/T/anonymous2572905690514885815webdriver-profile/extensions/fxdriver@googlecode.com/components/driver-component.js:9650:3)
	at &lt;anonymous class&gt;.DelayedCommand.prototype.executeInternal_/h(file:///var/folders/ws/hb0qj1dx1vgc2dc3770lm0s1l61c2y/T/anonymous2572905690514885815webdriver-profile/extensions/fxdriver@googlecode.com/components/command-processor.js:11635:16)
	at &lt;anonymous class&gt;.DelayedCommand.prototype.executeInternal_(file:///var/folders/ws/hb0qj1dx1vgc2dc3770lm0s1l61c2y/T/anonymous2572905690514885815webdriver-profile/extensions/fxdriver@googlecode.com/components/command-processor.js:11640:7)
	at &lt;anonymous class&gt;.DelayedCommand.prototype.execute/&lt;(file:///var/folders/ws/hb0qj1dx1vgc2dc3770lm0s1l61c2y/T/anonymous2572905690514885815webdriver-profile/extensions/fxdriver@googlecode.com/components/command-processor.js:11582:5)
... Removed 28 stack frames</pre></div><a href='#' onClick='toggleBox("stack-trace427973024", this, "Click to show all stack frames", "Click to hide stack frames")'>Click to show all stack frames</a>
<div class='stack-trace' id='stack-trace427973024'><pre>org.openqa.selenium.NoSuchElementException: Unable to locate element: {&quot;method&quot;:&quot;name&quot;,&quot;selector&quot;:&quot;name&quot;}
Command duration or timeout: 11 milliseconds
For documentation on this error, please visit: http://seleniumhq.org/exceptions/no_such_element.html
Build info: version: &apos;2.44.0&apos;, revision: &apos;76d78cf323ce037c5f92db6c1bba601c2ac43ad8&apos;, time: &apos;2014-10-23 13:11:40&apos;
System info: host: &apos;BDAVIS-MAC.local&apos;, ip: &apos;192.168.10.124&apos;, os.name: &apos;Mac OS X&apos;, os.arch: &apos;x86_64&apos;, os.version: &apos;10.10.2&apos;, java.version: &apos;1.7.0_71&apos;
Session ID: 24f86b98-4d56-f44c-aff3-103cb5ec8ffc
Driver info: org.openqa.selenium.firefox.FirefoxDriver
Capabilities [{platform=MAC, acceptSslCerts=true, javascriptEnabled=true, cssSelectorsEnabled=true, databaseEnabled=true, browserName=firefox, handlesAlerts=true, nativeEvents=false, webStorageEnabled=true, rotatable=false, locationContextEnabled=true, applicationCacheEnabled=true, takesScreenshot=true, version=32.0.3}]
	at sun.reflect.NativeConstructorAccessorImpl.newInstance0(Native Method)
	at sun.reflect.NativeConstructorAccessorImpl.newInstance(NativeConstructorAccessorImpl.java:57)
	at sun.reflect.DelegatingConstructorAccessorImpl.newInstance(DelegatingConstructorAccessorImpl.java:45)
	at java.lang.reflect.Constructor.newInstance(Constructor.java:526)
	at org.openqa.selenium.remote.ErrorHandler.createThrowable(ErrorHandler.java:204)
	at org.openqa.selenium.remote.ErrorHandler.throwIfResponseFailed(ErrorHandler.java:156)
	at org.openqa.selenium.remote.RemoteWebDriver.execute(RemoteWebDriver.java:599)
	at org.openqa.selenium.remote.RemoteWebDriver.findElement(RemoteWebDriver.java:352)
	at org.openqa.selenium.remote.RemoteWebDriver.findElementByName(RemoteWebDriver.java:425)
	at org.openqa.selenium.By$ByName.findElement(By.java:299)
	at org.openqa.selenium.remote.RemoteWebDriver.findElement(RemoteWebDriver.java:344)
	at TestNGThreePackage.ClassTwo.Test2(ClassTwo.java:51)
	at sun.reflect.NativeMethodAccessorImpl.invoke0(Native Method)
	at sun.reflect.NativeMethodAccessorImpl.invoke(NativeMethodAccessorImpl.java:57)
	at sun.reflect.DelegatingMethodAccessorImpl.invoke(DelegatingMethodAccessorImpl.java:43)
	at java.lang.reflect.Method.invoke(Method.java:606)
	at org.testng.internal.MethodInvocationHelper.invokeMethod(MethodInvocationHelper.java:84)
	at org.testng.internal.Invoker.invokeMethod(Invoker.java:714)
	at org.testng.internal.Invoker.invokeTestMethod(Invoker.java:901)
	at org.testng.internal.Invoker.invokeTestMethods(Invoker.java:1231)
	at org.testng.internal.TestMethodWorker.invokeTestMethods(TestMethodWorker.java:127)
	at org.testng.internal.TestMethodWorker.run(TestMethodWorker.java:111)
	at org.testng.TestRunner.privateRun(TestRunner.java:767)
	at org.testng.TestRunner.run(TestRunner.java:617)
	at org.testng.SuiteRunner.runTest(SuiteRunner.java:334)
	at org.testng.SuiteRunner.runSequentially(SuiteRunner.java:329)
	at org.testng.SuiteRunner.privateRun(SuiteRunner.java:291)
	at org.testng.SuiteRunner.run(SuiteRunner.java:240)
	at org.testng.SuiteRunnerWorker.runSuite(SuiteRunnerWorker.java:52)
	at org.testng.SuiteRunnerWorker.run(SuiteRunnerWorker.java:86)
	at org.testng.TestNG.runSuitesSequentially(TestNG.java:1224)
	at org.testng.TestNG.runSuitesLocally(TestNG.java:1149)
	at org.testng.TestNG.run(TestNG.java:1057)
	at org.testng.remote.RemoteTestNG.run(RemoteTestNG.java:111)
	at org.testng.remote.RemoteTestNG.initAndRun(RemoteTestNG.java:204)
	at org.testng.remote.RemoteTestNG.main(RemoteTestNG.java:175)
Caused by: org.openqa.selenium.NoSuchElementException: Unable to locate element: {&quot;method&quot;:&quot;name&quot;,&quot;selector&quot;:&quot;name&quot;}
For documentation on this error, please visit: http://seleniumhq.org/exceptions/no_such_element.html
Build info: version: &apos;2.44.0&apos;, revision: &apos;76d78cf323ce037c5f92db6c1bba601c2ac43ad8&apos;, time: &apos;2014-10-23 13:11:40&apos;
System info: host: &apos;BDAVIS-MAC.local&apos;, ip: &apos;192.168.10.124&apos;, os.name: &apos;Mac OS X&apos;, os.arch: &apos;x86_64&apos;, os.version: &apos;10.10.2&apos;, java.version: &apos;1.7.0_71&apos;
Driver info: driver.version: unknown
	at &lt;anonymous class&gt;.FirefoxDriver.prototype.findElementInternal_(file:///var/folders/ws/hb0qj1dx1vgc2dc3770lm0s1l61c2y/T/anonymous2572905690514885815webdriver-profile/extensions/fxdriver@googlecode.com/components/driver-component.js:9641:133)
	at &lt;anonymous class&gt;.FirefoxDriver.prototype.findElement(file:///var/folders/ws/hb0qj1dx1vgc2dc3770lm0s1l61c2y/T/anonymous2572905690514885815webdriver-profile/extensions/fxdriver@googlecode.com/components/driver-component.js:9650:3)
	at &lt;anonymous class&gt;.DelayedCommand.prototype.executeInternal_/h(file:///var/folders/ws/hb0qj1dx1vgc2dc3770lm0s1l61c2y/T/anonymous2572905690514885815webdriver-profile/extensions/fxdriver@googlecode.com/components/command-processor.js:11635:16)
	at &lt;anonymous class&gt;.DelayedCommand.prototype.executeInternal_(file:///var/folders/ws/hb0qj1dx1vgc2dc3770lm0s1l61c2y/T/anonymous2572905690514885815webdriver-profile/extensions/fxdriver@googlecode.com/components/command-processor.js:11640:7)
	at &lt;anonymous class&gt;.DelayedCommand.prototype.execute/&lt;(file:///var/folders/ws/hb0qj1dx1vgc2dc3770lm0s1l61c2y/T/anonymous2572905690514885815webdriver-profile/extensions/fxdriver@googlecode.com/components/command-processor.js:11582:5)
</pre></div></td>
<td>0</td>
<td>TestNGThreePackage.ClassTwo@1222ee17</td></tr>
<tr>
<td title='TestNGThreePackage.ClassTwo.Test3()'><b>Test3</b><br>Test class: TestNGThreePackage.ClassTwo</td>
<td></td>
<td>0</td>
<td>TestNGThreePackage.ClassTwo@1222ee17</td></tr>
<tr>
<td title='TestNGThreePackage.ClassTwo.Test4()'><b>Test4</b><br>Test class: TestNGThreePackage.ClassTwo</td>
<td></td>
<td>0</td>
<td>TestNGThreePackage.ClassTwo@1222ee17</td></tr>
<tr>
<td title='TestNGOnePackage.AllAnnontations.f()'><b>f</b><br>Test class: TestNGOnePackage.AllAnnontations</td>
<td></td>
<td>0</td>
<td>TestNGOnePackage.AllAnnontations@3894aa0</td></tr>
<tr>
<td title='TestNGOnePackage.ClassThree.f()'><b>f</b><br>Test class: TestNGOnePackage.ClassThree</td>
<td></td>
<td>0</td>
<td>TestNGOnePackage.ClassThree@175c13db</td></tr>
<tr>
<td title='TestNGOnePackage.ClassTwo.f()'><b>f</b><br>Test class: TestNGOnePackage.ClassTwo</td>
<td></td>
<td>0</td>
<td>TestNGOnePackage.ClassTwo@4f148f60</td></tr>
<tr>
<td title='TestNGOnePackage.TestCase_NG.f()'><b>f</b><br>Test class: TestNGOnePackage.TestCase_NG</td>
<td></td>
<td>0</td>
<td>TestNGOnePackage.TestCase_NG@191765ae</td></tr>
<tr>
<td title='TestNGTwoPackage.ClassThree.f()'><b>f</b><br>Test class: TestNGTwoPackage.ClassThree</td>
<td></td>
<td>0</td>
<td>TestNGTwoPackage.ClassThree@5a89a850</td></tr>
</table><p>
<table width='100%' border='1' class='invocation-skipped'>
<tr><td colspan='4' align='center'><b>SKIPPED TESTS</b></td></tr>
<tr><td><b>Test method</b></td>
<td width="30%"><b>Exception</b></td>
<td width="10%"><b>Time (seconds)</b></td>
<td><b>Instance</b></td>
</tr>
<tr>
<td title='TestNGThreePackage.ClassThree.GetPageTitle()'><b>GetPageTitle</b><br>Test class: TestNGThreePackage.ClassThree</td>
<td></td>
<td>0</td>
<td>TestNGThreePackage.ClassThree@4ed1102f</td></tr>
</table><p>
</body>
</html>