<?xml version="1.0" encoding="UTF-8"?>
<testsuite name="Package Exclude"
           tests="3"
           failures="1"
           errors="0"
           skipped="2"
           time="0.096">
  <properties />
            <testcase name="SkipTest" time="0.096" classname="TestNGThreePackage.ClassOne">
                <failure type="org.openqa.selenium.NoSuchElementException"
                  message="Unable to locate element: {&quot;method&quot;:&quot;name&quot;,&quot;selector&quot;:&quot;greenpeppers&quot;}
Command duration or timeout: 7 milliseconds
For documentation on this error, please visit: http://seleniumhq.org/exceptions/no_such_element.html
Build info: version: &apos;2.44.0&apos;, revision: &apos;76d78cf323ce037c5f92db6c1bba601c2ac43ad8&apos;, time: &apos;2014-10-23 13:11:40&apos;
System info: host: &apos;BDAVIS-MAC.local&apos;, ip: &apos;192.168.253.82&apos;, os.name: &apos;Mac OS X&apos;, os.arch: &apos;x86_64&apos;, os.version: &apos;10.10.2&apos;, java.version: &apos;1.7.0_71&apos;
Session ID: acd4cc10-444c-404f-b37c-8dfa2dcb85bb
Driver info: org.openqa.selenium.firefox.FirefoxDriver
Capabilities [{platform=MAC, acceptSslCerts=true, javascriptEnabled=true, cssSelectorsEnabled=true, databaseEnabled=true, browserName=firefox, handlesAlerts=true, nativeEvents=false, webStorageEnabled=true, rotatable=false, locationContextEnabled=true, applicationCacheEnabled=true, takesScreenshot=true, version=32.0.3}]"
              >
<![CDATA[org.openqa.selenium.NoSuchElementException: Unable to locate element: {"method":"name","selector":"greenpeppers"}
Command duration or timeout: 7 milliseconds
For documentation on this error, please visit: http://seleniumhq.org/exceptions/no_such_element.html
Build info: version: '2.44.0', revision: '76d78cf323ce037c5f92db6c1bba601c2ac43ad8', time: '2014-10-23 13:11:40'
System info: host: 'BDAVIS-MAC.local', ip: '192.168.253.82', os.name: 'Mac OS X', os.arch: 'x86_64', os.version: '10.10.2', java.version: '1.7.0_71'
Session ID: acd4cc10-444c-404f-b37c-8dfa2dcb85bb
Driver info: org.openqa.selenium.firefox.FirefoxDriver
Capabilities [{platform=MAC, acceptSslCerts=true, javascriptEnabled=true, cssSelectorsEnabled=true, databaseEnabled=true, browserName=firefox, handlesAlerts=true, nativeEvents=false, webStorageEnabled=true, rotatable=false, locationContextEnabled=true, applicationCacheEnabled=true, takesScreenshot=true, version=32.0.3}]
  sun.reflect.NativeConstructorAccessorImpl.newInstance0(Native Method)
  sun.reflect.NativeConstructorAccessorImpl.newInstance(NativeConstructorAccessorImpl.java:57)
  sun.reflect.DelegatingConstructorAccessorImpl.newInstance(DelegatingConstructorAccessorImpl.java:45)
  java.lang.reflect.Constructor.newInstance(Constructor.java:526)
  org.openqa.selenium.remote.ErrorHandler.createThrowable(ErrorHandler.java:204)
  org.openqa.selenium.remote.ErrorHandler.throwIfResponseFailed(ErrorHandler.java:156)
  org.openqa.selenium.remote.RemoteWebDriver.execute(RemoteWebDriver.java:599)
  org.openqa.selenium.remote.RemoteWebDriver.findElement(RemoteWebDriver.java:352)
  org.openqa.selenium.remote.RemoteWebDriver.findElementByName(RemoteWebDriver.java:425)
  org.openqa.selenium.By$ByName.findElement(By.java:299)
  org.openqa.selenium.remote.RemoteWebDriver.findElement(RemoteWebDriver.java:344)
  TestNGThreePackage.ClassOne.SkipTest(ClassOne.java:32)
  sun.reflect.NativeMethodAccessorImpl.invoke0(Native Method)
  sun.reflect.NativeMethodAccessorImpl.invoke(NativeMethodAccessorImpl.java:57)
  sun.reflect.DelegatingMethodAccessorImpl.invoke(DelegatingMethodAccessorImpl.java:43)
  java.lang.reflect.Method.invoke(Method.java:606)
  org.testng.internal.MethodInvocationHelper.invokeMethod(MethodInvocationHelper.java:84)
  org.testng.internal.Invoker.invokeMethod(Invoker.java:714)
  org.testng.internal.Invoker.invokeTestMethod(Invoker.java:901)
  org.testng.internal.Invoker.invokeTestMethods(Invoker.java:1231)
  org.testng.internal.TestMethodWorker.invokeTestMethods(TestMethodWorker.java:127)
  org.testng.internal.TestMethodWorker.run(TestMethodWorker.java:111)
  org.testng.TestRunner.privateRun(TestRunner.java:767)
  org.testng.TestRunner.run(TestRunner.java:617)
  org.testng.SuiteRunner.runTest(SuiteRunner.java:334)
  org.testng.SuiteRunner.runSequentially(SuiteRunner.java:329)
  org.testng.SuiteRunner.privateRun(SuiteRunner.java:291)
  org.testng.SuiteRunner.run(SuiteRunner.java:240)
  org.testng.SuiteRunnerWorker.runSuite(SuiteRunnerWorker.java:52)
  org.testng.SuiteRunnerWorker.run(SuiteRunnerWorker.java:86)
  org.testng.TestNG.runSuitesSequentially(TestNG.java:1224)
  org.testng.TestNG.runSuitesLocally(TestNG.java:1149)
  org.testng.TestNG.run(TestNG.java:1057)
  org.testng.remote.RemoteTestNG.run(RemoteTestNG.java:111)
  org.testng.remote.RemoteTestNG.initAndRun(RemoteTestNG.java:204)
  org.testng.remote.RemoteTestNG.main(RemoteTestNG.java:175)
Caused by: org.openqa.selenium.NoSuchElementException: Unable to locate element: {"method":"name","selector":"greenpeppers"}
For documentation on this error, please visit: http://seleniumhq.org/exceptions/no_such_element.html
Build info: version: '2.44.0', revision: '76d78cf323ce037c5f92db6c1bba601c2ac43ad8', time: '2014-10-23 13:11:40'
System info: host: 'BDAVIS-MAC.local', ip: '192.168.253.82', os.name: 'Mac OS X', os.arch: 'x86_64', os.version: '10.10.2', java.version: '1.7.0_71'
Driver info: driver.version: unknown
  <anonymous class>.FirefoxDriver.prototype.findElementInternal_(file:///var/folders/ws/hb0qj1dx1vgc2dc3770lm0s1l61c2y/T/anonymous3594926544475982448webdriver-profile/extensions/fxdriver@googlecode.com/components/driver-component.js:9641:133)
  <anonymous class>.FirefoxDriver.prototype.findElement(file:///var/folders/ws/hb0qj1dx1vgc2dc3770lm0s1l61c2y/T/anonymous3594926544475982448webdriver-profile/extensions/fxdriver@googlecode.com/components/driver-component.js:9650:3)
  <anonymous class>.DelayedCommand.prototype.executeInternal_/h(file:///var/folders/ws/hb0qj1dx1vgc2dc3770lm0s1l61c2y/T/anonymous3594926544475982448webdriver-profile/extensions/fxdriver@googlecode.com/components/command-processor.js:11635:16)
  <anonymous class>.DelayedCommand.prototype.executeInternal_(file:///var/folders/ws/hb0qj1dx1vgc2dc3770lm0s1l61c2y/T/anonymous3594926544475982448webdriver-profile/extensions/fxdriver@googlecode.com/components/command-processor.js:11640:7)
  <anonymous class>.DelayedCommand.prototype.execute/<(file:///var/folders/ws/hb0qj1dx1vgc2dc3770lm0s1l61c2y/T/anonymous3594926544475982448webdriver-profile/extensions/fxdriver@googlecode.com/components/command-processor.js:11582:5)
]]>
      </failure>

          </testcase>
  
            <testcase name="closeBrowser" time="0.0" classname="TestNGThreePackage.ClassOne">
          <skipped />
    </testcase>
            <testcase name="closeBrowsers" time="0.0" classname="TestNGThreePackage.ClassOne">
          <skipped />
    </testcase>
  
  
</testsuite>
