<!DOCTYPE html PUBLIC "-//W3C//DTD XHTML 1.1//EN" "http://www.w3.org/TR/xhtml11/DTD/xhtml11.dtd">
<html xmlns="http://www.w3.org/1999/xhtml"><head><title>TestNG Report</title><style type="text/css">table {margin-bottom:10px;border-collapse:collapse;empty-cells:show}th,td {border:1px solid #009;padding:.25em .5em}th {vertical-align:bottom}td {vertical-align:top}table a {font-weight:bold}.stripe td {background-color: #E6EBF9}.num {text-align:right}.passedodd td {background-color: #3F3}.passedeven td {background-color: #0A0}.skippedodd td {background-color: #DDD}.skippedeven td {background-color: #CCC}.failedodd td,.attn {background-color: #F33}.failedeven td,.stripe .attn {background-color: #D00}.stacktrace {white-space:pre;font-family:monospace}.totop {font-size:85%;text-align:center;border-bottom:2px solid #000}</style></head><body><table><tr><th>Test</th><th># Passed</th><th># Skipped</th><th># Failed</th><th>Time (ms)</th><th>Included Groups</th><th>Excluded Groups</th></tr><tr><th colspan="7">Test Suite</th></tr><tr><td><a href="#t0">Group Priority Tests</a></td><td class="num">5</td><td class="num">0</td><td class="num">0</td><td class="num">701</td><td></td><td></td></tr><tr class="stripe"><td><a href="#t1">Package Exclude</a></td><td class="num">18</td><td class="num attn">1</td><td class="num attn">6</td><td class="num">25,841</td><td></td><td></td></tr><tr><td><a href="#t2">Test In FireFox</a></td><td class="num">1</td><td class="num">0</td><td class="num">0</td><td class="num">2,120</td><td></td><td></td></tr><tr class="stripe"><td><a href="#t3">Test In Google Chrome</a></td><td class="num">1</td><td class="num">0</td><td class="num">0</td><td class="num">2,602</td><td></td><td></td></tr><tr><th>Total</th><th class="num">25</th><th class="num attn">1</th><th class="num attn">6</th><th class="num">31,264</th><th colspan="2"></th></tr></table><table><thead><tr><th>Class</th><th>Method</th><th>Start</th><th>Time (ms)</th></tr></thead><tbody><tr><th colspan="4">Test Suite</th></tr></tbody><tbody id="t0"><tr><th colspan="4">Group Priority Tests &#8212; passed</th></tr><tr class="passedeven"><td rowspan="5">TestNGThreePackage.ClassTwo</td><td><a href="#m0">Group1_Test1</a></td><td rowspan="1">1424453038540</td><td rowspan="1">0</td></tr><tr class="passedeven"><td><a href="#m1">Group1_Test2</a></td><td rowspan="1">1424453038539</td><td rowspan="1">0</td></tr><tr class="passedeven"><td><a href="#m2">Test2</a></td><td rowspan="1">1424453037925</td><td rowspan="1">19</td></tr><tr class="passedeven"><td><a href="#m3">Test3</a></td><td rowspan="1">1424453038541</td><td rowspan="1">1</td></tr><tr class="passedeven"><td><a href="#m4">Test4</a></td><td rowspan="1">1424453038543</td><td rowspan="1">1</td></tr></tbody><tbody id="t1"><tr><th colspan="4">Package Exclude &#8212; failed (configuration methods)</th></tr><tr class="failedeven"><td rowspan="1">TestNGThreePackage.ClassThree</td><td><a href="#m5">setup</a></td><td rowspan="1">1424453055858</td><td rowspan="1">0</td></tr><tr><th colspan="4">Package Exclude &#8212; failed</th></tr><tr class="failedeven"><td rowspan="1">TestNGThreePackage.ClassOne</td><td><a href="#m6">SkipTest</a></td><td rowspan="1">1424453055763</td><td rowspan="1">92</td></tr><tr class="failedodd"><td rowspan="1">TestNGTwoPackage.ClassOne</td><td><a href="#m7">MethodOne</a></td><td rowspan="1">1424453055876</td><td rowspan="1">3037</td></tr><tr class="failedeven"><td rowspan="2">systest.net.saisoft.selenium.dataDriver_TestNG2</td><td><a href="#m8">f</a></td><td rowspan="2">1424453038637</td><td rowspan="2">1651</td></tr><tr class="failedeven"><td><a href="#m9">f</a></td></tr><tr class="failedodd"><td rowspan="2">systest.net.saisoft.selenium.dataDriver_TestNG3</td><td><a href="#m10">f</a></td><td rowspan="2">1424453043763</td><td rowspan="2">1781</td></tr><tr class="failedodd"><td><a href="#m11">f</a></td></tr><tr><th colspan="4">Package Exclude &#8212; skipped (configuration methods)</th></tr><tr class="skippedeven"><td rowspan="5">TestNGOnePackage.AllAnnontations</td><td><a href="#m12">afterTest</a></td><td rowspan="2">1424453064475</td><td rowspan="2">0</td></tr><tr class="skippedeven"><td><a href="#m13">afterTest</a></td></tr><tr class="skippedeven"><td><a href="#m14">closeBrowser</a></td><td rowspan="2">1424453064474</td><td rowspan="2">0</td></tr><tr class="skippedeven"><td><a href="#m15">closeBrowser</a></td></tr><tr class="skippedeven"><td><a href="#m16">closeBrowsers</a></td><td rowspan="1">1424453064473</td><td rowspan="1">0</td></tr><tr><th colspan="4">Package Exclude &#8212; skipped</th></tr><tr class="skippedeven"><td rowspan="1">TestNGThreePackage.ClassThree</td><td><a href="#m17">GetPageTitle</a></td><td rowspan="1">1424453055859</td><td rowspan="1">0</td></tr><tr><th colspan="4">Package Exclude &#8212; passed</th></tr><tr class="passedeven"><td rowspan="1">TestNGOnePackage.AllAnnontations</td><td><a href="#m18">f</a></td><td rowspan="1">1424453042019</td><td rowspan="1">0</td></tr><tr class="passedodd"><td rowspan="4">TestNGOnePackage.ClassOne</td><td><a href="#m19">MethodOne</a></td><td rowspan="1">1424453052043</td><td rowspan="1">3714</td></tr><tr class="passedodd"><td><a href="#m20">MethodThree</a></td><td rowspan="1">1424453045546</td><td rowspan="1">2881</td></tr><tr class="passedodd"><td><a href="#m21">MethodTwo</a></td><td rowspan="1">1424453049589</td><td rowspan="1">2453</td></tr><tr class="passedodd"><td><a href="#m22">One</a></td><td rowspan="1">1424453048428</td><td rowspan="1">1160</td></tr><tr class="passedeven"><td rowspan="1">TestNGOnePackage.ClassThree</td><td><a href="#m23">f</a></td><td rowspan="1">1424453055758</td><td rowspan="1">0</td></tr><tr class="passedodd"><td rowspan="1">TestNGOnePackage.ClassTwo</td><td><a href="#m24">f</a></td><td rowspan="1">1424453055759</td><td rowspan="1">0</td></tr><tr class="passedeven"><td rowspan="1">TestNGOnePackage.TestCase_NG</td><td><a href="#m25">f</a></td><td rowspan="1">1424453055760</td><td rowspan="1">0</td></tr><tr class="passedodd"><td rowspan="2">TestNGOnePackage.TestNGTest</td><td><a href="#m26">Test1</a></td><td rowspan="1">1424453055762</td><td rowspan="1">0</td></tr><tr class="passedodd"><td><a href="#m27">Test2</a></td><td rowspan="1">1424453055763</td><td rowspan="1">0</td></tr><tr class="passedeven"><td rowspan="5">TestNGThreePackage.ClassTwo</td><td><a href="#m28">Group1_Test1</a></td><td rowspan="1">1424453055874</td><td rowspan="1">0</td></tr><tr class="passedeven"><td><a href="#m29">Group1_Test2</a></td><td rowspan="1">1424453055873</td><td rowspan="1">0</td></tr><tr class="passedeven"><td><a href="#m30">Test2</a></td><td rowspan="1">1424453055860</td><td rowspan="1">11</td></tr><tr class="passedeven"><td><a href="#m31">Test3</a></td><td rowspan="1">1424453055874</td><td rowspan="1">1</td></tr><tr class="passedeven"><td><a href="#m32">Test4</a></td><td rowspan="1">1424453055876</td><td rowspan="1">0</td></tr><tr class="passedodd"><td rowspan="1">TestNGTwoPackage.ClassThree</td><td><a href="#m33">f</a></td><td rowspan="1">1424453058915</td><td rowspan="1">0</td></tr><tr class="passedeven"><td rowspan="2">TestNGTwoPackage.ClassTwo</td><td><a href="#m34">MethodOne</a></td><td rowspan="1">1424453058916</td><td rowspan="1">3246</td></tr><tr class="passedeven"><td><a href="#m35">MethodTwo</a></td><td rowspan="1">1424453062163</td><td rowspan="1">2024</td></tr></tbody><tbody id="t2"><tr><th colspan="4">Test In FireFox &#8212; passed</th></tr><tr class="passedeven"><td rowspan="1">TestNGThreePackage.ClassThree</td><td><a href="#m36">GetPageTitle</a></td><td rowspan="1">1424453066554</td><td rowspan="1">18</td></tr></tbody><tbody id="t3"><tr><th colspan="4">Test In Google Chrome &#8212; passed</th></tr><tr class="passedeven"><td rowspan="1">TestNGThreePackage.ClassThree</td><td><a href="#m37">GetPageTitle</a></td><td rowspan="1">1424453068675</td><td rowspan="1">8</td></tr></tbody></table><h2>Group Priority Tests</h2><h3 id="m0">TestNGThreePackage.ClassTwo#Group1_Test1</h3><table class="result"></table><p class="totop"><a href="#summary">back to summary</a></p><h3 id="m1">TestNGThreePackage.ClassTwo#Group1_Test2</h3><table class="result"></table><p class="totop"><a href="#summary">back to summary</a></p><h3 id="m2">TestNGThreePackage.ClassTwo#Test2</h3><table class="result"><tr><th>Expected Exception</th></tr><tr><td><div class="stacktrace">org.openqa.selenium.NoSuchElementException: Unable to locate element: {&quot;method&quot;:&quot;name&quot;,&quot;selector&quot;:&quot;name&quot;}
Command duration or timeout: 10 milliseconds
For documentation on this error, please visit: http://seleniumhq.org/exceptions/no_such_element.html
Build info: version: &apos;2.44.0&apos;, revision: &apos;76d78cf323ce037c5f92db6c1bba601c2ac43ad8&apos;, time: &apos;2014-10-23 13:11:40&apos;
System info: host: &apos;BDAVIS-MAC.local&apos;, ip: &apos;192.168.10.124&apos;, os.name: &apos;Mac OS X&apos;, os.arch: &apos;x86_64&apos;, os.version: &apos;10.10.2&apos;, java.version: &apos;1.7.0_71&apos;
Session ID: 20e3627e-3f29-2046-87c3-46c2150e9bd7
Driver info: org.openqa.selenium.firefox.FirefoxDriver
Capabilities [{platform=MAC, acceptSslCerts=true, javascriptEnabled=true, cssSelectorsEnabled=true, databaseEnabled=true, browserName=firefox, handlesAlerts=true, nativeEvents=false, webStorageEnabled=true, rotatable=false, locationContextEnabled=true, applicationCacheEnabled=true, takesScreenshot=true, version=32.0.3}]
	at org.openqa.selenium.remote.ErrorHandler.createThrowable(ErrorHandler.java:204)
	at org.openqa.selenium.remote.ErrorHandler.throwIfResponseFailed(ErrorHandler.java:156)
	at org.openqa.selenium.remote.RemoteWebDriver.execute(RemoteWebDriver.java:599)
	at org.openqa.selenium.remote.RemoteWebDriver.findElement(RemoteWebDriver.java:352)
	at org.openqa.selenium.remote.RemoteWebDriver.findElementByName(RemoteWebDriver.java:425)
	at org.openqa.selenium.By$ByName.findElement(By.java:299)
	at org.openqa.selenium.remote.RemoteWebDriver.findElement(RemoteWebDriver.java:344)
	at TestNGThreePackage.ClassTwo.Test2(ClassTwo.java:51)
Caused by: org.openqa.selenium.NoSuchElementException: Unable to locate element: {&quot;method&quot;:&quot;name&quot;,&quot;selector&quot;:&quot;name&quot;}
For documentation on this error, please visit: http://seleniumhq.org/exceptions/no_such_element.html
Build info: version: &apos;2.44.0&apos;, revision: &apos;76d78cf323ce037c5f92db6c1bba601c2ac43ad8&apos;, time: &apos;2014-10-23 13:11:40&apos;
System info: host: &apos;BDAVIS-MAC.local&apos;, ip: &apos;192.168.10.124&apos;, os.name: &apos;Mac OS X&apos;, os.arch: &apos;x86_64&apos;, os.version: &apos;10.10.2&apos;, java.version: &apos;1.7.0_71&apos;
Driver info: driver.version: unknown
	at &lt;anonymous class&gt;.FirefoxDriver.prototype.findElementInternal_(file:///var/folders/ws/hb0qj1dx1vgc2dc3770lm0s1l61c2y/T/anonymous8320441014147827173webdriver-profile/extensions/fxdriver@googlecode.com/components/driver-component.js:9641:133)
	at &lt;anonymous class&gt;.FirefoxDriver.prototype.findElement(file:///var/folders/ws/hb0qj1dx1vgc2dc3770lm0s1l61c2y/T/anonymous8320441014147827173webdriver-profile/extensions/fxdriver@googlecode.com/components/driver-component.js:9650:3)
	at &lt;anonymous class&gt;.DelayedCommand.prototype.executeInternal_/h(file:///var/folders/ws/hb0qj1dx1vgc2dc3770lm0s1l61c2y/T/anonymous8320441014147827173webdriver-profile/extensions/fxdriver@googlecode.com/components/command-processor.js:11635:16)
	at &lt;anonymous class&gt;.DelayedCommand.prototype.executeInternal_(file:///var/folders/ws/hb0qj1dx1vgc2dc3770lm0s1l61c2y/T/anonymous8320441014147827173webdriver-profile/extensions/fxdriver@googlecode.com/components/command-processor.js:11640:7)
	at &lt;anonymous class&gt;.DelayedCommand.prototype.execute/&lt;(file:///var/folders/ws/hb0qj1dx1vgc2dc3770lm0s1l61c2y/T/anonymous8320441014147827173webdriver-profile/extensions/fxdriver@googlecode.com/components/command-processor.js:11582:5)
... Removed 28 stack frames</div></td></tr></table><p class="totop"><a href="#summary">back to summary</a></p><h3 id="m3">TestNGThreePackage.ClassTwo#Test3</h3><table class="result"></table><p class="totop"><a href="#summary">back to summary</a></p><h3 id="m4">TestNGThreePackage.ClassTwo#Test4</h3><table class="result"></table><p class="totop"><a href="#summary">back to summary</a></p><h2>Package Exclude</h2><h3 id="m5">TestNGThreePackage.ClassThree#setup</h3><table class="result"><tr><th>Exception</th></tr><tr><td><div class="stacktrace">org.testng.TestNGException: 
Parameter &apos;browsers&apos; is required by @Configuration on method setup but has not been marked @Optional or defined
in /Cabinet/Workspace/selenium-3/testNG2.xml
... Removed 21 stack frames</div></td></tr></table><p class="totop"><a href="#summary">back to summary</a></p><h3 id="m6">TestNGThreePackage.ClassOne#SkipTest</h3><table class="result"><tr><th>Exception</th></tr><tr><td><div class="stacktrace">org.openqa.selenium.NoSuchElementException: Unable to locate element: {&quot;method&quot;:&quot;name&quot;,&quot;selector&quot;:&quot;greenpeppers&quot;}
Command duration or timeout: 7 milliseconds
For documentation on this error, please visit: http://seleniumhq.org/exceptions/no_such_element.html
Build info: version: &apos;2.44.0&apos;, revision: &apos;76d78cf323ce037c5f92db6c1bba601c2ac43ad8&apos;, time: &apos;2014-10-23 13:11:40&apos;
System info: host: &apos;BDAVIS-MAC.local&apos;, ip: &apos;192.168.10.124&apos;, os.name: &apos;Mac OS X&apos;, os.arch: &apos;x86_64&apos;, os.version: &apos;10.10.2&apos;, java.version: &apos;1.7.0_71&apos;
Session ID: 335e72e4-0486-c243-9a60-112af933ce53
Driver info: org.openqa.selenium.firefox.FirefoxDriver
Capabilities [{platform=MAC, acceptSslCerts=true, javascriptEnabled=true, cssSelectorsEnabled=true, databaseEnabled=true, browserName=firefox, handlesAlerts=true, nativeEvents=false, webStorageEnabled=true, rotatable=false, locationContextEnabled=true, applicationCacheEnabled=true, takesScreenshot=true, version=32.0.3}]
	at org.openqa.selenium.remote.ErrorHandler.createThrowable(ErrorHandler.java:204)
	at org.openqa.selenium.remote.ErrorHandler.throwIfResponseFailed(ErrorHandler.java:156)
	at org.openqa.selenium.remote.RemoteWebDriver.execute(RemoteWebDriver.java:599)
	at org.openqa.selenium.remote.RemoteWebDriver.findElement(RemoteWebDriver.java:352)
	at org.openqa.selenium.remote.RemoteWebDriver.findElementByName(RemoteWebDriver.java:425)
	at org.openqa.selenium.By$ByName.findElement(By.java:299)
	at org.openqa.selenium.remote.RemoteWebDriver.findElement(RemoteWebDriver.java:344)
	at TestNGThreePackage.ClassOne.SkipTest(ClassOne.java:32)
Caused by: org.openqa.selenium.NoSuchElementException: Unable to locate element: {&quot;method&quot;:&quot;name&quot;,&quot;selector&quot;:&quot;greenpeppers&quot;}
For documentation on this error, please visit: http://seleniumhq.org/exceptions/no_such_element.html
Build info: version: &apos;2.44.0&apos;, revision: &apos;76d78cf323ce037c5f92db6c1bba601c2ac43ad8&apos;, time: &apos;2014-10-23 13:11:40&apos;
System info: host: &apos;BDAVIS-MAC.local&apos;, ip: &apos;192.168.10.124&apos;, os.name: &apos;Mac OS X&apos;, os.arch: &apos;x86_64&apos;, os.version: &apos;10.10.2&apos;, java.version: &apos;1.7.0_71&apos;
Driver info: driver.version: unknown
	at &lt;anonymous class&gt;.FirefoxDriver.prototype.findElementInternal_(file:///var/folders/ws/hb0qj1dx1vgc2dc3770lm0s1l61c2y/T/anonymous3563101903371875988webdriver-profile/extensions/fxdriver@googlecode.com/components/driver-component.js:9641:133)
	at &lt;anonymous class&gt;.FirefoxDriver.prototype.findElement(file:///var/folders/ws/hb0qj1dx1vgc2dc3770lm0s1l61c2y/T/anonymous3563101903371875988webdriver-profile/extensions/fxdriver@googlecode.com/components/driver-component.js:9650:3)
	at &lt;anonymous class&gt;.DelayedCommand.prototype.executeInternal_/h(file:///var/folders/ws/hb0qj1dx1vgc2dc3770lm0s1l61c2y/T/anonymous3563101903371875988webdriver-profile/extensions/fxdriver@googlecode.com/components/command-processor.js:11635:16)
	at &lt;anonymous class&gt;.DelayedCommand.prototype.executeInternal_(file:///var/folders/ws/hb0qj1dx1vgc2dc3770lm0s1l61c2y/T/anonymous3563101903371875988webdriver-profile/extensions/fxdriver@googlecode.com/components/command-processor.js:11640:7)
	at &lt;anonymous class&gt;.DelayedCommand.prototype.execute/&lt;(file:///var/folders/ws/hb0qj1dx1vgc2dc3770lm0s1l61c2y/T/anonymous3563101903371875988webdriver-profile/extensions/fxdriver@googlecode.com/components/command-processor.js:11582:5)
... Removed 28 stack frames</div></td></tr></table><p class="totop"><a href="#summary">back to summary</a></p><h3 id="m7">TestNGTwoPackage.ClassOne#MethodOne</h3><table class="result"><tr><th>Exception</th></tr><tr><td><div class="stacktrace">junit.framework.ComparisonFailure: expected:&lt;Amazon.com[]&gt; but was:&lt;Amazon.com[: Online Shopping for Electronics, Apparel, Computers, Books, DVDs &amp; more]&gt;
	at junit.framework.Assert.assertEquals(Assert.java:100)
	at junit.framework.Assert.assertEquals(Assert.java:107)
	at TestNGTwoPackage.ClassOne.MethodOne(ClassOne.java:26)
... Removed 24 stack frames</div></td></tr></table><p class="totop"><a href="#summary">back to summary</a></p><h3 id="m8">systest.net.saisoft.selenium.dataDriver_TestNG2#f</h3><table class="result"><tr class="param"><th>Parameter #1</th><th>Parameter #2</th><th>Parameter #3</th><th>Parameter #4</th></tr><tr class="param stripe"><td>first name</td><td>last name</td><td>email again</td><td>13</td></tr><tr><th colspan="4">Exception</th></tr><tr><td colspan="4"><div class="stacktrace">org.openqa.selenium.NoSuchElementException: Unable to locate element: {&quot;method&quot;:&quot;id&quot;,&quot;selector&quot;:&quot;firstName&quot;}
Command duration or timeout: 23 milliseconds
For documentation on this error, please visit: http://seleniumhq.org/exceptions/no_such_element.html
Build info: version: &apos;2.44.0&apos;, revision: &apos;76d78cf323ce037c5f92db6c1bba601c2ac43ad8&apos;, time: &apos;2014-10-23 13:11:40&apos;
System info: host: &apos;BDAVIS-MAC.local&apos;, ip: &apos;192.168.10.124&apos;, os.name: &apos;Mac OS X&apos;, os.arch: &apos;x86_64&apos;, os.version: &apos;10.10.2&apos;, java.version: &apos;1.7.0_71&apos;
Session ID: de9a4c92-bb8f-4e42-b434-2b8ffbd59f40
Driver info: org.openqa.selenium.firefox.FirefoxDriver
Capabilities [{platform=MAC, acceptSslCerts=true, javascriptEnabled=true, cssSelectorsEnabled=true, databaseEnabled=true, browserName=firefox, handlesAlerts=true, nativeEvents=false, webStorageEnabled=true, rotatable=false, locationContextEnabled=true, applicationCacheEnabled=true, takesScreenshot=true, version=32.0.3}]
	at org.openqa.selenium.remote.ErrorHandler.createThrowable(ErrorHandler.java:204)
	at org.openqa.selenium.remote.ErrorHandler.throwIfResponseFailed(ErrorHandler.java:156)
	at org.openqa.selenium.remote.RemoteWebDriver.execute(RemoteWebDriver.java:599)
	at org.openqa.selenium.remote.RemoteWebDriver.findElement(RemoteWebDriver.java:352)
	at org.openqa.selenium.remote.RemoteWebDriver.findElementById(RemoteWebDriver.java:393)
	at org.openqa.selenium.By$ById.findElement(By.java:214)
	at org.openqa.selenium.remote.RemoteWebDriver.findElement(RemoteWebDriver.java:344)
	at systest.net.saisoft.selenium.dataDriver_TestNG2.f(dataDriver_TestNG2.java:17)
Caused by: org.openqa.selenium.NoSuchElementException: Unable to locate element: {&quot;method&quot;:&quot;id&quot;,&quot;selector&quot;:&quot;firstName&quot;}
For documentation on this error, please visit: http://seleniumhq.org/exceptions/no_such_element.html
Build info: version: &apos;2.44.0&apos;, revision: &apos;76d78cf323ce037c5f92db6c1bba601c2ac43ad8&apos;, time: &apos;2014-10-23 13:11:40&apos;
System info: host: &apos;BDAVIS-MAC.local&apos;, ip: &apos;192.168.10.124&apos;, os.name: &apos;Mac OS X&apos;, os.arch: &apos;x86_64&apos;, os.version: &apos;10.10.2&apos;, java.version: &apos;1.7.0_71&apos;
Driver info: driver.version: unknown
	at &lt;anonymous class&gt;.FirefoxDriver.prototype.findElementInternal_(file:///var/folders/ws/hb0qj1dx1vgc2dc3770lm0s1l61c2y/T/anonymous6886366010274487201webdriver-profile/extensions/fxdriver@googlecode.com/components/driver-component.js:9641:133)
	at &lt;anonymous class&gt;.FirefoxDriver.prototype.findElement(file:///var/folders/ws/hb0qj1dx1vgc2dc3770lm0s1l61c2y/T/anonymous6886366010274487201webdriver-profile/extensions/fxdriver@googlecode.com/components/driver-component.js:9650:3)
	at &lt;anonymous class&gt;.DelayedCommand.prototype.executeInternal_/h(file:///var/folders/ws/hb0qj1dx1vgc2dc3770lm0s1l61c2y/T/anonymous6886366010274487201webdriver-profile/extensions/fxdriver@googlecode.com/components/command-processor.js:11635:16)
	at &lt;anonymous class&gt;.DelayedCommand.prototype.executeInternal_(file:///var/folders/ws/hb0qj1dx1vgc2dc3770lm0s1l61c2y/T/anonymous6886366010274487201webdriver-profile/extensions/fxdriver@googlecode.com/components/command-processor.js:11640:7)
	at &lt;anonymous class&gt;.DelayedCommand.prototype.execute/&lt;(file:///var/folders/ws/hb0qj1dx1vgc2dc3770lm0s1l61c2y/T/anonymous6886366010274487201webdriver-profile/extensions/fxdriver@googlecode.com/components/command-processor.js:11582:5)
... Removed 28 stack frames</div></td></tr></table><p class="totop"><a href="#summary">back to summary</a></p><h3 id="m9">systest.net.saisoft.selenium.dataDriver_TestNG2#f</h3><table class="result"><tr class="param"><th>Parameter #1</th><th>Parameter #2</th><th>Parameter #3</th><th>Parameter #4</th></tr><tr class="param stripe"><td>first name again</td><td>last name again</td><td>email second</td><td>15</td></tr><tr><th colspan="4">Exception</th></tr><tr><td colspan="4"><div class="stacktrace">org.openqa.selenium.NoSuchElementException: Unable to locate element: {&quot;method&quot;:&quot;id&quot;,&quot;selector&quot;:&quot;firstName&quot;}
Command duration or timeout: 22 milliseconds
For documentation on this error, please visit: http://seleniumhq.org/exceptions/no_such_element.html
Build info: version: &apos;2.44.0&apos;, revision: &apos;76d78cf323ce037c5f92db6c1bba601c2ac43ad8&apos;, time: &apos;2014-10-23 13:11:40&apos;
System info: host: &apos;BDAVIS-MAC.local&apos;, ip: &apos;192.168.10.124&apos;, os.name: &apos;Mac OS X&apos;, os.arch: &apos;x86_64&apos;, os.version: &apos;10.10.2&apos;, java.version: &apos;1.7.0_71&apos;
Session ID: d3bd570a-4e09-6045-ad9a-4338d81043ed
Driver info: org.openqa.selenium.firefox.FirefoxDriver
Capabilities [{platform=MAC, acceptSslCerts=true, javascriptEnabled=true, cssSelectorsEnabled=true, databaseEnabled=true, browserName=firefox, handlesAlerts=true, nativeEvents=false, webStorageEnabled=true, rotatable=false, locationContextEnabled=true, applicationCacheEnabled=true, takesScreenshot=true, version=32.0.3}]
	at org.openqa.selenium.remote.ErrorHandler.createThrowable(ErrorHandler.java:204)
	at org.openqa.selenium.remote.ErrorHandler.throwIfResponseFailed(ErrorHandler.java:156)
	at org.openqa.selenium.remote.RemoteWebDriver.execute(RemoteWebDriver.java:599)
	at org.openqa.selenium.remote.RemoteWebDriver.findElement(RemoteWebDriver.java:352)
	at org.openqa.selenium.remote.RemoteWebDriver.findElementById(RemoteWebDriver.java:393)
	at org.openqa.selenium.By$ById.findElement(By.java:214)
	at org.openqa.selenium.remote.RemoteWebDriver.findElement(RemoteWebDriver.java:344)
	at systest.net.saisoft.selenium.dataDriver_TestNG2.f(dataDriver_TestNG2.java:17)
Caused by: org.openqa.selenium.NoSuchElementException: Unable to locate element: {&quot;method&quot;:&quot;id&quot;,&quot;selector&quot;:&quot;firstName&quot;}
For documentation on this error, please visit: http://seleniumhq.org/exceptions/no_such_element.html
Build info: version: &apos;2.44.0&apos;, revision: &apos;76d78cf323ce037c5f92db6c1bba601c2ac43ad8&apos;, time: &apos;2014-10-23 13:11:40&apos;
System info: host: &apos;BDAVIS-MAC.local&apos;, ip: &apos;192.168.10.124&apos;, os.name: &apos;Mac OS X&apos;, os.arch: &apos;x86_64&apos;, os.version: &apos;10.10.2&apos;, java.version: &apos;1.7.0_71&apos;
Driver info: driver.version: unknown
	at &lt;anonymous class&gt;.FirefoxDriver.prototype.findElementInternal_(file:///var/folders/ws/hb0qj1dx1vgc2dc3770lm0s1l61c2y/T/anonymous9200678269044907360webdriver-profile/extensions/fxdriver@googlecode.com/components/driver-component.js:9641:133)
	at &lt;anonymous class&gt;.FirefoxDriver.prototype.findElement(file:///var/folders/ws/hb0qj1dx1vgc2dc3770lm0s1l61c2y/T/anonymous9200678269044907360webdriver-profile/extensions/fxdriver@googlecode.com/components/driver-component.js:9650:3)
	at &lt;anonymous class&gt;.DelayedCommand.prototype.executeInternal_/h(file:///var/folders/ws/hb0qj1dx1vgc2dc3770lm0s1l61c2y/T/anonymous9200678269044907360webdriver-profile/extensions/fxdriver@googlecode.com/components/command-processor.js:11635:16)
	at &lt;anonymous class&gt;.DelayedCommand.prototype.executeInternal_(file:///var/folders/ws/hb0qj1dx1vgc2dc3770lm0s1l61c2y/T/anonymous9200678269044907360webdriver-profile/extensions/fxdriver@googlecode.com/components/command-processor.js:11640:7)
	at &lt;anonymous class&gt;.DelayedCommand.prototype.execute/&lt;(file:///var/folders/ws/hb0qj1dx1vgc2dc3770lm0s1l61c2y/T/anonymous9200678269044907360webdriver-profile/extensions/fxdriver@googlecode.com/components/command-processor.js:11582:5)
... Removed 28 stack frames</div></td></tr></table><p class="totop"><a href="#summary">back to summary</a></p><h3 id="m10">systest.net.saisoft.selenium.dataDriver_TestNG3#f</h3><table class="result"><tr class="param"><th>Parameter #1</th><th>Parameter #2</th><th>Parameter #3</th><th>Parameter #4</th></tr><tr class="param stripe"><td>first name again</td><td>last name again</td><td>email second</td><td>15</td></tr><tr><th colspan="4">Exception</th></tr><tr><td colspan="4"><div class="stacktrace">org.openqa.selenium.NoSuchElementException: Unable to locate element: {&quot;method&quot;:&quot;id&quot;,&quot;selector&quot;:&quot;firstName&quot;}
Command duration or timeout: 23 milliseconds
For documentation on this error, please visit: http://seleniumhq.org/exceptions/no_such_element.html
Build info: version: &apos;2.44.0&apos;, revision: &apos;76d78cf323ce037c5f92db6c1bba601c2ac43ad8&apos;, time: &apos;2014-10-23 13:11:40&apos;
System info: host: &apos;BDAVIS-MAC.local&apos;, ip: &apos;192.168.10.124&apos;, os.name: &apos;Mac OS X&apos;, os.arch: &apos;x86_64&apos;, os.version: &apos;10.10.2&apos;, java.version: &apos;1.7.0_71&apos;
Session ID: 31379a04-93d0-f044-b76a-b8e6f94f6ab7
Driver info: org.openqa.selenium.firefox.FirefoxDriver
Capabilities [{platform=MAC, acceptSslCerts=true, javascriptEnabled=true, cssSelectorsEnabled=true, databaseEnabled=true, browserName=firefox, handlesAlerts=true, nativeEvents=false, webStorageEnabled=true, rotatable=false, locationContextEnabled=true, applicationCacheEnabled=true, takesScreenshot=true, version=32.0.3}]
	at org.openqa.selenium.remote.ErrorHandler.createThrowable(ErrorHandler.java:204)
	at org.openqa.selenium.remote.ErrorHandler.throwIfResponseFailed(ErrorHandler.java:156)
	at org.openqa.selenium.remote.RemoteWebDriver.execute(RemoteWebDriver.java:599)
	at org.openqa.selenium.remote.RemoteWebDriver.findElement(RemoteWebDriver.java:352)
	at org.openqa.selenium.remote.RemoteWebDriver.findElementById(RemoteWebDriver.java:393)
	at org.openqa.selenium.By$ById.findElement(By.java:214)
	at org.openqa.selenium.remote.RemoteWebDriver.findElement(RemoteWebDriver.java:344)
	at systest.net.saisoft.selenium.dataDriver_TestNG3.f(dataDriver_TestNG3.java:16)
Caused by: org.openqa.selenium.NoSuchElementException: Unable to locate element: {&quot;method&quot;:&quot;id&quot;,&quot;selector&quot;:&quot;firstName&quot;}
For documentation on this error, please visit: http://seleniumhq.org/exceptions/no_such_element.html
Build info: version: &apos;2.44.0&apos;, revision: &apos;76d78cf323ce037c5f92db6c1bba601c2ac43ad8&apos;, time: &apos;2014-10-23 13:11:40&apos;
System info: host: &apos;BDAVIS-MAC.local&apos;, ip: &apos;192.168.10.124&apos;, os.name: &apos;Mac OS X&apos;, os.arch: &apos;x86_64&apos;, os.version: &apos;10.10.2&apos;, java.version: &apos;1.7.0_71&apos;
Driver info: driver.version: unknown
	at &lt;anonymous class&gt;.FirefoxDriver.prototype.findElementInternal_(file:///var/folders/ws/hb0qj1dx1vgc2dc3770lm0s1l61c2y/T/anonymous9187247815764279557webdriver-profile/extensions/fxdriver@googlecode.com/components/driver-component.js:9641:133)
	at &lt;anonymous class&gt;.FirefoxDriver.prototype.findElement(file:///var/folders/ws/hb0qj1dx1vgc2dc3770lm0s1l61c2y/T/anonymous9187247815764279557webdriver-profile/extensions/fxdriver@googlecode.com/components/driver-component.js:9650:3)
	at &lt;anonymous class&gt;.DelayedCommand.prototype.executeInternal_/h(file:///var/folders/ws/hb0qj1dx1vgc2dc3770lm0s1l61c2y/T/anonymous9187247815764279557webdriver-profile/extensions/fxdriver@googlecode.com/components/command-processor.js:11635:16)
	at &lt;anonymous class&gt;.DelayedCommand.prototype.executeInternal_(file:///var/folders/ws/hb0qj1dx1vgc2dc3770lm0s1l61c2y/T/anonymous9187247815764279557webdriver-profile/extensions/fxdriver@googlecode.com/components/command-processor.js:11640:7)
	at &lt;anonymous class&gt;.DelayedCommand.prototype.execute/&lt;(file:///var/folders/ws/hb0qj1dx1vgc2dc3770lm0s1l61c2y/T/anonymous9187247815764279557webdriver-profile/extensions/fxdriver@googlecode.com/components/command-processor.js:11582:5)
... Removed 28 stack frames</div></td></tr></table><p class="totop"><a href="#summary">back to summary</a></p><h3 id="m11">systest.net.saisoft.selenium.dataDriver_TestNG3#f</h3><table class="result"><tr class="param"><th>Parameter #1</th><th>Parameter #2</th><th>Parameter #3</th><th>Parameter #4</th></tr><tr class="param stripe"><td>first name</td><td>last name</td><td>email again</td><td>13</td></tr><tr><th colspan="4">Exception</th></tr><tr><td colspan="4"><div class="stacktrace">org.openqa.selenium.NoSuchElementException: Unable to locate element: {&quot;method&quot;:&quot;id&quot;,&quot;selector&quot;:&quot;firstName&quot;}
Command duration or timeout: 21 milliseconds
For documentation on this error, please visit: http://seleniumhq.org/exceptions/no_such_element.html
Build info: version: &apos;2.44.0&apos;, revision: &apos;76d78cf323ce037c5f92db6c1bba601c2ac43ad8&apos;, time: &apos;2014-10-23 13:11:40&apos;
System info: host: &apos;BDAVIS-MAC.local&apos;, ip: &apos;192.168.10.124&apos;, os.name: &apos;Mac OS X&apos;, os.arch: &apos;x86_64&apos;, os.version: &apos;10.10.2&apos;, java.version: &apos;1.7.0_71&apos;
Session ID: 62e73628-98a5-d347-8cf5-e355c56b3574
Driver info: org.openqa.selenium.firefox.FirefoxDriver
Capabilities [{platform=MAC, acceptSslCerts=true, javascriptEnabled=true, cssSelectorsEnabled=true, databaseEnabled=true, browserName=firefox, handlesAlerts=true, nativeEvents=false, webStorageEnabled=true, rotatable=false, locationContextEnabled=true, applicationCacheEnabled=true, takesScreenshot=true, version=32.0.3}]
	at org.openqa.selenium.remote.ErrorHandler.createThrowable(ErrorHandler.java:204)
	at org.openqa.selenium.remote.ErrorHandler.throwIfResponseFailed(ErrorHandler.java:156)
	at org.openqa.selenium.remote.RemoteWebDriver.execute(RemoteWebDriver.java:599)
	at org.openqa.selenium.remote.RemoteWebDriver.findElement(RemoteWebDriver.java:352)
	at org.openqa.selenium.remote.RemoteWebDriver.findElementById(RemoteWebDriver.java:393)
	at org.openqa.selenium.By$ById.findElement(By.java:214)
	at org.openqa.selenium.remote.RemoteWebDriver.findElement(RemoteWebDriver.java:344)
	at systest.net.saisoft.selenium.dataDriver_TestNG3.f(dataDriver_TestNG3.java:16)
Caused by: org.openqa.selenium.NoSuchElementException: Unable to locate element: {&quot;method&quot;:&quot;id&quot;,&quot;selector&quot;:&quot;firstName&quot;}
For documentation on this error, please visit: http://seleniumhq.org/exceptions/no_such_element.html
Build info: version: &apos;2.44.0&apos;, revision: &apos;76d78cf323ce037c5f92db6c1bba601c2ac43ad8&apos;, time: &apos;2014-10-23 13:11:40&apos;
System info: host: &apos;BDAVIS-MAC.local&apos;, ip: &apos;192.168.10.124&apos;, os.name: &apos;Mac OS X&apos;, os.arch: &apos;x86_64&apos;, os.version: &apos;10.10.2&apos;, java.version: &apos;1.7.0_71&apos;
Driver info: driver.version: unknown
	at &lt;anonymous class&gt;.FirefoxDriver.prototype.findElementInternal_(file:///var/folders/ws/hb0qj1dx1vgc2dc3770lm0s1l61c2y/T/anonymous490463221402029535webdriver-profile/extensions/fxdriver@googlecode.com/components/driver-component.js:9641:133)
	at &lt;anonymous class&gt;.FirefoxDriver.prototype.findElement(file:///var/folders/ws/hb0qj1dx1vgc2dc3770lm0s1l61c2y/T/anonymous490463221402029535webdriver-profile/extensions/fxdriver@googlecode.com/components/driver-component.js:9650:3)
	at &lt;anonymous class&gt;.DelayedCommand.prototype.executeInternal_/h(file:///var/folders/ws/hb0qj1dx1vgc2dc3770lm0s1l61c2y/T/anonymous490463221402029535webdriver-profile/extensions/fxdriver@googlecode.com/components/command-processor.js:11635:16)
	at &lt;anonymous class&gt;.DelayedCommand.prototype.executeInternal_(file:///var/folders/ws/hb0qj1dx1vgc2dc3770lm0s1l61c2y/T/anonymous490463221402029535webdriver-profile/extensions/fxdriver@googlecode.com/components/command-processor.js:11640:7)
	at &lt;anonymous class&gt;.DelayedCommand.prototype.execute/&lt;(file:///var/folders/ws/hb0qj1dx1vgc2dc3770lm0s1l61c2y/T/anonymous490463221402029535webdriver-profile/extensions/fxdriver@googlecode.com/components/command-processor.js:11582:5)
... Removed 28 stack frames</div></td></tr></table><p class="totop"><a href="#summary">back to summary</a></p><h3 id="m12">TestNGOnePackage.AllAnnontations#afterTest</h3><table class="result"></table><p class="totop"><a href="#summary">back to summary</a></p><h3 id="m13">TestNGOnePackage.AllAnnontations#afterTest</h3><table class="result"></table><p class="totop"><a href="#summary">back to summary</a></p><h3 id="m14">TestNGOnePackage.AllAnnontations#closeBrowser</h3><table class="result"></table><p class="totop"><a href="#summary">back to summary</a></p><h3 id="m15">TestNGOnePackage.AllAnnontations#closeBrowser</h3><table class="result"></table><p class="totop"><a href="#summary">back to summary</a></p><h3 id="m16">TestNGOnePackage.AllAnnontations#closeBrowsers</h3><table class="result"></table><p class="totop"><a href="#summary">back to summary</a></p><h3 id="m17">TestNGThreePackage.ClassThree#GetPageTitle</h3><table class="result"></table><p class="totop"><a href="#summary">back to summary</a></p><h3 id="m18">TestNGOnePackage.AllAnnontations#f</h3><table class="result"></table><p class="totop"><a href="#summary">back to summary</a></p><h3 id="m19">TestNGOnePackage.ClassOne#MethodOne</h3><table class="result"></table><p class="totop"><a href="#summary">back to summary</a></p><h3 id="m20">TestNGOnePackage.ClassOne#MethodThree</h3><table class="result"></table><p class="totop"><a href="#summary">back to summary</a></p><h3 id="m21">TestNGOnePackage.ClassOne#MethodTwo</h3><table class="result"></table><p class="totop"><a href="#summary">back to summary</a></p><h3 id="m22">TestNGOnePackage.ClassOne#One</h3><table class="result"></table><p class="totop"><a href="#summary">back to summary</a></p><h3 id="m23">TestNGOnePackage.ClassThree#f</h3><table class="result"></table><p class="totop"><a href="#summary">back to summary</a></p><h3 id="m24">TestNGOnePackage.ClassTwo#f</h3><table class="result"></table><p class="totop"><a href="#summary">back to summary</a></p><h3 id="m25">TestNGOnePackage.TestCase_NG#f</h3><table class="result"></table><p class="totop"><a href="#summary">back to summary</a></p><h3 id="m26">TestNGOnePackage.TestNGTest#Test1</h3><table class="result"></table><p class="totop"><a href="#summary">back to summary</a></p><h3 id="m27">TestNGOnePackage.TestNGTest#Test2</h3><table class="result"></table><p class="totop"><a href="#summary">back to summary</a></p><h3 id="m28">TestNGThreePackage.ClassTwo#Group1_Test1</h3><table class="result"></table><p class="totop"><a href="#summary">back to summary</a></p><h3 id="m29">TestNGThreePackage.ClassTwo#Group1_Test2</h3><table class="result"></table><p class="totop"><a href="#summary">back to summary</a></p><h3 id="m30">TestNGThreePackage.ClassTwo#Test2</h3><table class="result"><tr><th>Expected Exception</th></tr><tr><td><div class="stacktrace">org.openqa.selenium.NoSuchElementException: Unable to locate element: {&quot;method&quot;:&quot;name&quot;,&quot;selector&quot;:&quot;name&quot;}
Command duration or timeout: 11 milliseconds
For documentation on this error, please visit: http://seleniumhq.org/exceptions/no_such_element.html
Build info: version: &apos;2.44.0&apos;, revision: &apos;76d78cf323ce037c5f92db6c1bba601c2ac43ad8&apos;, time: &apos;2014-10-23 13:11:40&apos;
System info: host: &apos;BDAVIS-MAC.local&apos;, ip: &apos;192.168.10.124&apos;, os.name: &apos;Mac OS X&apos;, os.arch: &apos;x86_64&apos;, os.version: &apos;10.10.2&apos;, java.version: &apos;1.7.0_71&apos;
Session ID: 24f86b98-4d56-f44c-aff3-103cb5ec8ffc
Driver info: org.openqa.selenium.firefox.FirefoxDriver
Capabilities [{platform=MAC, acceptSslCerts=true, javascriptEnabled=true, cssSelectorsEnabled=true, databaseEnabled=true, browserName=firefox, handlesAlerts=true, nativeEvents=false, webStorageEnabled=true, rotatable=false, locationContextEnabled=true, applicationCacheEnabled=true, takesScreenshot=true, version=32.0.3}]
	at org.openqa.selenium.remote.ErrorHandler.createThrowable(ErrorHandler.java:204)
	at org.openqa.selenium.remote.ErrorHandler.throwIfResponseFailed(ErrorHandler.java:156)
	at org.openqa.selenium.remote.RemoteWebDriver.execute(RemoteWebDriver.java:599)
	at org.openqa.selenium.remote.RemoteWebDriver.findElement(RemoteWebDriver.java:352)
	at org.openqa.selenium.remote.RemoteWebDriver.findElementByName(RemoteWebDriver.java:425)
	at org.openqa.selenium.By$ByName.findElement(By.java:299)
	at org.openqa.selenium.remote.RemoteWebDriver.findElement(RemoteWebDriver.java:344)
	at TestNGThreePackage.ClassTwo.Test2(ClassTwo.java:51)
Caused by: org.openqa.selenium.NoSuchElementException: Unable to locate element: {&quot;method&quot;:&quot;name&quot;,&quot;selector&quot;:&quot;name&quot;}
For documentation on this error, please visit: http://seleniumhq.org/exceptions/no_such_element.html
Build info: version: &apos;2.44.0&apos;, revision: &apos;76d78cf323ce037c5f92db6c1bba601c2ac43ad8&apos;, time: &apos;2014-10-23 13:11:40&apos;
System info: host: &apos;BDAVIS-MAC.local&apos;, ip: &apos;192.168.10.124&apos;, os.name: &apos;Mac OS X&apos;, os.arch: &apos;x86_64&apos;, os.version: &apos;10.10.2&apos;, java.version: &apos;1.7.0_71&apos;
Driver info: driver.version: unknown
	at &lt;anonymous class&gt;.FirefoxDriver.prototype.findElementInternal_(file:///var/folders/ws/hb0qj1dx1vgc2dc3770lm0s1l61c2y/T/anonymous2572905690514885815webdriver-profile/extensions/fxdriver@googlecode.com/components/driver-component.js:9641:133)
	at &lt;anonymous class&gt;.FirefoxDriver.prototype.findElement(file:///var/folders/ws/hb0qj1dx1vgc2dc3770lm0s1l61c2y/T/anonymous2572905690514885815webdriver-profile/extensions/fxdriver@googlecode.com/components/driver-component.js:9650:3)
	at &lt;anonymous class&gt;.DelayedCommand.prototype.executeInternal_/h(file:///var/folders/ws/hb0qj1dx1vgc2dc3770lm0s1l61c2y/T/anonymous2572905690514885815webdriver-profile/extensions/fxdriver@googlecode.com/components/command-processor.js:11635:16)
	at &lt;anonymous class&gt;.DelayedCommand.prototype.executeInternal_(file:///var/folders/ws/hb0qj1dx1vgc2dc3770lm0s1l61c2y/T/anonymous2572905690514885815webdriver-profile/extensions/fxdriver@googlecode.com/components/command-processor.js:11640:7)
	at &lt;anonymous class&gt;.DelayedCommand.prototype.execute/&lt;(file:///var/folders/ws/hb0qj1dx1vgc2dc3770lm0s1l61c2y/T/anonymous2572905690514885815webdriver-profile/extensions/fxdriver@googlecode.com/components/command-processor.js:11582:5)
... Removed 28 stack frames</div></td></tr></table><p class="totop"><a href="#summary">back to summary</a></p><h3 id="m31">TestNGThreePackage.ClassTwo#Test3</h3><table class="result"></table><p class="totop"><a href="#summary">back to summary</a></p><h3 id="m32">TestNGThreePackage.ClassTwo#Test4</h3><table class="result"></table><p class="totop"><a href="#summary">back to summary</a></p><h3 id="m33">TestNGTwoPackage.ClassThree#f</h3><table class="result"></table><p class="totop"><a href="#summary">back to summary</a></p><h3 id="m34">TestNGTwoPackage.ClassTwo#MethodOne</h3><table class="result"></table><p class="totop"><a href="#summary">back to summary</a></p><h3 id="m35">TestNGTwoPackage.ClassTwo#MethodTwo</h3><table class="result"></table><p class="totop"><a href="#summary">back to summary</a></p><h2>Test In FireFox</h2><h3 id="m36">TestNGThreePackage.ClassThree#GetPageTitle</h3><table class="result"></table><p class="totop"><a href="#summary">back to summary</a></p><h2>Test In Google Chrome</h2><h3 id="m37">TestNGThreePackage.ClassThree#GetPageTitle</h3><table class="result"></table><p class="totop"><a href="#summary">back to summary</a></p></body></html>