<?xml version="1.0" encoding="UTF-8"?>
<testng-results skipped="1" failed="6" total="32" passed="25">
  <reporter-output>
  </reporter-output>
  <suite name="Test Suite" duration-ms="31336" started-at="2015-02-20T17:23:57Z" finished-at="2015-02-20T17:24:29Z">
    <groups>
      <group name="Group1">
        <method signature="ClassTwo.Group1_Test2()[pri:0, instance:TestNGThreePackage.ClassTwo@69bf5fb1]" name="Group1_Test2" class="TestNGThreePackage.ClassTwo"/>
        <method signature="ClassTwo.Group1_Test1()[pri:0, instance:TestNGThreePackage.ClassTwo@69bf5fb1]" name="Group1_Test1" class="TestNGThreePackage.ClassTwo"/>
        <method signature="ClassTwo.Group1_Test2()[pri:0, instance:TestNGThreePackage.ClassTwo@1222ee17]" name="Group1_Test2" class="TestNGThreePackage.ClassTwo"/>
        <method signature="ClassTwo.Group1_Test1()[pri:0, instance:TestNGThreePackage.ClassTwo@1222ee17]" name="Group1_Test1" class="TestNGThreePackage.ClassTwo"/>
      </group> <!-- Group1 -->
    </groups>
    <test name="Group Priority Tests" duration-ms="701" started-at="2015-02-20T17:23:57Z" finished-at="2015-02-20T17:23:58Z">
      <class name="TestNGThreePackage.ClassTwo">
        <test-method status="PASS" signature="Test2()[pri:0, instance:TestNGThreePackage.ClassTwo@69bf5fb1]" name="Test2" duration-ms="19" started-at="2015-02-20T12:23:57Z" finished-at="2015-02-20T12:23:57Z">
          <exception class="org.openqa.selenium.NoSuchElementException">
            <message>
              <![CDATA[Unable to locate element: {"method":"name","selector":"name"}
Command duration or timeout: 10 milliseconds
For documentation on this error, please visit: http://seleniumhq.org/exceptions/no_such_element.html
Build info: version: '2.44.0', revision: '76d78cf323ce037c5f92db6c1bba601c2ac43ad8', time: '2014-10-23 13:11:40'
System info: host: 'BDAVIS-MAC.local', ip: '192.168.10.124', os.name: 'Mac OS X', os.arch: 'x86_64', os.version: '10.10.2', java.version: '1.7.0_71'
Session ID: 20e3627e-3f29-2046-87c3-46c2150e9bd7
Driver info: org.openqa.selenium.firefox.FirefoxDriver
Capabilities [{platform=MAC, acceptSslCerts=true, javascriptEnabled=true, cssSelectorsEnabled=true, databaseEnabled=true, browserName=firefox, handlesAlerts=true, nativeEvents=false, webStorageEnabled=true, rotatable=false, locationContextEnabled=true, applicationCacheEnabled=true, takesScreenshot=true, version=32.0.3}]]]>
            </message>
            <full-stacktrace>
              <![CDATA[org.openqa.selenium.NoSuchElementException: Unable to locate element: {"method":"name","selector":"name"}
Command duration or timeout: 10 milliseconds
For documentation on this error, please visit: http://seleniumhq.org/exceptions/no_such_element.html
Build info: version: '2.44.0', revision: '76d78cf323ce037c5f92db6c1bba601c2ac43ad8', time: '2014-10-23 13:11:40'
System info: host: 'BDAVIS-MAC.local', ip: '192.168.10.124', os.name: 'Mac OS X', os.arch: 'x86_64', os.version: '10.10.2', java.version: '1.7.0_71'
Session ID: 20e3627e-3f29-2046-87c3-46c2150e9bd7
Driver info: org.openqa.selenium.firefox.FirefoxDriver
Capabilities [{platform=MAC, acceptSslCerts=true, javascriptEnabled=true, cssSelectorsEnabled=true, databaseEnabled=true, browserName=firefox, handlesAlerts=true, nativeEvents=false, webStorageEnabled=true, rotatable=false, locationContextEnabled=true, applicationCacheEnabled=true, takesScreenshot=true, version=32.0.3}]
	at sun.reflect.NativeConstructorAccessorImpl.newInstance0(Native Method)
	at sun.reflect.NativeConstructorAccessorImpl.newInstance(NativeConstructorAccessorImpl.java:57)
	at sun.reflect.DelegatingConstructorAccessorImpl.newInstance(DelegatingConstructorAccessorImpl.java:45)
	at java.lang.reflect.Constructor.newInstance(Constructor.java:526)
	at org.openqa.selenium.remote.ErrorHandler.createThrowable(ErrorHandler.java:204)
	at org.openqa.selenium.remote.ErrorHandler.throwIfResponseFailed(ErrorHandler.java:156)
	at org.openqa.selenium.remote.RemoteWebDriver.execute(RemoteWebDriver.java:599)
	at org.openqa.selenium.remote.RemoteWebDriver.findElement(RemoteWebDriver.java:352)
	at org.openqa.selenium.remote.RemoteWebDriver.findElementByName(RemoteWebDriver.java:425)
	at org.openqa.selenium.By$ByName.findElement(By.java:299)
	at org.openqa.selenium.remote.RemoteWebDriver.findElement(RemoteWebDriver.java:344)
	at TestNGThreePackage.ClassTwo.Test2(ClassTwo.java:51)
	at sun.reflect.NativeMethodAccessorImpl.invoke0(Native Method)
	at sun.reflect.NativeMethodAccessorImpl.invoke(NativeMethodAccessorImpl.java:57)
	at sun.reflect.DelegatingMethodAccessorImpl.invoke(DelegatingMethodAccessorImpl.java:43)
	at java.lang.reflect.Method.invoke(Method.java:606)
	at org.testng.internal.MethodInvocationHelper.invokeMethod(MethodInvocationHelper.java:84)
	at org.testng.internal.Invoker.invokeMethod(Invoker.java:714)
	at org.testng.internal.Invoker.invokeTestMethod(Invoker.java:901)
	at org.testng.internal.Invoker.invokeTestMethods(Invoker.java:1231)
	at org.testng.internal.TestMethodWorker.invokeTestMethods(TestMethodWorker.java:127)
	at org.testng.internal.TestMethodWorker.run(TestMethodWorker.java:111)
	at org.testng.TestRunner.privateRun(TestRunner.java:767)
	at org.testng.TestRunner.run(TestRunner.java:617)
	at org.testng.SuiteRunner.runTest(SuiteRunner.java:334)
	at org.testng.SuiteRunner.runSequentially(SuiteRunner.java:329)
	at org.testng.SuiteRunner.privateRun(SuiteRunner.java:291)
	at org.testng.SuiteRunner.run(SuiteRunner.java:240)
	at org.testng.SuiteRunnerWorker.runSuite(SuiteRunnerWorker.java:52)
	at org.testng.SuiteRunnerWorker.run(SuiteRunnerWorker.java:86)
	at org.testng.TestNG.runSuitesSequentially(TestNG.java:1224)
	at org.testng.TestNG.runSuitesLocally(TestNG.java:1149)
	at org.testng.TestNG.run(TestNG.java:1057)
	at org.testng.remote.RemoteTestNG.run(RemoteTestNG.java:111)
	at org.testng.remote.RemoteTestNG.initAndRun(RemoteTestNG.java:204)
	at org.testng.remote.RemoteTestNG.main(RemoteTestNG.java:175)
Caused by: org.openqa.selenium.NoSuchElementException: Unable to locate element: {"method":"name","selector":"name"}
For documentation on this error, please visit: http://seleniumhq.org/exceptions/no_such_element.html
Build info: version: '2.44.0', revision: '76d78cf323ce037c5f92db6c1bba601c2ac43ad8', time: '2014-10-23 13:11:40'
System info: host: 'BDAVIS-MAC.local', ip: '192.168.10.124', os.name: 'Mac OS X', os.arch: 'x86_64', os.version: '10.10.2', java.version: '1.7.0_71'
Driver info: driver.version: unknown
	at <anonymous class>.FirefoxDriver.prototype.findElementInternal_(file:///var/folders/ws/hb0qj1dx1vgc2dc3770lm0s1l61c2y/T/anonymous8320441014147827173webdriver-profile/extensions/fxdriver@googlecode.com/components/driver-component.js:9641:133)
	at <anonymous class>.FirefoxDriver.prototype.findElement(file:///var/folders/ws/hb0qj1dx1vgc2dc3770lm0s1l61c2y/T/anonymous8320441014147827173webdriver-profile/extensions/fxdriver@googlecode.com/components/driver-component.js:9650:3)
	at <anonymous class>.DelayedCommand.prototype.executeInternal_/h(file:///var/folders/ws/hb0qj1dx1vgc2dc3770lm0s1l61c2y/T/anonymous8320441014147827173webdriver-profile/extensions/fxdriver@googlecode.com/components/command-processor.js:11635:16)
	at <anonymous class>.DelayedCommand.prototype.executeInternal_(file:///var/folders/ws/hb0qj1dx1vgc2dc3770lm0s1l61c2y/T/anonymous8320441014147827173webdriver-profile/extensions/fxdriver@googlecode.com/components/command-processor.js:11640:7)
	at <anonymous class>.DelayedCommand.prototype.execute/<(file:///var/folders/ws/hb0qj1dx1vgc2dc3770lm0s1l61c2y/T/anonymous8320441014147827173webdriver-profile/extensions/fxdriver@googlecode.com/components/command-processor.js:11582:5)
]]>
            </full-stacktrace>
          </exception> <!-- org.openqa.selenium.NoSuchElementException -->
          <reporter-output>
          </reporter-output>
        </test-method> <!-- Test2 -->
        <test-method status="PASS" signature="Group1_Test2()[pri:0, instance:TestNGThreePackage.ClassTwo@69bf5fb1]" name="Group1_Test2" duration-ms="0" started-at="2015-02-20T12:23:58Z" finished-at="2015-02-20T12:23:58Z">
          <reporter-output>
          </reporter-output>
        </test-method> <!-- Group1_Test2 -->
        <test-method status="PASS" signature="Group1_Test1()[pri:0, instance:TestNGThreePackage.ClassTwo@69bf5fb1]" name="Group1_Test1" duration-ms="0" started-at="2015-02-20T12:23:58Z" finished-at="2015-02-20T12:23:58Z">
          <reporter-output>
          </reporter-output>
        </test-method> <!-- Group1_Test1 -->
        <test-method status="PASS" signature="Test3()[pri:0, instance:TestNGThreePackage.ClassTwo@69bf5fb1]" name="Test3" duration-ms="1" started-at="2015-02-20T12:23:58Z" finished-at="2015-02-20T12:23:58Z">
          <reporter-output>
          </reporter-output>
        </test-method> <!-- Test3 -->
        <test-method status="PASS" signature="Test4()[pri:0, instance:TestNGThreePackage.ClassTwo@69bf5fb1]" name="Test4" duration-ms="1" started-at="2015-02-20T12:23:58Z" depends-on-methods="TestNGThreePackage.ClassTwo.Test3" finished-at="2015-02-20T12:23:58Z">
          <reporter-output>
          </reporter-output>
        </test-method> <!-- Test4 -->
        <test-method status="PASS" signature="closeBrowser()[pri:0, instance:TestNGThreePackage.ClassTwo@69bf5fb1]" name="closeBrowser" is-config="true" duration-ms="77" started-at="2015-02-20T12:23:58Z" finished-at="2015-02-20T12:23:58Z">
          <reporter-output>
          </reporter-output>
        </test-method> <!-- closeBrowser -->
      </class> <!-- TestNGThreePackage.ClassTwo -->
    </test> <!-- Group Priority Tests -->
    <test name="Package Exclude" duration-ms="25841" started-at="2015-02-20T17:23:58Z" finished-at="2015-02-20T17:24:24Z">
      <class name="TestNGTwoPackage.ClassOne">
        <test-method status="FAIL" signature="MethodOne()[pri:0, instance:TestNGTwoPackage.ClassOne@1259f252]" name="MethodOne" duration-ms="3037" started-at="2015-02-20T12:24:15Z" finished-at="2015-02-20T12:24:18Z">
          <exception class="junit.framework.ComparisonFailure">
            <message>
              <![CDATA[expected:<Amazon.com[]> but was:<Amazon.com[: Online Shopping for Electronics, Apparel, Computers, Books, DVDs & more]>]]>
            </message>
            <full-stacktrace>
              <![CDATA[junit.framework.ComparisonFailure: expected:<Amazon.com[]> but was:<Amazon.com[: Online Shopping for Electronics, Apparel, Computers, Books, DVDs & more]>
	at junit.framework.Assert.assertEquals(Assert.java:100)
	at junit.framework.Assert.assertEquals(Assert.java:107)
	at TestNGTwoPackage.ClassOne.MethodOne(ClassOne.java:26)
	at sun.reflect.NativeMethodAccessorImpl.invoke0(Native Method)
	at sun.reflect.NativeMethodAccessorImpl.invoke(NativeMethodAccessorImpl.java:57)
	at sun.reflect.DelegatingMethodAccessorImpl.invoke(DelegatingMethodAccessorImpl.java:43)
	at java.lang.reflect.Method.invoke(Method.java:606)
	at org.testng.internal.MethodInvocationHelper.invokeMethod(MethodInvocationHelper.java:84)
	at org.testng.internal.Invoker.invokeMethod(Invoker.java:714)
	at org.testng.internal.Invoker.invokeTestMethod(Invoker.java:901)
	at org.testng.internal.Invoker.invokeTestMethods(Invoker.java:1231)
	at org.testng.internal.TestMethodWorker.invokeTestMethods(TestMethodWorker.java:127)
	at org.testng.internal.TestMethodWorker.run(TestMethodWorker.java:111)
	at org.testng.TestRunner.privateRun(TestRunner.java:767)
	at org.testng.TestRunner.run(TestRunner.java:617)
	at org.testng.SuiteRunner.runTest(SuiteRunner.java:334)
	at org.testng.SuiteRunner.runSequentially(SuiteRunner.java:329)
	at org.testng.SuiteRunner.privateRun(SuiteRunner.java:291)
	at org.testng.SuiteRunner.run(SuiteRunner.java:240)
	at org.testng.SuiteRunnerWorker.runSuite(SuiteRunnerWorker.java:52)
	at org.testng.SuiteRunnerWorker.run(SuiteRunnerWorker.java:86)
	at org.testng.TestNG.runSuitesSequentially(TestNG.java:1224)
	at org.testng.TestNG.runSuitesLocally(TestNG.java:1149)
	at org.testng.TestNG.run(TestNG.java:1057)
	at org.testng.remote.RemoteTestNG.run(RemoteTestNG.java:111)
	at org.testng.remote.RemoteTestNG.initAndRun(RemoteTestNG.java:204)
	at org.testng.remote.RemoteTestNG.main(RemoteTestNG.java:175)
]]>
            </full-stacktrace>
          </exception> <!-- junit.framework.ComparisonFailure -->
          <reporter-output>
          </reporter-output>
        </test-method> <!-- MethodOne -->
      </class> <!-- TestNGTwoPackage.ClassOne -->
      <class name="TestNGThreePackage.ClassOne">
        <test-method status="FAIL" signature="SkipTest()[pri:0, instance:TestNGThreePackage.ClassOne@2652ea59]" name="SkipTest" duration-ms="92" started-at="2015-02-20T12:24:15Z" finished-at="2015-02-20T12:24:15Z">
          <exception class="org.openqa.selenium.NoSuchElementException">
            <message>
              <![CDATA[Unable to locate element: {"method":"name","selector":"greenpeppers"}
Command duration or timeout: 7 milliseconds
For documentation on this error, please visit: http://seleniumhq.org/exceptions/no_such_element.html
Build info: version: '2.44.0', revision: '76d78cf323ce037c5f92db6c1bba601c2ac43ad8', time: '2014-10-23 13:11:40'
System info: host: 'BDAVIS-MAC.local', ip: '192.168.10.124', os.name: 'Mac OS X', os.arch: 'x86_64', os.version: '10.10.2', java.version: '1.7.0_71'
Session ID: 335e72e4-0486-c243-9a60-112af933ce53
Driver info: org.openqa.selenium.firefox.FirefoxDriver
Capabilities [{platform=MAC, acceptSslCerts=true, javascriptEnabled=true, cssSelectorsEnabled=true, databaseEnabled=true, browserName=firefox, handlesAlerts=true, nativeEvents=false, webStorageEnabled=true, rotatable=false, locationContextEnabled=true, applicationCacheEnabled=true, takesScreenshot=true, version=32.0.3}]]]>
            </message>
            <full-stacktrace>
              <![CDATA[org.openqa.selenium.NoSuchElementException: Unable to locate element: {"method":"name","selector":"greenpeppers"}
Command duration or timeout: 7 milliseconds
For documentation on this error, please visit: http://seleniumhq.org/exceptions/no_such_element.html
Build info: version: '2.44.0', revision: '76d78cf323ce037c5f92db6c1bba601c2ac43ad8', time: '2014-10-23 13:11:40'
System info: host: 'BDAVIS-MAC.local', ip: '192.168.10.124', os.name: 'Mac OS X', os.arch: 'x86_64', os.version: '10.10.2', java.version: '1.7.0_71'
Session ID: 335e72e4-0486-c243-9a60-112af933ce53
Driver info: org.openqa.selenium.firefox.FirefoxDriver
Capabilities [{platform=MAC, acceptSslCerts=true, javascriptEnabled=true, cssSelectorsEnabled=true, databaseEnabled=true, browserName=firefox, handlesAlerts=true, nativeEvents=false, webStorageEnabled=true, rotatable=false, locationContextEnabled=true, applicationCacheEnabled=true, takesScreenshot=true, version=32.0.3}]
	at sun.reflect.NativeConstructorAccessorImpl.newInstance0(Native Method)
	at sun.reflect.NativeConstructorAccessorImpl.newInstance(NativeConstructorAccessorImpl.java:57)
	at sun.reflect.DelegatingConstructorAccessorImpl.newInstance(DelegatingConstructorAccessorImpl.java:45)
	at java.lang.reflect.Constructor.newInstance(Constructor.java:526)
	at org.openqa.selenium.remote.ErrorHandler.createThrowable(ErrorHandler.java:204)
	at org.openqa.selenium.remote.ErrorHandler.throwIfResponseFailed(ErrorHandler.java:156)
	at org.openqa.selenium.remote.RemoteWebDriver.execute(RemoteWebDriver.java:599)
	at org.openqa.selenium.remote.RemoteWebDriver.findElement(RemoteWebDriver.java:352)
	at org.openqa.selenium.remote.RemoteWebDriver.findElementByName(RemoteWebDriver.java:425)
	at org.openqa.selenium.By$ByName.findElement(By.java:299)
	at org.openqa.selenium.remote.RemoteWebDriver.findElement(RemoteWebDriver.java:344)
	at TestNGThreePackage.ClassOne.SkipTest(ClassOne.java:32)
	at sun.reflect.NativeMethodAccessorImpl.invoke0(Native Method)
	at sun.reflect.NativeMethodAccessorImpl.invoke(NativeMethodAccessorImpl.java:57)
	at sun.reflect.DelegatingMethodAccessorImpl.invoke(DelegatingMethodAccessorImpl.java:43)
	at java.lang.reflect.Method.invoke(Method.java:606)
	at org.testng.internal.MethodInvocationHelper.invokeMethod(MethodInvocationHelper.java:84)
	at org.testng.internal.Invoker.invokeMethod(Invoker.java:714)
	at org.testng.internal.Invoker.invokeTestMethod(Invoker.java:901)
	at org.testng.internal.Invoker.invokeTestMethods(Invoker.java:1231)
	at org.testng.internal.TestMethodWorker.invokeTestMethods(TestMethodWorker.java:127)
	at org.testng.internal.TestMethodWorker.run(TestMethodWorker.java:111)
	at org.testng.TestRunner.privateRun(TestRunner.java:767)
	at org.testng.TestRunner.run(TestRunner.java:617)
	at org.testng.SuiteRunner.runTest(SuiteRunner.java:334)
	at org.testng.SuiteRunner.runSequentially(SuiteRunner.java:329)
	at org.testng.SuiteRunner.privateRun(SuiteRunner.java:291)
	at org.testng.SuiteRunner.run(SuiteRunner.java:240)
	at org.testng.SuiteRunnerWorker.runSuite(SuiteRunnerWorker.java:52)
	at org.testng.SuiteRunnerWorker.run(SuiteRunnerWorker.java:86)
	at org.testng.TestNG.runSuitesSequentially(TestNG.java:1224)
	at org.testng.TestNG.runSuitesLocally(TestNG.java:1149)
	at org.testng.TestNG.run(TestNG.java:1057)
	at org.testng.remote.RemoteTestNG.run(RemoteTestNG.java:111)
	at org.testng.remote.RemoteTestNG.initAndRun(RemoteTestNG.java:204)
	at org.testng.remote.RemoteTestNG.main(RemoteTestNG.java:175)
Caused by: org.openqa.selenium.NoSuchElementException: Unable to locate element: {"method":"name","selector":"greenpeppers"}
For documentation on this error, please visit: http://seleniumhq.org/exceptions/no_such_element.html
Build info: version: '2.44.0', revision: '76d78cf323ce037c5f92db6c1bba601c2ac43ad8', time: '2014-10-23 13:11:40'
System info: host: 'BDAVIS-MAC.local', ip: '192.168.10.124', os.name: 'Mac OS X', os.arch: 'x86_64', os.version: '10.10.2', java.version: '1.7.0_71'
Driver info: driver.version: unknown
	at <anonymous class>.FirefoxDriver.prototype.findElementInternal_(file:///var/folders/ws/hb0qj1dx1vgc2dc3770lm0s1l61c2y/T/anonymous3563101903371875988webdriver-profile/extensions/fxdriver@googlecode.com/components/driver-component.js:9641:133)
	at <anonymous class>.FirefoxDriver.prototype.findElement(file:///var/folders/ws/hb0qj1dx1vgc2dc3770lm0s1l61c2y/T/anonymous3563101903371875988webdriver-profile/extensions/fxdriver@googlecode.com/components/driver-component.js:9650:3)
	at <anonymous class>.DelayedCommand.prototype.executeInternal_/h(file:///var/folders/ws/hb0qj1dx1vgc2dc3770lm0s1l61c2y/T/anonymous3563101903371875988webdriver-profile/extensions/fxdriver@googlecode.com/components/command-processor.js:11635:16)
	at <anonymous class>.DelayedCommand.prototype.executeInternal_(file:///var/folders/ws/hb0qj1dx1vgc2dc3770lm0s1l61c2y/T/anonymous3563101903371875988webdriver-profile/extensions/fxdriver@googlecode.com/components/command-processor.js:11640:7)
	at <anonymous class>.DelayedCommand.prototype.execute/<(file:///var/folders/ws/hb0qj1dx1vgc2dc3770lm0s1l61c2y/T/anonymous3563101903371875988webdriver-profile/extensions/fxdriver@googlecode.com/components/command-processor.js:11582:5)
]]>
            </full-stacktrace>
          </exception> <!-- org.openqa.selenium.NoSuchElementException -->
          <reporter-output>
          </reporter-output>
        </test-method> <!-- SkipTest -->
      </class> <!-- TestNGThreePackage.ClassOne -->
      <class name="TestNGOnePackage.TestNGTest">
        <test-method status="PASS" signature="Test1()[pri:0, instance:TestNGOnePackage.TestNGTest@4f33eee7]" name="Test1" duration-ms="0" started-at="2015-02-20T12:24:15Z" finished-at="2015-02-20T12:24:15Z">
          <reporter-output>
          </reporter-output>
        </test-method> <!-- Test1 -->
        <test-method status="PASS" signature="Test2()[pri:0, instance:TestNGOnePackage.TestNGTest@4f33eee7]" name="Test2" duration-ms="0" started-at="2015-02-20T12:24:15Z" finished-at="2015-02-20T12:24:15Z">
          <reporter-output>
          </reporter-output>
        </test-method> <!-- Test2 -->
      </class> <!-- TestNGOnePackage.TestNGTest -->
      <class name="TestNGOnePackage.TestCase_NG">
        <test-method status="PASS" signature="beforeClass()[pri:0, instance:TestNGOnePackage.TestCase_NG@191765ae]" name="beforeClass" is-config="true" duration-ms="0" started-at="2015-02-20T12:24:15Z" finished-at="2015-02-20T12:24:15Z">
          <reporter-output>
          </reporter-output>
        </test-method> <!-- beforeClass -->
        <test-method status="PASS" signature="beforeMethod()[pri:0, instance:TestNGOnePackage.TestCase_NG@191765ae]" name="beforeMethod" is-config="true" duration-ms="0" started-at="2015-02-20T12:24:15Z" finished-at="2015-02-20T12:24:15Z">
          <reporter-output>
          </reporter-output>
        </test-method> <!-- beforeMethod -->
        <test-method status="PASS" signature="f()[pri:0, instance:TestNGOnePackage.TestCase_NG@191765ae]" name="f" duration-ms="0" started-at="2015-02-20T12:24:15Z" finished-at="2015-02-20T12:24:15Z">
          <reporter-output>
          </reporter-output>
        </test-method> <!-- f -->
        <test-method status="PASS" signature="afterMethod()[pri:0, instance:TestNGOnePackage.TestCase_NG@191765ae]" name="afterMethod" is-config="true" duration-ms="0" started-at="2015-02-20T12:24:15Z" finished-at="2015-02-20T12:24:15Z">
          <reporter-output>
          </reporter-output>
        </test-method> <!-- afterMethod -->
        <test-method status="PASS" signature="afterClass()[pri:0, instance:TestNGOnePackage.TestCase_NG@191765ae]" name="afterClass" is-config="true" duration-ms="0" started-at="2015-02-20T12:24:15Z" finished-at="2015-02-20T12:24:15Z">
          <reporter-output>
          </reporter-output>
        </test-method> <!-- afterClass -->
      </class> <!-- TestNGOnePackage.TestCase_NG -->
      <class name="TestNGThreePackage.ClassThree">
        <test-method status="FAIL" signature="setup(java.lang.String)[pri:0, instance:TestNGThreePackage.ClassThree@4ed1102f]" name="setup" is-config="true" duration-ms="0" started-at="2015-02-20T12:24:15Z" finished-at="2015-02-20T12:24:15Z">
          <exception class="org.testng.TestNGException">
            <message>
              <![CDATA[
Parameter 'browsers' is required by @Configuration on method setup but has not been marked @Optional or defined
in /Cabinet/Workspace/selenium-3/testNG2.xml]]>
            </message>
            <full-stacktrace>
              <![CDATA[org.testng.TestNGException: 
Parameter 'browsers' is required by @Configuration on method setup but has not been marked @Optional or defined
in /Cabinet/Workspace/selenium-3/testNG2.xml
	at org.testng.internal.Parameters.createParameters(Parameters.java:155)
	at org.testng.internal.Parameters.createParameters(Parameters.java:358)
	at org.testng.internal.Parameters.createConfigurationParameters(Parameters.java:86)
	at org.testng.internal.Invoker.invokeConfigurations(Invoker.java:199)
	at org.testng.internal.Invoker.invokeConfigurations(Invoker.java:138)
	at org.testng.internal.TestMethodWorker.invokeBeforeClassMethods(TestMethodWorker.java:175)
	at org.testng.internal.TestMethodWorker.run(TestMethodWorker.java:107)
	at org.testng.TestRunner.privateRun(TestRunner.java:767)
	at org.testng.TestRunner.run(TestRunner.java:617)
	at org.testng.SuiteRunner.runTest(SuiteRunner.java:334)
	at org.testng.SuiteRunner.runSequentially(SuiteRunner.java:329)
	at org.testng.SuiteRunner.privateRun(SuiteRunner.java:291)
	at org.testng.SuiteRunner.run(SuiteRunner.java:240)
	at org.testng.SuiteRunnerWorker.runSuite(SuiteRunnerWorker.java:52)
	at org.testng.SuiteRunnerWorker.run(SuiteRunnerWorker.java:86)
	at org.testng.TestNG.runSuitesSequentially(TestNG.java:1224)
	at org.testng.TestNG.runSuitesLocally(TestNG.java:1149)
	at org.testng.TestNG.run(TestNG.java:1057)
	at org.testng.remote.RemoteTestNG.run(RemoteTestNG.java:111)
	at org.testng.remote.RemoteTestNG.initAndRun(RemoteTestNG.java:204)
	at org.testng.remote.RemoteTestNG.main(RemoteTestNG.java:175)
]]>
            </full-stacktrace>
          </exception> <!-- org.testng.TestNGException -->
          <reporter-output>
          </reporter-output>
        </test-method> <!-- setup -->
        <test-method status="SKIP" signature="GetPageTitle()[pri:0, instance:TestNGThreePackage.ClassThree@4ed1102f]" name="GetPageTitle" duration-ms="0" started-at="2015-02-20T12:24:15Z" finished-at="2015-02-20T12:24:15Z">
          <reporter-output>
          </reporter-output>
        </test-method> <!-- GetPageTitle -->
      </class> <!-- TestNGThreePackage.ClassThree -->
      <class name="TestNGOnePackage.ClassTwo">
        <test-method status="PASS" signature="f()[pri:0, instance:TestNGOnePackage.ClassTwo@4f148f60]" name="f" duration-ms="0" started-at="2015-02-20T12:24:15Z" finished-at="2015-02-20T12:24:15Z">
          <reporter-output>
          </reporter-output>
        </test-method> <!-- f -->
      </class> <!-- TestNGOnePackage.ClassTwo -->
      <class name="TestNGOnePackage.AllAnnontations">
        <test-method status="PASS" signature="beforeTest()[pri:0, instance:TestNGOnePackage.AllAnnontations@3894aa0]" name="beforeTest" is-config="true" duration-ms="0" started-at="2015-02-20T12:23:58Z" finished-at="2015-02-20T12:23:58Z">
          <reporter-output>
          </reporter-output>
        </test-method> <!-- beforeTest -->
        <test-method status="PASS" signature="beforeTest()[pri:0, instance:TestNGOnePackage.TestCase_NG@191765ae]" name="beforeTest" is-config="true" duration-ms="0" started-at="2015-02-20T12:23:58Z" finished-at="2015-02-20T12:23:58Z">
          <reporter-output>
          </reporter-output>
        </test-method> <!-- beforeTest -->
        <test-method status="PASS" signature="beforeClass()[pri:0, instance:TestNGOnePackage.AllAnnontations@3894aa0]" name="beforeClass" is-config="true" duration-ms="0" started-at="2015-02-20T12:24:02Z" finished-at="2015-02-20T12:24:02Z">
          <reporter-output>
          </reporter-output>
        </test-method> <!-- beforeClass -->
        <test-method status="PASS" signature="f()[pri:0, instance:TestNGOnePackage.AllAnnontations@3894aa0]" name="f" duration-ms="0" started-at="2015-02-20T12:24:02Z" finished-at="2015-02-20T12:24:02Z">
          <reporter-output>
          </reporter-output>
        </test-method> <!-- f -->
        <test-method status="PASS" signature="beforeMethod()[pri:0, instance:TestNGOnePackage.AllAnnontations@3894aa0]" name="beforeMethod" is-config="true" duration-ms="0" started-at="2015-02-20T12:24:02Z" finished-at="2015-02-20T12:24:02Z">
          <reporter-output>
          </reporter-output>
        </test-method> <!-- beforeMethod -->
        <test-method status="PASS" signature="afterClass()[pri:0, instance:TestNGOnePackage.AllAnnontations@3894aa0]" name="afterClass" is-config="true" duration-ms="0" started-at="2015-02-20T12:24:02Z" finished-at="2015-02-20T12:24:02Z">
          <reporter-output>
          </reporter-output>
        </test-method> <!-- afterClass -->
        <test-method status="PASS" signature="afterMethod()[pri:0, instance:TestNGOnePackage.AllAnnontations@3894aa0]" name="afterMethod" is-config="true" duration-ms="0" started-at="2015-02-20T12:24:02Z" finished-at="2015-02-20T12:24:02Z">
          <reporter-output>
          </reporter-output>
        </test-method> <!-- afterMethod -->
        <test-method status="PASS" signature="closeBrowser()[pri:0, instance:TestNGOnePackage.ClassOne@13a2ce7]" name="closeBrowser" is-config="true" duration-ms="107" started-at="2015-02-20T12:24:24Z" finished-at="2015-02-20T12:24:24Z">
          <reporter-output>
          </reporter-output>
        </test-method> <!-- closeBrowser -->
        <test-method status="PASS" signature="afterTest()[pri:0, instance:TestNGOnePackage.AllAnnontations@3894aa0]" name="afterTest" is-config="true" duration-ms="0" started-at="2015-02-20T12:24:24Z" finished-at="2015-02-20T12:24:24Z">
          <reporter-output>
          </reporter-output>
        </test-method> <!-- afterTest -->
        <test-method status="PASS" signature="closeBrowser()[pri:0, instance:TestNGThreePackage.ClassOne@2652ea59]" name="closeBrowser" is-config="true" duration-ms="77" started-at="2015-02-20T12:24:24Z" finished-at="2015-02-20T12:24:24Z">
          <reporter-output>
          </reporter-output>
        </test-method> <!-- closeBrowser -->
        <test-method status="PASS" signature="closeBrowser()[pri:0, instance:TestNGTwoPackage.ClassOne@1259f252]" name="closeBrowser" is-config="true" duration-ms="101" started-at="2015-02-20T12:24:24Z" finished-at="2015-02-20T12:24:24Z">
          <reporter-output>
          </reporter-output>
        </test-method> <!-- closeBrowser -->
        <test-method status="SKIP" signature="closeBrowsers()[pri:0, instance:TestNGThreePackage.ClassThree@4ed1102f]" name="closeBrowsers" is-config="true" duration-ms="0" started-at="2015-02-20T12:24:24Z" finished-at="2015-02-20T12:24:24Z">
          <reporter-output>
          </reporter-output>
        </test-method> <!-- closeBrowsers -->
        <test-method status="SKIP" signature="closeBrowser()[pri:0, instance:TestNGThreePackage.ClassTwo@1222ee17]" name="closeBrowser" is-config="true" duration-ms="0" started-at="2015-02-20T12:24:24Z" finished-at="2015-02-20T12:24:24Z">
          <reporter-output>
          </reporter-output>
        </test-method> <!-- closeBrowser -->
        <test-method status="SKIP" signature="closeBrowser()[pri:0, instance:TestNGTwoPackage.ClassTwo@7f7da615]" name="closeBrowser" is-config="true" duration-ms="0" started-at="2015-02-20T12:24:24Z" finished-at="2015-02-20T12:24:24Z">
          <reporter-output>
          </reporter-output>
        </test-method> <!-- closeBrowser -->
        <test-method status="SKIP" signature="afterTest()[pri:0, instance:TestNGOnePackage.TestCase_NG@191765ae]" name="afterTest" is-config="true" duration-ms="0" started-at="2015-02-20T12:24:24Z" finished-at="2015-02-20T12:24:24Z">
          <reporter-output>
          </reporter-output>
        </test-method> <!-- afterTest -->
        <test-method status="SKIP" signature="afterTest()[pri:0, instance:TestNGOnePackage.TestNGTest@4f33eee7]" name="afterTest" is-config="true" duration-ms="0" started-at="2015-02-20T12:24:24Z" finished-at="2015-02-20T12:24:24Z">
          <reporter-output>
          </reporter-output>
        </test-method> <!-- afterTest -->
      </class> <!-- TestNGOnePackage.AllAnnontations -->
      <class name="TestNGTwoPackage.ClassTwo">
        <test-method status="PASS" signature="MethodOne()[pri:0, instance:TestNGTwoPackage.ClassTwo@7f7da615]" name="MethodOne" duration-ms="3246" started-at="2015-02-20T12:24:18Z" finished-at="2015-02-20T12:24:22Z">
          <reporter-output>
          </reporter-output>
        </test-method> <!-- MethodOne -->
        <test-method status="PASS" signature="MethodTwo()[pri:0, instance:TestNGTwoPackage.ClassTwo@7f7da615]" name="MethodTwo" duration-ms="2024" started-at="2015-02-20T12:24:22Z" finished-at="2015-02-20T12:24:24Z">
          <reporter-output>
          </reporter-output>
        </test-method> <!-- MethodTwo -->
      </class> <!-- TestNGTwoPackage.ClassTwo -->
      <class name="TestNGThreePackage.ClassTwo">
        <test-method status="PASS" signature="Test2()[pri:0, instance:TestNGThreePackage.ClassTwo@1222ee17]" name="Test2" duration-ms="11" started-at="2015-02-20T12:24:15Z" finished-at="2015-02-20T12:24:15Z">
          <exception class="org.openqa.selenium.NoSuchElementException">
            <message>
              <![CDATA[Unable to locate element: {"method":"name","selector":"name"}
Command duration or timeout: 11 milliseconds
For documentation on this error, please visit: http://seleniumhq.org/exceptions/no_such_element.html
Build info: version: '2.44.0', revision: '76d78cf323ce037c5f92db6c1bba601c2ac43ad8', time: '2014-10-23 13:11:40'
System info: host: 'BDAVIS-MAC.local', ip: '192.168.10.124', os.name: 'Mac OS X', os.arch: 'x86_64', os.version: '10.10.2', java.version: '1.7.0_71'
Session ID: 24f86b98-4d56-f44c-aff3-103cb5ec8ffc
Driver info: org.openqa.selenium.firefox.FirefoxDriver
Capabilities [{platform=MAC, acceptSslCerts=true, javascriptEnabled=true, cssSelectorsEnabled=true, databaseEnabled=true, browserName=firefox, handlesAlerts=true, nativeEvents=false, webStorageEnabled=true, rotatable=false, locationContextEnabled=true, applicationCacheEnabled=true, takesScreenshot=true, version=32.0.3}]]]>
            </message>
            <full-stacktrace>
              <![CDATA[org.openqa.selenium.NoSuchElementException: Unable to locate element: {"method":"name","selector":"name"}
Command duration or timeout: 11 milliseconds
For documentation on this error, please visit: http://seleniumhq.org/exceptions/no_such_element.html
Build info: version: '2.44.0', revision: '76d78cf323ce037c5f92db6c1bba601c2ac43ad8', time: '2014-10-23 13:11:40'
System info: host: 'BDAVIS-MAC.local', ip: '192.168.10.124', os.name: 'Mac OS X', os.arch: 'x86_64', os.version: '10.10.2', java.version: '1.7.0_71'
Session ID: 24f86b98-4d56-f44c-aff3-103cb5ec8ffc
Driver info: org.openqa.selenium.firefox.FirefoxDriver
Capabilities [{platform=MAC, acceptSslCerts=true, javascriptEnabled=true, cssSelectorsEnabled=true, databaseEnabled=true, browserName=firefox, handlesAlerts=true, nativeEvents=false, webStorageEnabled=true, rotatable=false, locationContextEnabled=true, applicationCacheEnabled=true, takesScreenshot=true, version=32.0.3}]
	at sun.reflect.NativeConstructorAccessorImpl.newInstance0(Native Method)
	at sun.reflect.NativeConstructorAccessorImpl.newInstance(NativeConstructorAccessorImpl.java:57)
	at sun.reflect.DelegatingConstructorAccessorImpl.newInstance(DelegatingConstructorAccessorImpl.java:45)
	at java.lang.reflect.Constructor.newInstance(Constructor.java:526)
	at org.openqa.selenium.remote.ErrorHandler.createThrowable(ErrorHandler.java:204)
	at org.openqa.selenium.remote.ErrorHandler.throwIfResponseFailed(ErrorHandler.java:156)
	at org.openqa.selenium.remote.RemoteWebDriver.execute(RemoteWebDriver.java:599)
	at org.openqa.selenium.remote.RemoteWebDriver.findElement(RemoteWebDriver.java:352)
	at org.openqa.selenium.remote.RemoteWebDriver.findElementByName(RemoteWebDriver.java:425)
	at org.openqa.selenium.By$ByName.findElement(By.java:299)
	at org.openqa.selenium.remote.RemoteWebDriver.findElement(RemoteWebDriver.java:344)
	at TestNGThreePackage.ClassTwo.Test2(ClassTwo.java:51)
	at sun.reflect.NativeMethodAccessorImpl.invoke0(Native Method)
	at sun.reflect.NativeMethodAccessorImpl.invoke(NativeMethodAccessorImpl.java:57)
	at sun.reflect.DelegatingMethodAccessorImpl.invoke(DelegatingMethodAccessorImpl.java:43)
	at java.lang.reflect.Method.invoke(Method.java:606)
	at org.testng.internal.MethodInvocationHelper.invokeMethod(MethodInvocationHelper.java:84)
	at org.testng.internal.Invoker.invokeMethod(Invoker.java:714)
	at org.testng.internal.Invoker.invokeTestMethod(Invoker.java:901)
	at org.testng.internal.Invoker.invokeTestMethods(Invoker.java:1231)
	at org.testng.internal.TestMethodWorker.invokeTestMethods(TestMethodWorker.java:127)
	at org.testng.internal.TestMethodWorker.run(TestMethodWorker.java:111)
	at org.testng.TestRunner.privateRun(TestRunner.java:767)
	at org.testng.TestRunner.run(TestRunner.java:617)
	at org.testng.SuiteRunner.runTest(SuiteRunner.java:334)
	at org.testng.SuiteRunner.runSequentially(SuiteRunner.java:329)
	at org.testng.SuiteRunner.privateRun(SuiteRunner.java:291)
	at org.testng.SuiteRunner.run(SuiteRunner.java:240)
	at org.testng.SuiteRunnerWorker.runSuite(SuiteRunnerWorker.java:52)
	at org.testng.SuiteRunnerWorker.run(SuiteRunnerWorker.java:86)
	at org.testng.TestNG.runSuitesSequentially(TestNG.java:1224)
	at org.testng.TestNG.runSuitesLocally(TestNG.java:1149)
	at org.testng.TestNG.run(TestNG.java:1057)
	at org.testng.remote.RemoteTestNG.run(RemoteTestNG.java:111)
	at org.testng.remote.RemoteTestNG.initAndRun(RemoteTestNG.java:204)
	at org.testng.remote.RemoteTestNG.main(RemoteTestNG.java:175)
Caused by: org.openqa.selenium.NoSuchElementException: Unable to locate element: {"method":"name","selector":"name"}
For documentation on this error, please visit: http://seleniumhq.org/exceptions/no_such_element.html
Build info: version: '2.44.0', revision: '76d78cf323ce037c5f92db6c1bba601c2ac43ad8', time: '2014-10-23 13:11:40'
System info: host: 'BDAVIS-MAC.local', ip: '192.168.10.124', os.name: 'Mac OS X', os.arch: 'x86_64', os.version: '10.10.2', java.version: '1.7.0_71'
Driver info: driver.version: unknown
	at <anonymous class>.FirefoxDriver.prototype.findElementInternal_(file:///var/folders/ws/hb0qj1dx1vgc2dc3770lm0s1l61c2y/T/anonymous2572905690514885815webdriver-profile/extensions/fxdriver@googlecode.com/components/driver-component.js:9641:133)
	at <anonymous class>.FirefoxDriver.prototype.findElement(file:///var/folders/ws/hb0qj1dx1vgc2dc3770lm0s1l61c2y/T/anonymous2572905690514885815webdriver-profile/extensions/fxdriver@googlecode.com/components/driver-component.js:9650:3)
	at <anonymous class>.DelayedCommand.prototype.executeInternal_/h(file:///var/folders/ws/hb0qj1dx1vgc2dc3770lm0s1l61c2y/T/anonymous2572905690514885815webdriver-profile/extensions/fxdriver@googlecode.com/components/command-processor.js:11635:16)
	at <anonymous class>.DelayedCommand.prototype.executeInternal_(file:///var/folders/ws/hb0qj1dx1vgc2dc3770lm0s1l61c2y/T/anonymous2572905690514885815webdriver-profile/extensions/fxdriver@googlecode.com/components/command-processor.js:11640:7)
	at <anonymous class>.DelayedCommand.prototype.execute/<(file:///var/folders/ws/hb0qj1dx1vgc2dc3770lm0s1l61c2y/T/anonymous2572905690514885815webdriver-profile/extensions/fxdriver@googlecode.com/components/command-processor.js:11582:5)
]]>
            </full-stacktrace>
          </exception> <!-- org.openqa.selenium.NoSuchElementException -->
          <reporter-output>
          </reporter-output>
        </test-method> <!-- Test2 -->
        <test-method status="PASS" signature="Group1_Test2()[pri:0, instance:TestNGThreePackage.ClassTwo@1222ee17]" name="Group1_Test2" duration-ms="0" started-at="2015-02-20T12:24:15Z" finished-at="2015-02-20T12:24:15Z">
          <reporter-output>
          </reporter-output>
        </test-method> <!-- Group1_Test2 -->
        <test-method status="PASS" signature="Test3()[pri:0, instance:TestNGThreePackage.ClassTwo@1222ee17]" name="Test3" duration-ms="1" started-at="2015-02-20T12:24:15Z" finished-at="2015-02-20T12:24:15Z">
          <reporter-output>
          </reporter-output>
        </test-method> <!-- Test3 -->
        <test-method status="PASS" signature="Group1_Test1()[pri:0, instance:TestNGThreePackage.ClassTwo@1222ee17]" name="Group1_Test1" duration-ms="0" started-at="2015-02-20T12:24:15Z" finished-at="2015-02-20T12:24:15Z">
          <reporter-output>
          </reporter-output>
        </test-method> <!-- Group1_Test1 -->
        <test-method status="PASS" signature="Test4()[pri:0, instance:TestNGThreePackage.ClassTwo@1222ee17]" name="Test4" duration-ms="0" started-at="2015-02-20T12:24:15Z" depends-on-methods="TestNGThreePackage.ClassTwo.Test3" finished-at="2015-02-20T12:24:15Z">
          <reporter-output>
          </reporter-output>
        </test-method> <!-- Test4 -->
      </class> <!-- TestNGThreePackage.ClassTwo -->
      <class name="systest.net.saisoft.selenium.dataDriver_TestNG2">
        <test-method status="FAIL" signature="f(java.lang.String, java.lang.String, java.lang.String, java.lang.String)[pri:0, instance:systest.net.saisoft.selenium.dataDriver_TestNG2@d978cb7]" name="f" duration-ms="1651" started-at="2015-02-20T12:23:58Z" data-provider="dp" finished-at="2015-02-20T12:24:00Z">
          <params>
            <param index="0">
              <value>
                <![CDATA[first name]]>
              </value>
            </param>
            <param index="1">
              <value>
                <![CDATA[last name]]>
              </value>
            </param>
            <param index="2">
              <value>
                <![CDATA[email again]]>
              </value>
            </param>
            <param index="3">
              <value>
                <![CDATA[13]]>
              </value>
            </param>
          </params>
          <exception class="org.openqa.selenium.NoSuchElementException">
            <message>
              <![CDATA[Unable to locate element: {"method":"id","selector":"firstName"}
Command duration or timeout: 23 milliseconds
For documentation on this error, please visit: http://seleniumhq.org/exceptions/no_such_element.html
Build info: version: '2.44.0', revision: '76d78cf323ce037c5f92db6c1bba601c2ac43ad8', time: '2014-10-23 13:11:40'
System info: host: 'BDAVIS-MAC.local', ip: '192.168.10.124', os.name: 'Mac OS X', os.arch: 'x86_64', os.version: '10.10.2', java.version: '1.7.0_71'
Session ID: de9a4c92-bb8f-4e42-b434-2b8ffbd59f40
Driver info: org.openqa.selenium.firefox.FirefoxDriver
Capabilities [{platform=MAC, acceptSslCerts=true, javascriptEnabled=true, cssSelectorsEnabled=true, databaseEnabled=true, browserName=firefox, handlesAlerts=true, nativeEvents=false, webStorageEnabled=true, rotatable=false, locationContextEnabled=true, applicationCacheEnabled=true, takesScreenshot=true, version=32.0.3}]]]>
            </message>
            <full-stacktrace>
              <![CDATA[org.openqa.selenium.NoSuchElementException: Unable to locate element: {"method":"id","selector":"firstName"}
Command duration or timeout: 23 milliseconds
For documentation on this error, please visit: http://seleniumhq.org/exceptions/no_such_element.html
Build info: version: '2.44.0', revision: '76d78cf323ce037c5f92db6c1bba601c2ac43ad8', time: '2014-10-23 13:11:40'
System info: host: 'BDAVIS-MAC.local', ip: '192.168.10.124', os.name: 'Mac OS X', os.arch: 'x86_64', os.version: '10.10.2', java.version: '1.7.0_71'
Session ID: de9a4c92-bb8f-4e42-b434-2b8ffbd59f40
Driver info: org.openqa.selenium.firefox.FirefoxDriver
Capabilities [{platform=MAC, acceptSslCerts=true, javascriptEnabled=true, cssSelectorsEnabled=true, databaseEnabled=true, browserName=firefox, handlesAlerts=true, nativeEvents=false, webStorageEnabled=true, rotatable=false, locationContextEnabled=true, applicationCacheEnabled=true, takesScreenshot=true, version=32.0.3}]
	at sun.reflect.NativeConstructorAccessorImpl.newInstance0(Native Method)
	at sun.reflect.NativeConstructorAccessorImpl.newInstance(NativeConstructorAccessorImpl.java:57)
	at sun.reflect.DelegatingConstructorAccessorImpl.newInstance(DelegatingConstructorAccessorImpl.java:45)
	at java.lang.reflect.Constructor.newInstance(Constructor.java:526)
	at org.openqa.selenium.remote.ErrorHandler.createThrowable(ErrorHandler.java:204)
	at org.openqa.selenium.remote.ErrorHandler.throwIfResponseFailed(ErrorHandler.java:156)
	at org.openqa.selenium.remote.RemoteWebDriver.execute(RemoteWebDriver.java:599)
	at org.openqa.selenium.remote.RemoteWebDriver.findElement(RemoteWebDriver.java:352)
	at org.openqa.selenium.remote.RemoteWebDriver.findElementById(RemoteWebDriver.java:393)
	at org.openqa.selenium.By$ById.findElement(By.java:214)
	at org.openqa.selenium.remote.RemoteWebDriver.findElement(RemoteWebDriver.java:344)
	at systest.net.saisoft.selenium.dataDriver_TestNG2.f(dataDriver_TestNG2.java:17)
	at sun.reflect.NativeMethodAccessorImpl.invoke0(Native Method)
	at sun.reflect.NativeMethodAccessorImpl.invoke(NativeMethodAccessorImpl.java:57)
	at sun.reflect.DelegatingMethodAccessorImpl.invoke(DelegatingMethodAccessorImpl.java:43)
	at java.lang.reflect.Method.invoke(Method.java:606)
	at org.testng.internal.MethodInvocationHelper.invokeMethod(MethodInvocationHelper.java:84)
	at org.testng.internal.Invoker.invokeMethod(Invoker.java:714)
	at org.testng.internal.Invoker.invokeTestMethod(Invoker.java:901)
	at org.testng.internal.Invoker.invokeTestMethods(Invoker.java:1231)
	at org.testng.internal.TestMethodWorker.invokeTestMethods(TestMethodWorker.java:127)
	at org.testng.internal.TestMethodWorker.run(TestMethodWorker.java:111)
	at org.testng.TestRunner.privateRun(TestRunner.java:767)
	at org.testng.TestRunner.run(TestRunner.java:617)
	at org.testng.SuiteRunner.runTest(SuiteRunner.java:334)
	at org.testng.SuiteRunner.runSequentially(SuiteRunner.java:329)
	at org.testng.SuiteRunner.privateRun(SuiteRunner.java:291)
	at org.testng.SuiteRunner.run(SuiteRunner.java:240)
	at org.testng.SuiteRunnerWorker.runSuite(SuiteRunnerWorker.java:52)
	at org.testng.SuiteRunnerWorker.run(SuiteRunnerWorker.java:86)
	at org.testng.TestNG.runSuitesSequentially(TestNG.java:1224)
	at org.testng.TestNG.runSuitesLocally(TestNG.java:1149)
	at org.testng.TestNG.run(TestNG.java:1057)
	at org.testng.remote.RemoteTestNG.run(RemoteTestNG.java:111)
	at org.testng.remote.RemoteTestNG.initAndRun(RemoteTestNG.java:204)
	at org.testng.remote.RemoteTestNG.main(RemoteTestNG.java:175)
Caused by: org.openqa.selenium.NoSuchElementException: Unable to locate element: {"method":"id","selector":"firstName"}
For documentation on this error, please visit: http://seleniumhq.org/exceptions/no_such_element.html
Build info: version: '2.44.0', revision: '76d78cf323ce037c5f92db6c1bba601c2ac43ad8', time: '2014-10-23 13:11:40'
System info: host: 'BDAVIS-MAC.local', ip: '192.168.10.124', os.name: 'Mac OS X', os.arch: 'x86_64', os.version: '10.10.2', java.version: '1.7.0_71'
Driver info: driver.version: unknown
	at <anonymous class>.FirefoxDriver.prototype.findElementInternal_(file:///var/folders/ws/hb0qj1dx1vgc2dc3770lm0s1l61c2y/T/anonymous6886366010274487201webdriver-profile/extensions/fxdriver@googlecode.com/components/driver-component.js:9641:133)
	at <anonymous class>.FirefoxDriver.prototype.findElement(file:///var/folders/ws/hb0qj1dx1vgc2dc3770lm0s1l61c2y/T/anonymous6886366010274487201webdriver-profile/extensions/fxdriver@googlecode.com/components/driver-component.js:9650:3)
	at <anonymous class>.DelayedCommand.prototype.executeInternal_/h(file:///var/folders/ws/hb0qj1dx1vgc2dc3770lm0s1l61c2y/T/anonymous6886366010274487201webdriver-profile/extensions/fxdriver@googlecode.com/components/command-processor.js:11635:16)
	at <anonymous class>.DelayedCommand.prototype.executeInternal_(file:///var/folders/ws/hb0qj1dx1vgc2dc3770lm0s1l61c2y/T/anonymous6886366010274487201webdriver-profile/extensions/fxdriver@googlecode.com/components/command-processor.js:11640:7)
	at <anonymous class>.DelayedCommand.prototype.execute/<(file:///var/folders/ws/hb0qj1dx1vgc2dc3770lm0s1l61c2y/T/anonymous6886366010274487201webdriver-profile/extensions/fxdriver@googlecode.com/components/command-processor.js:11582:5)
]]>
            </full-stacktrace>
          </exception> <!-- org.openqa.selenium.NoSuchElementException -->
          <reporter-output>
          </reporter-output>
        </test-method> <!-- f -->
        <test-method status="FAIL" signature="f(java.lang.String, java.lang.String, java.lang.String, java.lang.String)[pri:0, instance:systest.net.saisoft.selenium.dataDriver_TestNG2@d978cb7]" name="f" duration-ms="1726" started-at="2015-02-20T12:24:00Z" data-provider="dp" finished-at="2015-02-20T12:24:02Z">
          <params>
            <param index="0">
              <value>
                <![CDATA[first name again]]>
              </value>
            </param>
            <param index="1">
              <value>
                <![CDATA[last name again]]>
              </value>
            </param>
            <param index="2">
              <value>
                <![CDATA[email second]]>
              </value>
            </param>
            <param index="3">
              <value>
                <![CDATA[15]]>
              </value>
            </param>
          </params>
          <exception class="org.openqa.selenium.NoSuchElementException">
            <message>
              <![CDATA[Unable to locate element: {"method":"id","selector":"firstName"}
Command duration or timeout: 22 milliseconds
For documentation on this error, please visit: http://seleniumhq.org/exceptions/no_such_element.html
Build info: version: '2.44.0', revision: '76d78cf323ce037c5f92db6c1bba601c2ac43ad8', time: '2014-10-23 13:11:40'
System info: host: 'BDAVIS-MAC.local', ip: '192.168.10.124', os.name: 'Mac OS X', os.arch: 'x86_64', os.version: '10.10.2', java.version: '1.7.0_71'
Session ID: d3bd570a-4e09-6045-ad9a-4338d81043ed
Driver info: org.openqa.selenium.firefox.FirefoxDriver
Capabilities [{platform=MAC, acceptSslCerts=true, javascriptEnabled=true, cssSelectorsEnabled=true, databaseEnabled=true, browserName=firefox, handlesAlerts=true, nativeEvents=false, webStorageEnabled=true, rotatable=false, locationContextEnabled=true, applicationCacheEnabled=true, takesScreenshot=true, version=32.0.3}]]]>
            </message>
            <full-stacktrace>
              <![CDATA[org.openqa.selenium.NoSuchElementException: Unable to locate element: {"method":"id","selector":"firstName"}
Command duration or timeout: 22 milliseconds
For documentation on this error, please visit: http://seleniumhq.org/exceptions/no_such_element.html
Build info: version: '2.44.0', revision: '76d78cf323ce037c5f92db6c1bba601c2ac43ad8', time: '2014-10-23 13:11:40'
System info: host: 'BDAVIS-MAC.local', ip: '192.168.10.124', os.name: 'Mac OS X', os.arch: 'x86_64', os.version: '10.10.2', java.version: '1.7.0_71'
Session ID: d3bd570a-4e09-6045-ad9a-4338d81043ed
Driver info: org.openqa.selenium.firefox.FirefoxDriver
Capabilities [{platform=MAC, acceptSslCerts=true, javascriptEnabled=true, cssSelectorsEnabled=true, databaseEnabled=true, browserName=firefox, handlesAlerts=true, nativeEvents=false, webStorageEnabled=true, rotatable=false, locationContextEnabled=true, applicationCacheEnabled=true, takesScreenshot=true, version=32.0.3}]
	at sun.reflect.NativeConstructorAccessorImpl.newInstance0(Native Method)
	at sun.reflect.NativeConstructorAccessorImpl.newInstance(NativeConstructorAccessorImpl.java:57)
	at sun.reflect.DelegatingConstructorAccessorImpl.newInstance(DelegatingConstructorAccessorImpl.java:45)
	at java.lang.reflect.Constructor.newInstance(Constructor.java:526)
	at org.openqa.selenium.remote.ErrorHandler.createThrowable(ErrorHandler.java:204)
	at org.openqa.selenium.remote.ErrorHandler.throwIfResponseFailed(ErrorHandler.java:156)
	at org.openqa.selenium.remote.RemoteWebDriver.execute(RemoteWebDriver.java:599)
	at org.openqa.selenium.remote.RemoteWebDriver.findElement(RemoteWebDriver.java:352)
	at org.openqa.selenium.remote.RemoteWebDriver.findElementById(RemoteWebDriver.java:393)
	at org.openqa.selenium.By$ById.findElement(By.java:214)
	at org.openqa.selenium.remote.RemoteWebDriver.findElement(RemoteWebDriver.java:344)
	at systest.net.saisoft.selenium.dataDriver_TestNG2.f(dataDriver_TestNG2.java:17)
	at sun.reflect.NativeMethodAccessorImpl.invoke0(Native Method)
	at sun.reflect.NativeMethodAccessorImpl.invoke(NativeMethodAccessorImpl.java:57)
	at sun.reflect.DelegatingMethodAccessorImpl.invoke(DelegatingMethodAccessorImpl.java:43)
	at java.lang.reflect.Method.invoke(Method.java:606)
	at org.testng.internal.MethodInvocationHelper.invokeMethod(MethodInvocationHelper.java:84)
	at org.testng.internal.Invoker.invokeMethod(Invoker.java:714)
	at org.testng.internal.Invoker.invokeTestMethod(Invoker.java:901)
	at org.testng.internal.Invoker.invokeTestMethods(Invoker.java:1231)
	at org.testng.internal.TestMethodWorker.invokeTestMethods(TestMethodWorker.java:127)
	at org.testng.internal.TestMethodWorker.run(TestMethodWorker.java:111)
	at org.testng.TestRunner.privateRun(TestRunner.java:767)
	at org.testng.TestRunner.run(TestRunner.java:617)
	at org.testng.SuiteRunner.runTest(SuiteRunner.java:334)
	at org.testng.SuiteRunner.runSequentially(SuiteRunner.java:329)
	at org.testng.SuiteRunner.privateRun(SuiteRunner.java:291)
	at org.testng.SuiteRunner.run(SuiteRunner.java:240)
	at org.testng.SuiteRunnerWorker.runSuite(SuiteRunnerWorker.java:52)
	at org.testng.SuiteRunnerWorker.run(SuiteRunnerWorker.java:86)
	at org.testng.TestNG.runSuitesSequentially(TestNG.java:1224)
	at org.testng.TestNG.runSuitesLocally(TestNG.java:1149)
	at org.testng.TestNG.run(TestNG.java:1057)
	at org.testng.remote.RemoteTestNG.run(RemoteTestNG.java:111)
	at org.testng.remote.RemoteTestNG.initAndRun(RemoteTestNG.java:204)
	at org.testng.remote.RemoteTestNG.main(RemoteTestNG.java:175)
Caused by: org.openqa.selenium.NoSuchElementException: Unable to locate element: {"method":"id","selector":"firstName"}
For documentation on this error, please visit: http://seleniumhq.org/exceptions/no_such_element.html
Build info: version: '2.44.0', revision: '76d78cf323ce037c5f92db6c1bba601c2ac43ad8', time: '2014-10-23 13:11:40'
System info: host: 'BDAVIS-MAC.local', ip: '192.168.10.124', os.name: 'Mac OS X', os.arch: 'x86_64', os.version: '10.10.2', java.version: '1.7.0_71'
Driver info: driver.version: unknown
	at <anonymous class>.FirefoxDriver.prototype.findElementInternal_(file:///var/folders/ws/hb0qj1dx1vgc2dc3770lm0s1l61c2y/T/anonymous9200678269044907360webdriver-profile/extensions/fxdriver@googlecode.com/components/driver-component.js:9641:133)
	at <anonymous class>.FirefoxDriver.prototype.findElement(file:///var/folders/ws/hb0qj1dx1vgc2dc3770lm0s1l61c2y/T/anonymous9200678269044907360webdriver-profile/extensions/fxdriver@googlecode.com/components/driver-component.js:9650:3)
	at <anonymous class>.DelayedCommand.prototype.executeInternal_/h(file:///var/folders/ws/hb0qj1dx1vgc2dc3770lm0s1l61c2y/T/anonymous9200678269044907360webdriver-profile/extensions/fxdriver@googlecode.com/components/command-processor.js:11635:16)
	at <anonymous class>.DelayedCommand.prototype.executeInternal_(file:///var/folders/ws/hb0qj1dx1vgc2dc3770lm0s1l61c2y/T/anonymous9200678269044907360webdriver-profile/extensions/fxdriver@googlecode.com/components/command-processor.js:11640:7)
	at <anonymous class>.DelayedCommand.prototype.execute/<(file:///var/folders/ws/hb0qj1dx1vgc2dc3770lm0s1l61c2y/T/anonymous9200678269044907360webdriver-profile/extensions/fxdriver@googlecode.com/components/command-processor.js:11582:5)
]]>
            </full-stacktrace>
          </exception> <!-- org.openqa.selenium.NoSuchElementException -->
          <reporter-output>
          </reporter-output>
        </test-method> <!-- f -->
      </class> <!-- systest.net.saisoft.selenium.dataDriver_TestNG2 -->
      <class name="TestNGOnePackage.ClassOne">
        <test-method status="PASS" signature="MethodThree()[pri:0, instance:TestNGOnePackage.ClassOne@13a2ce7]" name="MethodThree" duration-ms="2881" started-at="2015-02-20T12:24:05Z" finished-at="2015-02-20T12:24:08Z">
          <reporter-output>
          </reporter-output>
        </test-method> <!-- MethodThree -->
        <test-method status="PASS" signature="One()[pri:0, instance:TestNGOnePackage.ClassOne@13a2ce7]" name="One" duration-ms="1160" started-at="2015-02-20T12:24:08Z" finished-at="2015-02-20T12:24:09Z">
          <reporter-output>
          </reporter-output>
        </test-method> <!-- One -->
        <test-method status="PASS" signature="MethodTwo()[pri:0, instance:TestNGOnePackage.ClassOne@13a2ce7]" name="MethodTwo" duration-ms="2453" started-at="2015-02-20T12:24:09Z" finished-at="2015-02-20T12:24:12Z">
          <reporter-output>
          </reporter-output>
        </test-method> <!-- MethodTwo -->
        <test-method status="PASS" signature="MethodOne()[pri:0, instance:TestNGOnePackage.ClassOne@13a2ce7]" name="MethodOne" duration-ms="3714" started-at="2015-02-20T12:24:12Z" finished-at="2015-02-20T12:24:15Z">
          <reporter-output>
          </reporter-output>
        </test-method> <!-- MethodOne -->
      </class> <!-- TestNGOnePackage.ClassOne -->
      <class name="systest.net.saisoft.selenium.dataDriver_TestNG3">
        <test-method status="FAIL" signature="f(java.lang.String, java.lang.String, java.lang.String, java.lang.String)[pri:0, instance:systest.net.saisoft.selenium.dataDriver_TestNG3@333d314e]" name="f" duration-ms="1740" started-at="2015-02-20T12:24:02Z" data-provider="dp" finished-at="2015-02-20T12:24:03Z">
          <params>
            <param index="0">
              <value>
                <![CDATA[first name]]>
              </value>
            </param>
            <param index="1">
              <value>
                <![CDATA[last name]]>
              </value>
            </param>
            <param index="2">
              <value>
                <![CDATA[email again]]>
              </value>
            </param>
            <param index="3">
              <value>
                <![CDATA[13]]>
              </value>
            </param>
          </params>
          <exception class="org.openqa.selenium.NoSuchElementException">
            <message>
              <![CDATA[Unable to locate element: {"method":"id","selector":"firstName"}
Command duration or timeout: 21 milliseconds
For documentation on this error, please visit: http://seleniumhq.org/exceptions/no_such_element.html
Build info: version: '2.44.0', revision: '76d78cf323ce037c5f92db6c1bba601c2ac43ad8', time: '2014-10-23 13:11:40'
System info: host: 'BDAVIS-MAC.local', ip: '192.168.10.124', os.name: 'Mac OS X', os.arch: 'x86_64', os.version: '10.10.2', java.version: '1.7.0_71'
Session ID: 62e73628-98a5-d347-8cf5-e355c56b3574
Driver info: org.openqa.selenium.firefox.FirefoxDriver
Capabilities [{platform=MAC, acceptSslCerts=true, javascriptEnabled=true, cssSelectorsEnabled=true, databaseEnabled=true, browserName=firefox, handlesAlerts=true, nativeEvents=false, webStorageEnabled=true, rotatable=false, locationContextEnabled=true, applicationCacheEnabled=true, takesScreenshot=true, version=32.0.3}]]]>
            </message>
            <full-stacktrace>
              <![CDATA[org.openqa.selenium.NoSuchElementException: Unable to locate element: {"method":"id","selector":"firstName"}
Command duration or timeout: 21 milliseconds
For documentation on this error, please visit: http://seleniumhq.org/exceptions/no_such_element.html
Build info: version: '2.44.0', revision: '76d78cf323ce037c5f92db6c1bba601c2ac43ad8', time: '2014-10-23 13:11:40'
System info: host: 'BDAVIS-MAC.local', ip: '192.168.10.124', os.name: 'Mac OS X', os.arch: 'x86_64', os.version: '10.10.2', java.version: '1.7.0_71'
Session ID: 62e73628-98a5-d347-8cf5-e355c56b3574
Driver info: org.openqa.selenium.firefox.FirefoxDriver
Capabilities [{platform=MAC, acceptSslCerts=true, javascriptEnabled=true, cssSelectorsEnabled=true, databaseEnabled=true, browserName=firefox, handlesAlerts=true, nativeEvents=false, webStorageEnabled=true, rotatable=false, locationContextEnabled=true, applicationCacheEnabled=true, takesScreenshot=true, version=32.0.3}]
	at sun.reflect.NativeConstructorAccessorImpl.newInstance0(Native Method)
	at sun.reflect.NativeConstructorAccessorImpl.newInstance(NativeConstructorAccessorImpl.java:57)
	at sun.reflect.DelegatingConstructorAccessorImpl.newInstance(DelegatingConstructorAccessorImpl.java:45)
	at java.lang.reflect.Constructor.newInstance(Constructor.java:526)
	at org.openqa.selenium.remote.ErrorHandler.createThrowable(ErrorHandler.java:204)
	at org.openqa.selenium.remote.ErrorHandler.throwIfResponseFailed(ErrorHandler.java:156)
	at org.openqa.selenium.remote.RemoteWebDriver.execute(RemoteWebDriver.java:599)
	at org.openqa.selenium.remote.RemoteWebDriver.findElement(RemoteWebDriver.java:352)
	at org.openqa.selenium.remote.RemoteWebDriver.findElementById(RemoteWebDriver.java:393)
	at org.openqa.selenium.By$ById.findElement(By.java:214)
	at org.openqa.selenium.remote.RemoteWebDriver.findElement(RemoteWebDriver.java:344)
	at systest.net.saisoft.selenium.dataDriver_TestNG3.f(dataDriver_TestNG3.java:16)
	at sun.reflect.NativeMethodAccessorImpl.invoke0(Native Method)
	at sun.reflect.NativeMethodAccessorImpl.invoke(NativeMethodAccessorImpl.java:57)
	at sun.reflect.DelegatingMethodAccessorImpl.invoke(DelegatingMethodAccessorImpl.java:43)
	at java.lang.reflect.Method.invoke(Method.java:606)
	at org.testng.internal.MethodInvocationHelper.invokeMethod(MethodInvocationHelper.java:84)
	at org.testng.internal.Invoker.invokeMethod(Invoker.java:714)
	at org.testng.internal.Invoker.invokeTestMethod(Invoker.java:901)
	at org.testng.internal.Invoker.invokeTestMethods(Invoker.java:1231)
	at org.testng.internal.TestMethodWorker.invokeTestMethods(TestMethodWorker.java:127)
	at org.testng.internal.TestMethodWorker.run(TestMethodWorker.java:111)
	at org.testng.TestRunner.privateRun(TestRunner.java:767)
	at org.testng.TestRunner.run(TestRunner.java:617)
	at org.testng.SuiteRunner.runTest(SuiteRunner.java:334)
	at org.testng.SuiteRunner.runSequentially(SuiteRunner.java:329)
	at org.testng.SuiteRunner.privateRun(SuiteRunner.java:291)
	at org.testng.SuiteRunner.run(SuiteRunner.java:240)
	at org.testng.SuiteRunnerWorker.runSuite(SuiteRunnerWorker.java:52)
	at org.testng.SuiteRunnerWorker.run(SuiteRunnerWorker.java:86)
	at org.testng.TestNG.runSuitesSequentially(TestNG.java:1224)
	at org.testng.TestNG.runSuitesLocally(TestNG.java:1149)
	at org.testng.TestNG.run(TestNG.java:1057)
	at org.testng.remote.RemoteTestNG.run(RemoteTestNG.java:111)
	at org.testng.remote.RemoteTestNG.initAndRun(RemoteTestNG.java:204)
	at org.testng.remote.RemoteTestNG.main(RemoteTestNG.java:175)
Caused by: org.openqa.selenium.NoSuchElementException: Unable to locate element: {"method":"id","selector":"firstName"}
For documentation on this error, please visit: http://seleniumhq.org/exceptions/no_such_element.html
Build info: version: '2.44.0', revision: '76d78cf323ce037c5f92db6c1bba601c2ac43ad8', time: '2014-10-23 13:11:40'
System info: host: 'BDAVIS-MAC.local', ip: '192.168.10.124', os.name: 'Mac OS X', os.arch: 'x86_64', os.version: '10.10.2', java.version: '1.7.0_71'
Driver info: driver.version: unknown
	at <anonymous class>.FirefoxDriver.prototype.findElementInternal_(file:///var/folders/ws/hb0qj1dx1vgc2dc3770lm0s1l61c2y/T/anonymous490463221402029535webdriver-profile/extensions/fxdriver@googlecode.com/components/driver-component.js:9641:133)
	at <anonymous class>.FirefoxDriver.prototype.findElement(file:///var/folders/ws/hb0qj1dx1vgc2dc3770lm0s1l61c2y/T/anonymous490463221402029535webdriver-profile/extensions/fxdriver@googlecode.com/components/driver-component.js:9650:3)
	at <anonymous class>.DelayedCommand.prototype.executeInternal_/h(file:///var/folders/ws/hb0qj1dx1vgc2dc3770lm0s1l61c2y/T/anonymous490463221402029535webdriver-profile/extensions/fxdriver@googlecode.com/components/command-processor.js:11635:16)
	at <anonymous class>.DelayedCommand.prototype.executeInternal_(file:///var/folders/ws/hb0qj1dx1vgc2dc3770lm0s1l61c2y/T/anonymous490463221402029535webdriver-profile/extensions/fxdriver@googlecode.com/components/command-processor.js:11640:7)
	at <anonymous class>.DelayedCommand.prototype.execute/<(file:///var/folders/ws/hb0qj1dx1vgc2dc3770lm0s1l61c2y/T/anonymous490463221402029535webdriver-profile/extensions/fxdriver@googlecode.com/components/command-processor.js:11582:5)
]]>
            </full-stacktrace>
          </exception> <!-- org.openqa.selenium.NoSuchElementException -->
          <reporter-output>
          </reporter-output>
        </test-method> <!-- f -->
        <test-method status="FAIL" signature="f(java.lang.String, java.lang.String, java.lang.String, java.lang.String)[pri:0, instance:systest.net.saisoft.selenium.dataDriver_TestNG3@333d314e]" name="f" duration-ms="1781" started-at="2015-02-20T12:24:03Z" data-provider="dp" finished-at="2015-02-20T12:24:05Z">
          <params>
            <param index="0">
              <value>
                <![CDATA[first name again]]>
              </value>
            </param>
            <param index="1">
              <value>
                <![CDATA[last name again]]>
              </value>
            </param>
            <param index="2">
              <value>
                <![CDATA[email second]]>
              </value>
            </param>
            <param index="3">
              <value>
                <![CDATA[15]]>
              </value>
            </param>
          </params>
          <exception class="org.openqa.selenium.NoSuchElementException">
            <message>
              <![CDATA[Unable to locate element: {"method":"id","selector":"firstName"}
Command duration or timeout: 23 milliseconds
For documentation on this error, please visit: http://seleniumhq.org/exceptions/no_such_element.html
Build info: version: '2.44.0', revision: '76d78cf323ce037c5f92db6c1bba601c2ac43ad8', time: '2014-10-23 13:11:40'
System info: host: 'BDAVIS-MAC.local', ip: '192.168.10.124', os.name: 'Mac OS X', os.arch: 'x86_64', os.version: '10.10.2', java.version: '1.7.0_71'
Session ID: 31379a04-93d0-f044-b76a-b8e6f94f6ab7
Driver info: org.openqa.selenium.firefox.FirefoxDriver
Capabilities [{platform=MAC, acceptSslCerts=true, javascriptEnabled=true, cssSelectorsEnabled=true, databaseEnabled=true, browserName=firefox, handlesAlerts=true, nativeEvents=false, webStorageEnabled=true, rotatable=false, locationContextEnabled=true, applicationCacheEnabled=true, takesScreenshot=true, version=32.0.3}]]]>
            </message>
            <full-stacktrace>
              <![CDATA[org.openqa.selenium.NoSuchElementException: Unable to locate element: {"method":"id","selector":"firstName"}
Command duration or timeout: 23 milliseconds
For documentation on this error, please visit: http://seleniumhq.org/exceptions/no_such_element.html
Build info: version: '2.44.0', revision: '76d78cf323ce037c5f92db6c1bba601c2ac43ad8', time: '2014-10-23 13:11:40'
System info: host: 'BDAVIS-MAC.local', ip: '192.168.10.124', os.name: 'Mac OS X', os.arch: 'x86_64', os.version: '10.10.2', java.version: '1.7.0_71'
Session ID: 31379a04-93d0-f044-b76a-b8e6f94f6ab7
Driver info: org.openqa.selenium.firefox.FirefoxDriver
Capabilities [{platform=MAC, acceptSslCerts=true, javascriptEnabled=true, cssSelectorsEnabled=true, databaseEnabled=true, browserName=firefox, handlesAlerts=true, nativeEvents=false, webStorageEnabled=true, rotatable=false, locationContextEnabled=true, applicationCacheEnabled=true, takesScreenshot=true, version=32.0.3}]
	at sun.reflect.NativeConstructorAccessorImpl.newInstance0(Native Method)
	at sun.reflect.NativeConstructorAccessorImpl.newInstance(NativeConstructorAccessorImpl.java:57)
	at sun.reflect.DelegatingConstructorAccessorImpl.newInstance(DelegatingConstructorAccessorImpl.java:45)
	at java.lang.reflect.Constructor.newInstance(Constructor.java:526)
	at org.openqa.selenium.remote.ErrorHandler.createThrowable(ErrorHandler.java:204)
	at org.openqa.selenium.remote.ErrorHandler.throwIfResponseFailed(ErrorHandler.java:156)
	at org.openqa.selenium.remote.RemoteWebDriver.execute(RemoteWebDriver.java:599)
	at org.openqa.selenium.remote.RemoteWebDriver.findElement(RemoteWebDriver.java:352)
	at org.openqa.selenium.remote.RemoteWebDriver.findElementById(RemoteWebDriver.java:393)
	at org.openqa.selenium.By$ById.findElement(By.java:214)
	at org.openqa.selenium.remote.RemoteWebDriver.findElement(RemoteWebDriver.java:344)
	at systest.net.saisoft.selenium.dataDriver_TestNG3.f(dataDriver_TestNG3.java:16)
	at sun.reflect.NativeMethodAccessorImpl.invoke0(Native Method)
	at sun.reflect.NativeMethodAccessorImpl.invoke(NativeMethodAccessorImpl.java:57)
	at sun.reflect.DelegatingMethodAccessorImpl.invoke(DelegatingMethodAccessorImpl.java:43)
	at java.lang.reflect.Method.invoke(Method.java:606)
	at org.testng.internal.MethodInvocationHelper.invokeMethod(MethodInvocationHelper.java:84)
	at org.testng.internal.Invoker.invokeMethod(Invoker.java:714)
	at org.testng.internal.Invoker.invokeTestMethod(Invoker.java:901)
	at org.testng.internal.Invoker.invokeTestMethods(Invoker.java:1231)
	at org.testng.internal.TestMethodWorker.invokeTestMethods(TestMethodWorker.java:127)
	at org.testng.internal.TestMethodWorker.run(TestMethodWorker.java:111)
	at org.testng.TestRunner.privateRun(TestRunner.java:767)
	at org.testng.TestRunner.run(TestRunner.java:617)
	at org.testng.SuiteRunner.runTest(SuiteRunner.java:334)
	at org.testng.SuiteRunner.runSequentially(SuiteRunner.java:329)
	at org.testng.SuiteRunner.privateRun(SuiteRunner.java:291)
	at org.testng.SuiteRunner.run(SuiteRunner.java:240)
	at org.testng.SuiteRunnerWorker.runSuite(SuiteRunnerWorker.java:52)
	at org.testng.SuiteRunnerWorker.run(SuiteRunnerWorker.java:86)
	at org.testng.TestNG.runSuitesSequentially(TestNG.java:1224)
	at org.testng.TestNG.runSuitesLocally(TestNG.java:1149)
	at org.testng.TestNG.run(TestNG.java:1057)
	at org.testng.remote.RemoteTestNG.run(RemoteTestNG.java:111)
	at org.testng.remote.RemoteTestNG.initAndRun(RemoteTestNG.java:204)
	at org.testng.remote.RemoteTestNG.main(RemoteTestNG.java:175)
Caused by: org.openqa.selenium.NoSuchElementException: Unable to locate element: {"method":"id","selector":"firstName"}
For documentation on this error, please visit: http://seleniumhq.org/exceptions/no_such_element.html
Build info: version: '2.44.0', revision: '76d78cf323ce037c5f92db6c1bba601c2ac43ad8', time: '2014-10-23 13:11:40'
System info: host: 'BDAVIS-MAC.local', ip: '192.168.10.124', os.name: 'Mac OS X', os.arch: 'x86_64', os.version: '10.10.2', java.version: '1.7.0_71'
Driver info: driver.version: unknown
	at <anonymous class>.FirefoxDriver.prototype.findElementInternal_(file:///var/folders/ws/hb0qj1dx1vgc2dc3770lm0s1l61c2y/T/anonymous9187247815764279557webdriver-profile/extensions/fxdriver@googlecode.com/components/driver-component.js:9641:133)
	at <anonymous class>.FirefoxDriver.prototype.findElement(file:///var/folders/ws/hb0qj1dx1vgc2dc3770lm0s1l61c2y/T/anonymous9187247815764279557webdriver-profile/extensions/fxdriver@googlecode.com/components/driver-component.js:9650:3)
	at <anonymous class>.DelayedCommand.prototype.executeInternal_/h(file:///var/folders/ws/hb0qj1dx1vgc2dc3770lm0s1l61c2y/T/anonymous9187247815764279557webdriver-profile/extensions/fxdriver@googlecode.com/components/command-processor.js:11635:16)
	at <anonymous class>.DelayedCommand.prototype.executeInternal_(file:///var/folders/ws/hb0qj1dx1vgc2dc3770lm0s1l61c2y/T/anonymous9187247815764279557webdriver-profile/extensions/fxdriver@googlecode.com/components/command-processor.js:11640:7)
	at <anonymous class>.DelayedCommand.prototype.execute/<(file:///var/folders/ws/hb0qj1dx1vgc2dc3770lm0s1l61c2y/T/anonymous9187247815764279557webdriver-profile/extensions/fxdriver@googlecode.com/components/command-processor.js:11582:5)
]]>
            </full-stacktrace>
          </exception> <!-- org.openqa.selenium.NoSuchElementException -->
          <reporter-output>
          </reporter-output>
        </test-method> <!-- f -->
      </class> <!-- systest.net.saisoft.selenium.dataDriver_TestNG3 -->
      <class name="TestNGTwoPackage.ClassThree">
        <test-method status="PASS" signature="f()[pri:0, instance:TestNGTwoPackage.ClassThree@5a89a850]" name="f" duration-ms="0" started-at="2015-02-20T12:24:18Z" finished-at="2015-02-20T12:24:18Z">
          <reporter-output>
          </reporter-output>
        </test-method> <!-- f -->
      </class> <!-- TestNGTwoPackage.ClassThree -->
      <class name="TestNGOnePackage.ClassThree">
        <test-method status="PASS" signature="f()[pri:0, instance:TestNGOnePackage.ClassThree@175c13db]" name="f" duration-ms="0" started-at="2015-02-20T12:24:15Z" finished-at="2015-02-20T12:24:15Z">
          <reporter-output>
          </reporter-output>
        </test-method> <!-- f -->
      </class> <!-- TestNGOnePackage.ClassThree -->
    </test> <!-- Package Exclude -->
    <test name="Test In FireFox" duration-ms="2120" started-at="2015-02-20T17:24:24Z" finished-at="2015-02-20T17:24:26Z">
      <class name="TestNGThreePackage.ClassThree">
        <test-method status="PASS" signature="setup(java.lang.String)[pri:0, instance:TestNGThreePackage.ClassThree@6609986c]" name="setup" is-config="true" duration-ms="2021" started-at="2015-02-20T12:24:24Z" finished-at="2015-02-20T12:24:26Z">
          <params>
            <param index="0">
              <value>
                <![CDATA[FFX]]>
              </value>
            </param>
          </params>
          <reporter-output>
          </reporter-output>
        </test-method> <!-- setup -->
        <test-method status="PASS" signature="GetPageTitle()[pri:0, instance:TestNGThreePackage.ClassThree@6609986c]" name="GetPageTitle" duration-ms="18" started-at="2015-02-20T12:24:26Z" finished-at="2015-02-20T12:24:26Z">
          <reporter-output>
          </reporter-output>
        </test-method> <!-- GetPageTitle -->
        <test-method status="PASS" signature="closeBrowsers()[pri:0, instance:TestNGThreePackage.ClassThree@6609986c]" name="closeBrowsers" is-config="true" duration-ms="81" started-at="2015-02-20T12:24:26Z" finished-at="2015-02-20T12:24:26Z">
          <reporter-output>
          </reporter-output>
        </test-method> <!-- closeBrowsers -->
      </class> <!-- TestNGThreePackage.ClassThree -->
    </test> <!-- Test In FireFox -->
    <test name="Test In Google Chrome" duration-ms="2602" started-at="2015-02-20T17:24:26Z" finished-at="2015-02-20T17:24:29Z">
      <class name="TestNGThreePackage.ClassThree">
        <test-method status="PASS" signature="setup(java.lang.String)[pri:0, instance:TestNGThreePackage.ClassThree@718d6483]" name="setup" is-config="true" duration-ms="2020" started-at="2015-02-20T12:24:26Z" finished-at="2015-02-20T12:24:28Z">
          <params>
            <param index="0">
              <value>
                <![CDATA[CRM]]>
              </value>
            </param>
          </params>
          <reporter-output>
          </reporter-output>
        </test-method> <!-- setup -->
        <test-method status="PASS" signature="GetPageTitle()[pri:0, instance:TestNGThreePackage.ClassThree@718d6483]" name="GetPageTitle" duration-ms="8" started-at="2015-02-20T12:24:28Z" finished-at="2015-02-20T12:24:28Z">
          <reporter-output>
          </reporter-output>
        </test-method> <!-- GetPageTitle -->
        <test-method status="PASS" signature="closeBrowsers()[pri:0, instance:TestNGThreePackage.ClassThree@718d6483]" name="closeBrowsers" is-config="true" duration-ms="573" started-at="2015-02-20T12:24:28Z" finished-at="2015-02-20T12:24:29Z">
          <reporter-output>
          </reporter-output>
        </test-method> <!-- closeBrowsers -->
      </class> <!-- TestNGThreePackage.ClassThree -->
      <class name="TestNGOnePackage.AllAnnontations">
        <test-method status="PASS" signature="beforeSuite()[pri:0, instance:TestNGOnePackage.AllAnnontations@3894aa0]" name="beforeSuite" is-config="true" duration-ms="6" started-at="2015-02-20T12:23:57Z" finished-at="2015-02-20T12:23:57Z">
          <reporter-output>
          </reporter-output>
        </test-method> <!-- beforeSuite -->
        <test-method status="PASS" signature="beforeSuite()[pri:0, instance:TestNGOnePackage.TestCase_NG@191765ae]" name="beforeSuite" is-config="true" duration-ms="0" started-at="2015-02-20T12:23:57Z" finished-at="2015-02-20T12:23:57Z">
          <reporter-output>
          </reporter-output>
        </test-method> <!-- beforeSuite -->
        <test-method status="PASS" signature="afterSuite()[pri:0, instance:TestNGOnePackage.TestCase_NG@191765ae]" name="afterSuite" is-config="true" duration-ms="1" started-at="2015-02-20T12:24:29Z" finished-at="2015-02-20T12:24:29Z">
          <reporter-output>
          </reporter-output>
        </test-method> <!-- afterSuite -->
        <test-method status="PASS" signature="afterSuite()[pri:0, instance:TestNGOnePackage.AllAnnontations@3894aa0]" name="afterSuite" is-config="true" duration-ms="0" started-at="2015-02-20T12:24:29Z" finished-at="2015-02-20T12:24:29Z">
          <reporter-output>
          </reporter-output>
        </test-method> <!-- afterSuite -->
      </class> <!-- TestNGOnePackage.AllAnnontations -->
    </test> <!-- Test In Google Chrome -->
  </suite> <!-- Test Suite -->
</testng-results>
